Log file open, 01/02/18 22:23:09
LogWindows: Failed to load 'aqProf.dll' (GetLastError=126)
LogWindows: File 'aqProf.dll' does not exist
LogWindows: Failed to load 'VSPerf140.dll' (GetLastError=126)
LogWindows: File 'VSPerf140.dll' does not exist
LogWindows: Failed to load 'VtuneApi.dll' (GetLastError=126)
LogWindows: File 'VtuneApi.dll' does not exist
LogWindows: Failed to load 'VtuneApi32e.dll' (GetLastError=126)
LogWindows: File 'VtuneApi32e.dll' does not exist
LogInit: Display: Running engine for game: fpstutorial
LogPlatformFile: Not using cached read wrapper
LogInit: Display: RandInit(-459830078) SRandInit(-459830078).
LogInit: Read version file with build ID '3709383'
LogInit: Overriding engine version to CL 3794801, compatible CL 3709383
LogInit: Registered custom module enumerator with build ID '3709383'
LogTaskGraph: Started task graph with 5 named threads and 14 total threads with 3 sets of task threads.
LogStats: Stats thread started at 0.180122
LogD3D11RHI: Aftermath initialized
LogModuleManager: Display: Found up-to-date module file ../../../Engine/Plugins/2D/Paper2D/Binaries/Win64/UE4Editor-Paper2D.dll (API version 3709383).
LogModuleManager: Display: Found up-to-date module file ../../../Engine/Plugins/2D/Paper2D/Binaries/Win64/UE4Editor-Paper2DEditor.dll (API version 3709383).
LogModuleManager: Display: Found up-to-date module file ../../../Engine/Plugins/2D/Paper2D/Binaries/Win64/UE4Editor-PaperSpriteSheetImporter.dll (API version 3709383).
LogModuleManager: Display: Found up-to-date module file ../../../Engine/Plugins/2D/Paper2D/Binaries/Win64/UE4Editor-PaperTiledImporter.dll (API version 3709383).
LogModuleManager: Display: Found up-to-date module file ../../../Engine/Plugins/2D/Paper2D/Binaries/Win64/UE4Editor-SmartSnapping.dll (API version 3709383).
LogModuleManager: Display: Found up-to-date module file ../../../Engine/Plugins/Blendables/LightPropagationVolume/Binaries/Win64/UE4Editor-LightPropagationVolumeRuntime.dll (API version 3709383).
LogModuleManager: Display: Found up-to-date module file ../../../Engine/Plugins/Blendables/LightPropagationVolume/Binaries/Win64/UE4Editor-LightPropagationVolumeEditor.dll (API version 3709383).
LogModuleManager: Display: Found up-to-date module file ../../../Engine/Plugins/Developer/GitSourceControl/Binaries/Win64/UE4Editor-GitSourceControl.dll (API version 3709383).
LogModuleManager: Display: Found up-to-date module file ../../../Engine/Plugins/Developer/PerforceSourceControl/Binaries/Win64/UE4Editor-PerforceSourceControl.dll (API version 3709383).
LogModuleManager: Display: Found up-to-date module file ../../../Engine/Plugins/Developer/SubversionSourceControl/Binaries/Win64/UE4Editor-SubversionSourceControl.dll (API version 3709383).
LogModuleManager: Display: Found up-to-date module file ../../../Engine/Plugins/Developer/UObjectPlugin/Binaries/Win64/UE4Editor-UObjectPlugin.dll (API version 3709383).
LogModuleManager: Display: Found up-to-date module file ../../../Engine/Plugins/Developer/VisualStudioCodeSourceCodeAccess/Binaries/Win64/UE4Editor-VisualStudioCodeSourceCodeAccess.dll (API version 3709383).
LogModuleManager: Display: Found up-to-date module file ../../../Engine/Plugins/Developer/VisualStudioSourceCodeAccess/Binaries/Win64/UE4Editor-VisualStudioSourceCodeAccess.dll (API version 3709383).
LogModuleManager: Display: Found up-to-date module file ../../../Engine/Plugins/Editor/AssetManagerEditor/Binaries/Win64/UE4Editor-AssetManagerEditor.dll (API version 3709383).
LogModuleManager: Display: Found up-to-date module file ../../../Engine/Plugins/Editor/AudioCapture/Binaries/Win64/UE4Editor-AudioCapture.dll (API version 3709383).
LogModuleManager: Display: Found up-to-date module file ../../../Engine/Plugins/Editor/FacialAnimation/Binaries/Win64/UE4Editor-FacialAnimation.dll (API version 3709383).
LogModuleManager: Display: Found up-to-date module file ../../../Engine/Plugins/Editor/FacialAnimation/Binaries/Win64/UE4Editor-FacialAnimationEditor.dll (API version 3709383).
LogModuleManager: Display: Found up-to-date module file ../../../Engine/Plugins/Editor/GameplayTagsEditor/Binaries/Win64/UE4Editor-GameplayTagsEditor.dll (API version 3709383).
LogModuleManager: Display: Found up-to-date module file ../../../Engine/Plugins/Editor/MobileLauncherProfileWizard/Binaries/Win64/UE4Editor-MobileLauncherProfileWizard.dll (API version 3709383).
LogModuleManager: Display: Found up-to-date module file ../../../Engine/Plugins/Editor/PluginBrowser/Binaries/Win64/UE4Editor-PluginBrowser.dll (API version 3709383).
LogModuleManager: Display: Found up-to-date module file ../../../Engine/Plugins/Editor/SpeedTreeImporter/Binaries/Win64/UE4Editor-SpeedTreeImporter.dll (API version 3709383).
LogModuleManager: Display: Found up-to-date module file ../../../Engine/Plugins/Experimental/AlembicImporter/Binaries/Win64/UE4Editor-AlembicImporter.dll (API version 3709383).
LogModuleManager: Display: Found up-to-date module file ../../../Engine/Plugins/Experimental/AlembicImporter/Binaries/Win64/UE4Editor-AlembicLibrary.dll (API version 3709383).
LogModuleManager: Display: Found up-to-date module file ../../../Engine/Plugins/Experimental/CharacterAI/Binaries/Win64/UE4Editor-CharacterAI.dll (API version 3709383).
LogModuleManager: Display: Found up-to-date module file ../../../Engine/Plugins/Experimental/HTML5Networking/Binaries/Win64/UE4Editor-HTML5Networking.dll (API version 3709383).
LogModuleManager: Display: Found up-to-date module file ../../../Engine/Plugins/Media/AndroidMedia/Binaries/Win64/UE4Editor-AndroidMediaEditor.dll (API version 3709383).
LogModuleManager: Display: Found up-to-date module file ../../../Engine/Plugins/Media/AndroidMedia/Binaries/Win64/UE4Editor-AndroidMediaFactory.dll (API version 3709383).
LogModuleManager: Display: Found up-to-date module file ../../../Engine/Plugins/Media/AvfMedia/Binaries/Win64/UE4Editor-AvfMediaEditor.dll (API version 3709383).
LogModuleManager: Display: Found up-to-date module file ../../../Engine/Plugins/Media/AvfMedia/Binaries/Win64/UE4Editor-AvfMediaFactory.dll (API version 3709383).
LogModuleManager: Display: Found up-to-date module file ../../../Engine/Plugins/Media/AvfMedia/Binaries/Win64/UE4Editor-AvfMediaFactory.dll (API version 3709383).
LogModuleManager: Display: Found up-to-date module file ../../../Engine/Plugins/Media/ImgMedia/Binaries/Win64/UE4Editor-ImgMedia.dll (API version 3709383).
LogModuleManager: Display: Found up-to-date module file ../../../Engine/Plugins/Media/ImgMedia/Binaries/Win64/UE4Editor-ImgMediaEditor.dll (API version 3709383).
LogModuleManager: Display: Found up-to-date module file ../../../Engine/Plugins/Media/ImgMedia/Binaries/Win64/UE4Editor-ImgMediaFactory.dll (API version 3709383).
LogModuleManager: Display: Found up-to-date module file ../../../Engine/Plugins/Media/ImgMedia/Binaries/Win64/UE4Editor-ImgMediaFactory.dll (API version 3709383).
LogModuleManager: Display: Found up-to-date module file ../../../Engine/Plugins/Media/ImgMedia/Binaries/Win64/UE4Editor-OpenExrWrapper.dll (API version 3709383).
LogModuleManager: Display: Found up-to-date module file ../../../Engine/Plugins/Media/MediaCompositing/Binaries/Win64/UE4Editor-MediaCompositing.dll (API version 3709383).
LogModuleManager: Display: Found up-to-date module file ../../../Engine/Plugins/Media/MediaCompositing/Binaries/Win64/UE4Editor-MediaCompositingEditor.dll (API version 3709383).
LogModuleManager: Display: Found up-to-date module file ../../../Engine/Plugins/Media/MediaPlayerEditor/Binaries/Win64/UE4Editor-MediaPlayerEditor.dll (API version 3709383).
LogModuleManager: Display: Found up-to-date module file ../../../Engine/Plugins/Media/WmfMedia/Binaries/Win64/UE4Editor-WmfMedia.dll (API version 3709383).
LogModuleManager: Display: Found up-to-date module file ../../../Engine/Plugins/Media/WmfMedia/Binaries/Win64/UE4Editor-WmfMediaEditor.dll (API version 3709383).
LogModuleManager: Display: Found up-to-date module file ../../../Engine/Plugins/Media/WmfMedia/Binaries/Win64/UE4Editor-WmfMediaFactory.dll (API version 3709383).
LogModuleManager: Display: Found up-to-date module file ../../../Engine/Plugins/Media/WmfMedia/Binaries/Win64/UE4Editor-WmfMediaFactory.dll (API version 3709383).
LogModuleManager: Display: Found up-to-date module file ../../../Engine/Plugins/Messaging/TcpMessaging/Binaries/Win64/UE4Editor-TcpMessaging.dll (API version 3709383).
LogModuleManager: Display: Found up-to-date module file ../../../Engine/Plugins/Messaging/UdpMessaging/Binaries/Win64/UE4Editor-UdpMessaging.dll (API version 3709383).
LogModuleManager: Display: Found up-to-date module file ../../../Engine/Plugins/MovieScene/ActorSequence/Binaries/Win64/UE4Editor-ActorSequence.dll (API version 3709383).
LogModuleManager: Display: Found up-to-date module file ../../../Engine/Plugins/MovieScene/LevelSequenceEditor/Binaries/Win64/UE4Editor-LevelSequenceEditor.dll (API version 3709383).
LogModuleManager: Display: Found up-to-date module file ../../../Engine/Plugins/MovieScene/MatineeToLevelSequence/Binaries/Win64/UE4Editor-MatineeToLevelSequence.dll (API version 3709383).
LogModuleManager: Display: Found up-to-date module file ../../../Engine/Plugins/Online/OnlineSubsystem/Binaries/Win64/UE4Editor-OnlineSubsystem.dll (API version 3709383).
LogModuleManager: Display: Found up-to-date module file ../../../Engine/Plugins/Runtime/AndroidPermission/Binaries/Win64/UE4Editor-AndroidPermission.dll (API version 3709383).
LogModuleManager: Display: Found up-to-date module file ../../../Engine/Plugins/Online/OnlineSubsystemNull/Binaries/Win64/UE4Editor-OnlineSubsystemNull.dll (API version 3709383).
LogModuleManager: Display: Found up-to-date module file ../../../Engine/Plugins/Online/OnlineSubsystemUtils/Binaries/Win64/UE4Editor-OnlineSubsystemUtils.dll (API version 3709383).
LogModuleManager: Display: Found up-to-date module file ../../../Engine/Plugins/Online/OnlineSubsystemUtils/Binaries/Win64/UE4Editor-OnlineBlueprintSupport.dll (API version 3709383).
LogModuleManager: Display: Found up-to-date module file ../../../Engine/Plugins/Runtime/AndroidDeviceProfileSelector/Binaries/Win64/UE4Editor-AndroidDeviceProfileSelector.dll (API version 3709383).
LogModuleManager: Display: Found up-to-date module file ../../../Engine/Plugins/Runtime/AppleARKit/Binaries/Win64/UE4Editor-AppleARKit.dll (API version 3709383).
LogModuleManager: Display: Found up-to-date module file ../../../Engine/Plugins/Runtime/ArchVisCharacter/Binaries/Win64/UE4Editor-ArchVisCharacter.dll (API version 3709383).
LogModuleManager: Display: Found up-to-date module file ../../../Engine/Plugins/Runtime/CableComponent/Binaries/Win64/UE4Editor-CableComponent.dll (API version 3709383).
LogModuleManager: Display: Found up-to-date module file ../../../Engine/Plugins/Runtime/CustomMeshComponent/Binaries/Win64/UE4Editor-CustomMeshComponent.dll (API version 3709383).
LogModuleManager: Display: Found up-to-date module file ../../../Engine/Plugins/Runtime/ExampleDeviceProfileSelector/Binaries/Win64/UE4Editor-ExampleDeviceProfileSelector.dll (API version 3709383).
LogModuleManager: Display: Found up-to-date module file ../../../Engine/Plugins/Runtime/ImmediatePhysics/Binaries/Win64/UE4Editor-ImmediatePhysics.dll (API version 3709383).
LogModuleManager: Display: Found up-to-date module file ../../../Engine/Plugins/Runtime/ImmediatePhysics/Binaries/Win64/UE4Editor-ImmediatePhysicsEditor.dll (API version 3709383).
LogModuleManager: Display: Found up-to-date module file ../../../Engine/Plugins/Runtime/LocationServicesBPLibrary/Binaries/Win64/UE4Editor-LocationServicesBPLibrary.dll (API version 3709383).
LogModuleManager: Display: Found up-to-date module file ../../../Engine/Plugins/Runtime/MobilePatchingUtils/Binaries/Win64/UE4Editor-MobilePatchingUtils.dll (API version 3709383).
LogModuleManager: Display: Found up-to-date module file ../../../Engine/Plugins/Runtime/Oculus/OculusVR/Binaries/Win64/UE4Editor-OculusHMD.dll (API version 3709383).
LogModuleManager: Display: Found up-to-date module file ../../../Engine/Plugins/Runtime/Oculus/OculusVR/Binaries/Win64/UE4Editor-OculusInput.dll (API version 3709383).
LogModuleManager: Display: Found up-to-date module file ../../../Engine/Plugins/Runtime/Oculus/OculusVR/Binaries/Win64/UE4Editor-OculusEditor.dll (API version 3709383).
LogModuleManager: Display: Found up-to-date module file ../../../Engine/Plugins/Runtime/PhysXVehicles/Binaries/Win64/UE4Editor-PhysXVehicles.dll (API version 3709383).
LogModuleManager: Display: Found up-to-date module file ../../../Engine/Plugins/Runtime/PhysXVehicles/Binaries/Win64/UE4Editor-PhysXVehiclesEditor.dll (API version 3709383).
LogModuleManager: Display: Found up-to-date module file ../../../Engine/Plugins/Runtime/ProceduralMeshComponent/Binaries/Win64/UE4Editor-ProceduralMeshComponent.dll (API version 3709383).
LogModuleManager: Display: Found up-to-date module file ../../../Engine/Plugins/Runtime/ProceduralMeshComponent/Binaries/Win64/UE4Editor-ProceduralMeshComponentEditor.dll (API version 3709383).
LogModuleManager: Display: Found up-to-date module file ../../../Engine/Plugins/Runtime/RuntimePhysXCooking/Binaries/Win64/UE4Editor-RuntimePhysXCooking.dll (API version 3709383).
LogModuleManager: Display: Found up-to-date module file ../../../Engine/Plugins/Runtime/Steam/SteamVR/Binaries/Win64/UE4Editor-SteamVR.dll (API version 3709383).
LogModuleManager: Display: Found up-to-date module file ../../../Engine/Plugins/Runtime/Steam/SteamVR/Binaries/Win64/UE4Editor-SteamVRController.dll (API version 3709383).
LogModuleManager: Display: Found up-to-date module file ../../../Engine/Plugins/Runtime/WindowsMoviePlayer/Binaries/Win64/UE4Editor-WindowsMoviePlayer.dll (API version 3709383).
LogPluginManager: Mounting plugin Paper2D
LogPluginManager: Mounting plugin LightPropagationVolume
LogPluginManager: Mounting plugin CodeLiteSourceCodeAccess
LogPluginManager: Mounting plugin GitSourceControl
LogPluginManager: Mounting plugin KDevelopSourceCodeAccess
LogPluginManager: Mounting plugin NullSourceCodeAccess
LogPluginManager: Mounting plugin PerforceSourceControl
LogPluginManager: Mounting plugin SubversionSourceControl
LogPluginManager: Mounting plugin UObjectPlugin
LogPluginManager: Mounting plugin VisualStudioCodeSourceCodeAccess
LogPluginManager: Mounting plugin VisualStudioSourceCodeAccess
LogPluginManager: Mounting plugin XCodeSourceCodeAccess
LogPluginManager: Mounting plugin AssetManagerEditor
LogPluginManager: Mounting plugin AudioCapture
LogPluginManager: Mounting plugin FacialAnimation
LogPluginManager: Mounting plugin GameplayTagsEditor
LogPluginManager: Mounting plugin MobileLauncherProfileWizard
LogPluginManager: Mounting plugin PluginBrowser
LogPluginManager: Mounting plugin SpeedTreeImporter
LogPluginManager: Mounting plugin AlembicImporter
LogPluginManager: Mounting plugin CharacterAI
LogPluginManager: Mounting plugin HTML5Networking
LogPluginManager: Mounting plugin AndroidMedia
LogPluginManager: Mounting plugin AvfMedia
LogPluginManager: Mounting plugin ImgMedia
LogPluginManager: Mounting plugin MediaCompositing
LogPluginManager: Mounting plugin MediaPlayerEditor
LogPluginManager: Mounting plugin WmfMedia
LogPluginManager: Mounting plugin TcpMessaging
LogPluginManager: Mounting plugin UdpMessaging
LogPluginManager: Mounting plugin ActorSequence
LogPluginManager: Mounting plugin LevelSequenceEditor
LogPluginManager: Mounting plugin MatineeToLevelSequence
LogPluginManager: Mounting plugin OnlineSubsystemGooglePlay
LogPluginManager: Mounting plugin OnlineSubsystemIOS
LogPluginManager: Mounting plugin OnlineSubsystem
LogPluginManager: Mounting plugin OnlineSubsystemNull
LogPluginManager: Mounting plugin OnlineSubsystemUtils
LogPluginManager: Mounting plugin AndroidDeviceProfileSelector
LogPluginManager: Mounting plugin AndroidMoviePlayer
LogPluginManager: Mounting plugin AndroidPermission
LogPluginManager: Mounting plugin AppleARKit
LogPluginManager: Mounting plugin AppleMoviePlayer
LogPluginManager: Mounting plugin ArchVisCharacter
LogPluginManager: Mounting plugin CableComponent
LogPluginManager: Mounting plugin CustomMeshComponent
LogPluginManager: Mounting plugin ExampleDeviceProfileSelector
LogPluginManager: Mounting plugin GoogleCloudMessaging
LogPluginManager: Mounting plugin ImmediatePhysics
LogPluginManager: Mounting plugin IOSDeviceProfileSelector
LogPluginManager: Mounting plugin LinuxDeviceProfileSelector
LogPluginManager: Mounting plugin LocationServicesBPLibrary
LogPluginManager: Mounting plugin MobilePatchingUtils
LogPluginManager: Mounting plugin OculusVR
LogPluginManager: Plugin shader directory ../../../Engine/Plugins/Runtime/Oculus/OculusVR/Shaders found
LogPluginManager: Mapping shader source directory ../../../Engine/Plugins/Runtime/Oculus/OculusVR/Shaders to virtual directory /Plugin/OculusVR
LogPluginManager: Mounting plugin PhysXVehicles
LogPluginManager: Mounting plugin ProceduralMeshComponent
LogPluginManager: Mounting plugin RuntimePhysXCooking
LogPluginManager: Mounting plugin SteamVR
LogPluginManager: Mounting plugin WindowsMoviePlayer
LogInit: Using libcurl 7.47.1
LogInit:  - built for x86_64-pc-win32
LogInit:  - supports SSL with OpenSSL/1.0.2g
LogInit:  - supports HTTP deflate (compression) using libz 1.2.8
LogInit:  - other features:
LogInit:      CURL_VERSION_SSL
LogInit:      CURL_VERSION_LIBZ
LogInit:      CURL_VERSION_IPV6
LogInit:      CURL_VERSION_ASYNCHDNS
LogInit:      CURL_VERSION_LARGEFILE
LogInit:      CURL_VERSION_IDN
LogInit:  CurlRequestOptions (configurable via config and command line):
LogInit:  - bVerifyPeer = false  - Libcurl will NOT verify peer certificate
LogInit:  - bUseHttpProxy = false  - Libcurl will NOT use HTTP proxy
LogInit:  - bDontReuseConnections = false  - Libcurl will reuse connections
LogInit:  - CertBundlePath = nullptr  - Libcurl will use whatever was configured at build time.
LogInit: Build: ++UE4+Release-4.18-CL-3794801
LogInit: Engine Version: 4.18.2-3794801+++UE4+Release-4.18
LogInit: Compatible Engine Version: 4.18.0-3709383+++UE4+Release-4.18
LogInit: Net CL: 3709383
LogDevObjectVersion: Number of dev versions registered: 16
LogDevObjectVersion:   Dev-Blueprints (B0D832E4-1F89-4F0D-ACCF-7EB736FD4AA2): 10
LogDevObjectVersion:   Dev-Build (E1C64328-A22C-4D53-A36C-8E866417BD8C): 0
LogDevObjectVersion:   Dev-Core (375EC13C-06E4-48FB-B500-84F0262A717E): 2
LogDevObjectVersion:   Dev-Editor (E4B068ED-F494-42E9-A231-DA0B2E46BB41): 20
LogDevObjectVersion:   Dev-Framework (CFFC743F-43B0-4480-9391-14DF171D2073): 30
LogDevObjectVersion:   Dev-Mobile (B02B49B5-BB20-44E9-A304-32B752E40360): 0
LogDevObjectVersion:   Dev-Networking (A4E4105C-59A1-49B5-A7C5-40C4547EDFEE): 0
LogDevObjectVersion:   Dev-Online (39C831C9-5AE6-47DC-9A44-9C173E1C8E7C): 0
LogDevObjectVersion:   Dev-Physics (78F01B33-EBEA-4F98-B9B4-84EACCB95AA2): 0
LogDevObjectVersion:   Dev-Platform (6631380F-2D4D-43E0-8009-CF276956A95A): 0
LogDevObjectVersion:   Dev-Rendering (12F88B9F-8875-4AFC-A67C-D90C383ABD29): 20
LogDevObjectVersion:   Dev-Sequencer (7B5AE74C-D270-4C10-A958-57980B212A5A): 4
LogDevObjectVersion:   Dev-VR (D7296918-1DD6-4BDD-9DE2-64A83CC13884): 0
LogDevObjectVersion:   Dev-LoadTimes (C2A15278-BFE7-4AFE-6C17-90FF531DF755): 1
LogDevObjectVersion:   Private-Geometry (6EACA3D4-40EC-4CC1-B786-8BED09428FC5): 1
LogDevObjectVersion:   Dev-AnimPhys (29E575DD-E0A3-4627-9D10-D276232CDCEA): 12
LogInit: Compiled (64-bit): Dec  8 2017 02:04:53
LogInit: Compiled with Visual C++: 19.00.24215.01
LogInit: Build Configuration: Development
LogInit: Branch Name: ++UE4+Release-4.18
LogInit: Command line: -EpicPortal 
LogInit: Base directory: X:/Program Files/Epic Games/UE_4.18/Engine/Binaries/Win64/
LogInit: Installed Engine Build: 1
LogInit: Presizing for max 8388607 objects, including 0 objects not considered by GC, pre-allocating 0 bytes for permanent pool.
LogInit: Object subsystem initialized
[2018.01.03-03.23.10:887][  0]LogInit: Selected Device Profile: [Windows]
[2018.01.03-03.23.10:887][  0]LogInit: Applying CVar settings loaded from the selected device profile: [Windows]
[2018.01.03-03.23.10:899][  0]LogInit: Computer: ACTUAL_PUSSY_DE
[2018.01.03-03.23.10:899][  0]LogInit: User: gameruouqzwh
[2018.01.03-03.23.10:899][  0]LogInit: CPU Page size=4096, Cores=4
[2018.01.03-03.23.10:899][  0]LogInit: High frequency timer resolution =3.914062 MHz
[2018.01.03-03.23.10:899][  0]LogMemory: Memory total: Physical=7.9GB (8GB approx)
[2018.01.03-03.23.10:899][  0]LogMemory: Platform Memory Stats for Windows
[2018.01.03-03.23.10:899][  0]LogMemory: Process Physical Memory: 275.00 MB used, 275.00 MB peak
[2018.01.03-03.23.10:899][  0]LogMemory: Process Virtual Memory: 269.73 MB used, 269.73 MB peak
[2018.01.03-03.23.10:899][  0]LogMemory: Physical Memory: 6369.92 MB used,  1737.23 MB free, 8107.14 MB total
[2018.01.03-03.23.10:899][  0]LogMemory: Virtual Memory: 682.71 MB used,  1737.23 MB free, 134217728.00 MB total
[2018.01.03-03.23.10:993][  0]LogInit: Using OS detected language (en-US).
[2018.01.03-03.23.10:993][  0]LogInit: Using OS detected locale (en-US).
[2018.01.03-03.23.10:996][  0]LogTextLocalizationManager: No specific localization for 'en-US' exists, so the 'en' localization will be used.
[2018.01.03-03.23.11:283][  0]LogInit: Setting process to per monitor DPI aware
[2018.01.03-03.23.11:529][  0]LogD3D11RHI: D3D11 adapters:
[2018.01.03-03.23.11:557][  0]LogD3D11RHI:    0. 'NVIDIA GeForce GTX 1060 6GB' (Feature Level 11_0)
[2018.01.03-03.23.11:557][  0]LogD3D11RHI:       6061/0/4053 MB DedicatedVideo/DedicatedSystem/SharedSystem, Outputs:2, VendorId:0x10de
[2018.01.03-03.23.11:559][  0]LogD3D11RHI:    1. 'Microsoft Basic Render Driver' (Feature Level 11_0)
[2018.01.03-03.23.11:559][  0]LogD3D11RHI:       0/0/4053 MB DedicatedVideo/DedicatedSystem/SharedSystem, Outputs:0, VendorId:0x1414
[2018.01.03-03.23.11:559][  0]LogD3D11RHI: Chosen D3D11 Adapter: 0
[2018.01.03-03.23.11:564][  0]LogD3D11RHI: Creating new Direct3DDevice
[2018.01.03-03.23.11:564][  0]LogD3D11RHI:     GPU DeviceId: 0x1c03 (for the marketing name, search the web for "GPU Device Id")
[2018.01.03-03.23.11:564][  0]LogWindows: EnumDisplayDevices:
[2018.01.03-03.23.11:564][  0]LogWindows:    0. 'NVIDIA GeForce GTX 1060 6GB' (P:1 D:1)
[2018.01.03-03.23.11:564][  0]LogWindows:    1. 'NVIDIA GeForce GTX 1060 6GB' (P:0 D:1)
[2018.01.03-03.23.11:564][  0]LogWindows:    2. 'NVIDIA GeForce GTX 1060 6GB' (P:0 D:0)
[2018.01.03-03.23.11:564][  0]LogWindows:    3. 'NVIDIA GeForce GTX 1060 6GB' (P:0 D:0)
[2018.01.03-03.23.11:564][  0]LogWindows: DebugString: GetVideoDriverDetailsInvalid PrimaryIsNotTheChoosenAdapter GetVideoDriverDetailsInvalid PrimaryIsNotTheChoosenAdapter GetVideoDriverDetailsInvalid PrimaryIsNotTheChoosenAdapter GetVideoDriverDetailsInvalid PrimaryIsNotTheChoosenAdapter FoundDriverCount:0 
[2018.01.03-03.23.11:564][  0]LogD3D11RHI:     Adapter Name: NVIDIA GeForce GTX 1060 6GB
[2018.01.03-03.23.11:564][  0]LogD3D11RHI:   Driver Version: Unknown (internal:Unknown, unified:Unknown)
[2018.01.03-03.23.11:564][  0]LogD3D11RHI:      Driver Date: Unknown
[2018.01.03-03.23.11:564][  0]LogRHI: Texture pool is 4242 MB (70% of 6061 MB)
[2018.01.03-03.23.11:582][  0]LogD3D11RHI: Async texture creation enabled
[2018.01.03-03.23.11:639][  0]LogD3D11RHI: GPU Timing Frequency: 1000.000000 (Debug: 2 1)
[2018.01.03-03.23.11:687][  0]LogShaderCompilers: Guid format shader working directory is -13 characters bigger than the processId version (C:/Users/gamer_uouqzwh/Documents/GitHub/UE4-FPS-Project/fpstutorial/Intermediate/Shaders/WorkingDirectory/8352/).
[2018.01.03-03.23.11:687][  0]LogShaderCompilers: Cleaned the shader compiler working directory 'C:/Users/gamer_uouqzwh/AppData/Local/Temp/UnrealShaderWorkingDir/EFB0D5F2499D175688AABAB8F2E38A65/'.
[2018.01.03-03.23.11:687][  0]LogShaderCompilers: Display: Using Local Shader Compiler.
[2018.01.03-03.23.12:517][  0]LogTemp: Display: Loaded TP AllDesktopTargetPlatform
[2018.01.03-03.23.12:550][  0]LogTemp: Display: Loaded TP MacClientTargetPlatform
[2018.01.03-03.23.12:582][  0]LogTemp: Display: Loaded TP MacNoEditorTargetPlatform
[2018.01.03-03.23.12:616][  0]LogTemp: Display: Loaded TP MacServerTargetPlatform
[2018.01.03-03.23.12:651][  0]LogTemp: Display: Loaded TP MacTargetPlatform
[2018.01.03-03.23.12:688][  0]LogTemp: Display: Loaded TP WindowsClientTargetPlatform
[2018.01.03-03.23.12:723][  0]LogTemp: Display: Loaded TP WindowsNoEditorTargetPlatform
[2018.01.03-03.23.12:755][  0]LogTemp: Display: Loaded TP WindowsServerTargetPlatform
[2018.01.03-03.23.12:783][  0]LogTemp: Display: Loaded TP WindowsTargetPlatform
[2018.01.03-03.23.12:815][  0]LogTemp: Display: Loaded TP Android_ASTCTargetPlatform
[2018.01.03-03.23.12:849][  0]LogTemp: Display: Loaded TP Android_ATCTargetPlatform
[2018.01.03-03.23.12:885][  0]LogTemp: Display: Loaded TP Android_DXTTargetPlatform
[2018.01.03-03.23.12:922][  0]LogTemp: Display: Loaded TP Android_ETC1TargetPlatform
[2018.01.03-03.23.12:961][  0]LogTemp: Display: Loaded TP Android_ETC2TargetPlatform
[2018.01.03-03.23.13:030][  0]LogTemp: Display: Loaded TP Android_MultiTargetPlatform
[2018.01.03-03.23.13:030][  0]LogTemp: Display: Loaded TP Android_PVRTCTargetPlatform
[2018.01.03-03.23.13:063][  0]LogTemp: Display: Loaded TP AndroidTargetPlatform
[2018.01.03-03.23.13:101][  0]LogTemp: Display: Loaded TP HTML5TargetPlatform
[2018.01.03-03.23.13:206][  0]LogTemp: Display: Loaded TP IOSTargetPlatform
[2018.01.03-03.23.13:224][  0]LogTemp: Display: Loaded TP TVOSTargetPlatform
[2018.01.03-03.23.13:265][  0]LogTemp: Display: Loaded TP LinuxClientTargetPlatform
[2018.01.03-03.23.13:306][  0]LogTemp: Display: Loaded TP LinuxNoEditorTargetPlatform
[2018.01.03-03.23.13:345][  0]LogTemp: Display: Loaded TP LinuxServerTargetPlatform
[2018.01.03-03.23.13:385][  0]LogTemp: Display: Loaded TP LinuxTargetPlatform
[2018.01.03-03.23.13:386][  0]LogTargetPlatformManager: Display: Building Assets For Windows
[2018.01.03-03.23.13:666][  0]LogDerivedDataCache: Display: Max Cache Size: 512 MB
[2018.01.03-03.23.13:717][  0]LogDerivedDataCache: Loaded boot cache 0.05s 78MB C:/Users/gamer_uouqzwh/AppData/Local/UnrealEngine/4.18/DerivedDataCache/Boot.ddc.
[2018.01.03-03.23.13:717][  0]LogDerivedDataCache: Display: Loaded Boot cache: C:/Users/gamer_uouqzwh/AppData/Local/UnrealEngine/4.18/DerivedDataCache/Boot.ddc
[2018.01.03-03.23.13:717][  0]LogDerivedDataCache: FDerivedDataBackendGraph:  Pak pak cache file C:/Users/gamer_uouqzwh/Documents/GitHub/UE4-FPS-Project/fpstutorial/DerivedDataCache/DDC.ddp not found, will not use a pak cache.
[2018.01.03-03.23.13:717][  0]LogDerivedDataCache: Unable to find inner node Pak for hierarchical cache Hierarchy.
[2018.01.03-03.23.13:717][  0]LogDerivedDataCache: FDerivedDataBackendGraph:  CompressedPak pak cache file C:/Users/gamer_uouqzwh/Documents/GitHub/UE4-FPS-Project/fpstutorial/DerivedDataCache/Compressed.ddp not found, will not use a pak cache.
[2018.01.03-03.23.13:717][  0]LogDerivedDataCache: Unable to find inner node CompressedPak for hierarchical cache Hierarchy.
[2018.01.03-03.23.13:729][  0]LogDerivedDataCache: Display: Pak cache opened for reading ../../../Engine/DerivedDataCache/Compressed.ddp.
[2018.01.03-03.23.13:740][  0]LogDerivedDataCache: Using Local data cache path C:/Users/gamer_uouqzwh/AppData/Local/UnrealEngine/Common/DerivedDataCache: Writable
[2018.01.03-03.23.13:747][  0]LogMaterial: Verifying Global Shaders for PCD3D_SM5
[2018.01.03-03.23.13:747][  0]LogSlate: Using Freetype 2.6.0
[2018.01.03-03.23.13:748][  0]LogSlate: SlateFontCache - WITH_FREETYPE: 1, WITH_HARFBUZZ: 1
[2018.01.03-03.23.13:748][  0]LogSlate: SlateFontCache - WITH_FREETYPE: 1, WITH_HARFBUZZ: 1
[2018.01.03-03.23.14:048][  0]LogInit: Selected Device Profile: [Windows]
[2018.01.03-03.23.14:275][  0]LogSimplygon: Simplygon DLL not present - disabling.
[2018.01.03-03.23.14:303][  0]LogMeshReduction: Using SimplygonSwarm for distributed automatic mesh merging
[2018.01.03-03.23.14:303][  0]LogMeshReduction: Using QuadricMeshReduction for automatic static mesh reduction
[2018.01.03-03.23.14:303][  0]LogMeshReduction: No automatic skeletal mesh reduction module available
[2018.01.03-03.23.14:303][  0]LogMeshReduction: No automatic mesh merging module available
[2018.01.03-03.23.14:303][  0]LogMeshMerging: No automatic mesh merging module available
[2018.01.03-03.23.14:329][  0]LogNetVersion: fpstutorial , NetCL: 3709383, EngineNetVer: 2, GameNetVer: 0 (Checksum: 724704587)
[2018.01.03-03.23.14:450][  0]LogAssetRegistry: FAssetRegistry took 0.0239 seconds to start up
[2018.01.03-03.23.14:925][  0]LogPackageLocalizationCache: Processed 7 localized package path(s) for 2 prioritized culture(s) in 0.072720 seconds
[2018.01.03-03.23.14:929][  0]LogUObjectArray: 35900 objects as part of root set at end of initial load.
[2018.01.03-03.23.14:929][  0]LogUObjectAllocator: 7372016 out of 0 bytes used by permanent object pool.
[2018.01.03-03.23.14:929][  0]LogUObjectArray: CloseDisregardForGC: 0/0 objects in disregard for GC pool
[2018.01.03-03.23.14:958][  0]LogInit: WinSock: version 1.1 (2.2), MaxSocks=32767, MaxUdp=65467
[2018.01.03-03.23.17:082][  0]LogTcpMessaging: Initializing TcpMessaging bridge
[2018.01.03-03.23.17:113][  0]LogUdpMessaging: Initializing bridge on interface 0.0.0.0:0 to multicast group 230.0.0.1:6666.
[2018.01.03-03.23.17:600][  0]LogMaterial: Uniform references updated for custom material expression Custom.
[2018.01.03-03.23.17:908][  0]SourceControl: Source control is disabled
[2018.01.03-03.23.17:909][  0]SourceControl: Source control is disabled
[2018.01.03-03.23.17:944][  0]SourceControl: Source control is disabled
[2018.01.03-03.23.17:982][  0]SourceControl: Source control is disabled
[2018.01.03-03.23.18:544][  0]LogAndroidPermission: UAndroidPermissionCallbackProxy::GetInstance
[2018.01.03-03.23.18:734][  0]LogOcInput: OculusInput pre-init called
[2018.01.03-03.23.18:930][  0]LogEngine: Initializing Engine...
[2018.01.03-03.23.18:932][  0]LogHMD: Failed to initialize OpenVR with code 110
[2018.01.03-03.23.19:110][  0]LogStats: UGameplayTagsManager::ConstructGameplayTagTree: Construct from data asset -  0.000 s
[2018.01.03-03.23.19:110][  0]LogStats: UGameplayTagsManager::ConstructGameplayTagTree: GameplayTagTreeChangedEvent.Broadcast -  0.000 s
[2018.01.03-03.23.19:231][  0]LogAIModule: Creating AISystem for world Untitled
[2018.01.03-03.23.19:240][  0]LogInit: XAudio2 using 'Speakers (Realtek High Definition Audio)' : 2 channels at 48 kHz using 32 bits per sample (channel mask 0x3)
[2018.01.03-03.23.19:253][  0]LogInit: FAudioDevice initialized.
[2018.01.03-03.23.19:297][  0]LogDerivedDataCache: Saved boot cache 0.04s 78MB C:/Users/gamer_uouqzwh/AppData/Local/UnrealEngine/4.18/DerivedDataCache/Boot.ddc.
[2018.01.03-03.23.19:311][  0]LogInit: Texture streaming: Enabled
[2018.01.03-03.23.19:378][  0]LogEngineSessionManager: EngineSessionManager initialized
[2018.01.03-03.23.19:624][  0]LogInit: Transaction tracking system initialized
[2018.01.03-03.23.19:847][  0]BlueprintLog: New page: Editor Load
[2018.01.03-03.23.20:466][  0]LocalizationService: Localization service is disabled
[2018.01.03-03.23.20:880][  0]LogLinker: Warning: Can't find file '/Game/FirstPersonBP/FirstPersonOverview'
[2018.01.03-03.23.20:880][  0]LogLinker: Warning: Can't find file '/Game/FirstPersonBP/FirstPersonOverview'
[2018.01.03-03.23.20:880][  0]LogUObjectGlobals: Warning: Failed to find object 'Class /Game/FirstPersonBP/FirstPersonOverview.FirstPersonOverview_C'
[2018.01.03-03.23.21:068][  0]LogConsoleResponse: Display: 
[2018.01.03-03.23.21:237][  0]LogCook: Display: Max memory allowance for cook 16384mb min free memory 0mb
[2018.01.03-03.23.21:237][  0]LogCook: Display: Mobile HDR setting 1
[2018.01.03-03.23.21:238][  0]LogGameplayTags: Display: UGameplayTagsManager::DoneAddingNativeTags. DelegateIsBound: 0
[2018.01.03-03.23.21:297][  0]LogFileCache: Scanning file cache for directory 'C:/Users/gamer_uouqzwh/Documents/GitHub/UE4-FPS-Project/fpstutorial/Content/' took 0.06s
[2018.01.03-03.23.22:097][  0]SourceControl: Source control is disabled
[2018.01.03-03.23.22:097][  0]Cmd: MAP LOAD FILE="C:/Users/gamer_uouqzwh/Documents/GitHub/UE4-FPS-Project/fpstutorial/Content/ThirdPersonBP/Maps/ThirdPersonExampleMap.umap" TEMPLATE=0 SHOWPROGRESS=1 FEATURELEVEL=3
[2018.01.03-03.23.22:101][  0]LightingResults: New page: Lighting Build
[2018.01.03-03.23.22:128][  0]MapCheck: New page: Map Check
[2018.01.03-03.23.22:128][  0]LightingResults: New page: Lighting Build
[2018.01.03-03.23.24:696][  0]LogPackageName: Warning: String asset reference "JW_FlameDungeon.FX.SM_FX_Embers" is in short form, which is unsupported and -- even if valid -- resolving it will be really slow.
[2018.01.03-03.23.24:696][  0]LogPackageName: Warning: Please consider resaving package in order to speed-up loading.
[2018.01.03-03.23.24:696][  0]LogPackageName: SearchForPackageOnDisk took   0.137s, but failed to resolve JW_FlameDungeon.
[2018.01.03-03.23.24:696][  0]LogPackageName: Warning: String asset reference "JW_FlameDungeon.FX.SM_FX_Embers" could not be resolved.
[2018.01.03-03.23.24:696][  0]LogPackageName: Warning: String asset reference "JW_FlameDungeon.FX.SM_FogPlane02" is in short form, which is unsupported and -- even if valid -- resolving it will be really slow.
[2018.01.03-03.23.24:696][  0]LogPackageName: Warning: Please consider resaving package in order to speed-up loading.
[2018.01.03-03.23.24:696][  0]LogPackageName: SearchForPackageOnDisk took   0.108s, but failed to resolve JW_FlameDungeon.
[2018.01.03-03.23.24:696][  0]LogPackageName: Warning: String asset reference "JW_FlameDungeon.FX.SM_FogPlane02" could not be resolved.
[2018.01.03-03.23.25:172][  0]LogAIModule: Creating AISystem for world ThirdPersonExampleMap
[2018.01.03-03.23.25:353][  0]LogEditorServer: Finished looking for orphan Actors (0.000 secs)
[2018.01.03-03.23.25:389][  0]Cmd: MAP CHECKDEP NOCLEARLOG
[2018.01.03-03.23.25:446][  0]MapCheck: Map check complete: 0 Error(s), 0 Warning(s), took 56.417ms to complete.
[2018.01.03-03.23.25:446][  0]LogFileHelpers: Loading map 'ThirdPersonExampleMap' took 3.349
[2018.01.03-03.23.26:145][  0]LogPackageName: Warning: String asset reference "StaticMesh'FX_Meshes_IB.SM_Debris_Box_RadialFull'" is in short form, which is unsupported and -- even if valid -- resolving it will be really slow.
[2018.01.03-03.23.26:145][  0]LogPackageName: Warning: Please consider resaving package in order to speed-up loading.
[2018.01.03-03.23.26:145][  0]LogPackageName: SearchForPackageOnDisk took   0.102s, but failed to resolve StaticMesh'FX_Meshes_IB.
[2018.01.03-03.23.26:145][  0]LogPackageName: Warning: String asset reference "StaticMesh'FX_Meshes_IB.SM_Debris_Box_RadialFull'" could not be resolved.
[2018.01.03-03.23.26:145][  0]LogPackageName: Warning: String asset reference "JW_Ice_Mountain.Mesh.SM_SnowBoulder" is in short form, which is unsupported and -- even if valid -- resolving it will be really slow.
[2018.01.03-03.23.26:145][  0]LogPackageName: Warning: Please consider resaving package in order to speed-up loading.
[2018.01.03-03.23.26:145][  0]LogPackageName: SearchForPackageOnDisk took   0.100s, but failed to resolve JW_Ice_Mountain.
[2018.01.03-03.23.26:145][  0]LogPackageName: Warning: String asset reference "JW_Ice_Mountain.Mesh.SM_SnowBoulder" could not be resolved.
[2018.01.03-03.23.26:145][  0]LogPackageName: Warning: String asset reference "FX_Meshes.UI.SM_SelectionMesh_01" is in short form, which is unsupported and -- even if valid -- resolving it will be really slow.
[2018.01.03-03.23.26:145][  0]LogPackageName: Warning: Please consider resaving package in order to speed-up loading.
[2018.01.03-03.23.26:145][  0]LogCollectionManager: Loaded 0 collections in 0.001119 seconds
[2018.01.03-03.23.26:324][  0]LogFileCache: Scanning file cache for directory 'C:/Users/gamer_uouqzwh/Documents/GitHub/UE4-FPS-Project/fpstutorial/Saved/Collections/' took 0.01s
[2018.01.03-03.23.26:324][  0]LogPackageName: SearchForPackageOnDisk took   0.111s, but failed to resolve FX_Meshes.
[2018.01.03-03.23.26:324][  0]LogPackageName: Warning: String asset reference "FX_Meshes.UI.SM_SelectionMesh_01" could not be resolved.
[2018.01.03-03.23.26:324][  0]LogFileCache: Scanning file cache for directory 'C:/Users/gamer_uouqzwh/Documents/GitHub/UE4-FPS-Project/fpstutorial/Content/Developers/gameruouqzwh/Collections/' took 0.01s
[2018.01.03-03.23.26:324][  0]LogPackageName: Warning: String asset reference "FX_Meshes.UI.SM_SelectionMesh_01" is in short form, which is unsupported and -- even if valid -- resolving it will be really slow.
[2018.01.03-03.23.26:324][  0]LogPackageName: Warning: Please consider resaving package in order to speed-up loading.
[2018.01.03-03.23.26:324][  0]LogFileCache: Scanning file cache for directory 'C:/Users/gamer_uouqzwh/Documents/GitHub/UE4-FPS-Project/fpstutorial/Content/Collections/' took 0.01s
[2018.01.03-03.23.26:324][  0]LogPackageName: SearchForPackageOnDisk took   0.112s, but failed to resolve FX_Meshes.
[2018.01.03-03.23.26:324][  0]LogPackageName: Warning: String asset reference "FX_Meshes.UI.SM_SelectionMesh_01" could not be resolved.
[2018.01.03-03.23.26:324][  0]LogCollectionManager: Rebuilt the GUID cache for 0 collections in 0.000000 seconds
[2018.01.03-03.23.26:335][  0]LogContentBrowser: Native class hierarchy populated in 0.0069 seconds. Added 2363 classes and 519 folders.
[2018.01.03-03.23.26:440][  0]LogPackageName: Warning: String asset reference "'FX_Ambient.Meshes.SM_Bats'" is in short form, which is unsupported and -- even if valid -- resolving it will be really slow.
[2018.01.03-03.23.26:440][  0]LogPackageName: Warning: Please consider resaving package in order to speed-up loading.
[2018.01.03-03.23.26:440][  0]LogContentBrowser: Native class hierarchy updated for 'WidgetCarousel' in 0.0002 seconds. Added 0 classes and 0 folders.
[2018.01.03-03.23.27:931][  0]LogPackageName: SearchForPackageOnDisk took   0.106s, but failed to resolve 'FX_Ambient.
[2018.01.03-03.23.27:931][  0]LogPackageName: Warning: String asset reference "'FX_Ambient.Meshes.SM_Bats'" could not be resolved.
[2018.01.03-03.23.27:931][  0]LogPackageName: Warning: String asset reference "CastleEffects.TouchToMoveArrow" is in short form, which is unsupported and -- even if valid -- resolving it will be really slow.
[2018.01.03-03.23.27:931][  0]LogPackageName: Warning: Please consider resaving package in order to speed-up loading.
[2018.01.03-03.23.27:932][  0]LogPackageName: SearchForPackageOnDisk took   0.116s, but failed to resolve CastleEffects.
[2018.01.03-03.23.27:932][  0]LogPackageName: Warning: String asset reference "CastleEffects.TouchToMoveArrow" could not be resolved.
[2018.01.03-03.23.27:932][  0]LogPackageName: Warning: String asset reference "StaticMesh'FX_Meshes.Fire.SM_Dungeon_Pipes_Lava01_Cool'" is in short form, which is unsupported and -- even if valid -- resolving it will be really slow.
[2018.01.03-03.23.27:932][  0]LogPackageName: Warning: Please consider resaving package in order to speed-up loading.
[2018.01.03-03.23.27:932][  0]LogPackageName: SearchForPackageOnDisk took   0.104s, but failed to resolve StaticMesh'FX_Meshes.
[2018.01.03-03.23.27:932][  0]LogPackageName: Warning: String asset reference "StaticMesh'FX_Meshes.Fire.SM_Dungeon_Pipes_Lava01_Cool'" could not be resolved.
[2018.01.03-03.23.27:932][  0]LogPackageName: Warning: String asset reference "m_FogSheet_02" is in short form, which is unsupported and -- even if valid -- resolving it will be really slow.
[2018.01.03-03.23.27:932][  0]LogPackageName: Warning: Please consider resaving package in order to speed-up loading.
[2018.01.03-03.23.27:932][  0]LogPackageName: SearchForPackageOnDisk took   0.099s to resolve m_FogSheet_02.
[2018.01.03-03.23.27:932][  0]LogPackageName: Warning: String asset reference "FX_Test_LAN.Meshes.SM_IceWall01" is in short form, which is unsupported and -- even if valid -- resolving it will be really slow.
[2018.01.03-03.23.27:932][  0]LogPackageName: Warning: Please consider resaving package in order to speed-up loading.
[2018.01.03-03.23.27:932][  0]LogPackageName: SearchForPackageOnDisk took   0.102s, but failed to resolve FX_Test_LAN.
[2018.01.03-03.23.27:932][  0]LogPackageName: Warning: String asset reference "FX_Test_LAN.Meshes.SM_IceWall01" could not be resolved.
[2018.01.03-03.23.27:932][  0]LogPackageName: Warning: String asset reference "m_FogSheet_02" is in short form, which is unsupported and -- even if valid -- resolving it will be really slow.
[2018.01.03-03.23.27:932][  0]LogPackageName: Warning: Please consider resaving package in order to speed-up loading.
[2018.01.03-03.23.27:932][  0]LogPackageName: SearchForPackageOnDisk took   0.101s to resolve m_FogSheet_02.
[2018.01.03-03.23.27:932][  0]LogPackageName: Warning: String asset reference "m_FogSheet_02" is in short form, which is unsupported and -- even if valid -- resolving it will be really slow.
[2018.01.03-03.23.27:932][  0]LogPackageName: Warning: Please consider resaving package in order to speed-up loading.
[2018.01.03-03.23.27:932][  0]LogContentBrowser: Native class hierarchy updated for 'AddContentDialog' in 0.0002 seconds. Added 0 classes and 0 folders.
[2018.01.03-03.23.28:194][  0]LogPackageName: SearchForPackageOnDisk took   0.101s to resolve m_FogSheet_02.
[2018.01.03-03.23.28:194][  0]LogPackageName: Warning: String asset reference "m_FogSheet_02" is in short form, which is unsupported and -- even if valid -- resolving it will be really slow.
[2018.01.03-03.23.28:194][  0]LogPackageName: Warning: Please consider resaving package in order to speed-up loading.
[2018.01.03-03.23.28:194][  0]LogPackageName: SearchForPackageOnDisk took   0.109s to resolve m_FogSheet_02.
[2018.01.03-03.23.28:194][  0]LogContentBrowser: Native class hierarchy updated for 'SceneOutliner' in 0.0002 seconds. Added 1 classes and 2 folders.
[2018.01.03-03.23.28:627][  0]LogSlate: Took 0.000173 seconds to synchronously load lazily loaded font '../../../Engine/Content/Slate/Fonts/Roboto-Regular.ttf' (155K)
[2018.01.03-03.23.28:629][  0]LogSlate: Took 0.000186 seconds to synchronously load lazily loaded font '../../../Engine/Content/Slate/Fonts/Roboto-Bold.ttf' (160K)
[2018.01.03-03.23.28:677][  0]LogSlate: Took 0.021953 seconds to synchronously load lazily loaded font '../../../Engine/Content/Editor/Slate/Fonts/FontAwesome.ttf' (139K)
[2018.01.03-03.23.28:960][  0]LogRenderer: Reallocating scene render targets to support 256x256 Format 10 NumSamples 1 (Frame:1).
[2018.01.03-03.23.28:997][  0]LogRenderer: Reallocating scene render targets to support 1208x600 Format 10 NumSamples 1 (Frame:1).
[2018.01.03-03.23.29:247][  0]LogContentBrowser: Native class hierarchy updated for 'HierarchicalLODOutliner' in 0.0002 seconds. Added 1 classes and 2 folders.
[2018.01.03-03.23.29:247][  0]LogLoad: (Engine Initialization) Total time: 20.37 seconds
[2018.01.03-03.23.29:247][  0]LogLoad: (Engine Initialization) Total Blueprint compile time: 0.00 seconds
[2018.01.03-03.23.29:247][  0]LogExternalProfiler: No external profilers were discovered.  External profiling features will not be available.
[2018.01.03-03.23.29:256][  0]LogWindowsTextInputMethodSystem: Display: IME system now deactivated.
[2018.01.03-03.23.29:303][  0]LogContentStreaming: Texture pool size now 1000 MB
[2018.01.03-03.23.29:441][  0]LogSlate: Took 0.018521 seconds to synchronously load lazily loaded font '../../../Engine/Content/Slate/Fonts/Roboto-Light.ttf' (159K)
[2018.01.03-03.23.30:299][ 56]LogSlate: Took 0.000213 seconds to synchronously load lazily loaded font '../../../Engine/Content/Slate/Fonts/Roboto-Light.ttf' (159K)
[2018.01.03-03.23.33:428][265]LogPackageName: Warning: String asset reference "JW_Ice_Mountain.Mesh.SM_SnowBoulder" is in short form, which is unsupported and -- even if valid -- resolving it will be really slow.
[2018.01.03-03.23.33:428][265]LogPackageName: Warning: Please consider resaving package in order to speed-up loading.
[2018.01.03-03.23.33:549][272]LogPackageName: SearchForPackageOnDisk took   0.121s, but failed to resolve JW_Ice_Mountain.
[2018.01.03-03.23.33:549][272]LogPackageName: Warning: String asset reference "JW_Ice_Mountain.Mesh.SM_SnowBoulder" could not be resolved.
[2018.01.03-03.23.33:574][273]LogPackageName: Warning: String asset reference "S_Survival_CA_Chicken_02.SM.S_Survival_CA_Chicken_02" is in short form, which is unsupported and -- even if valid -- resolving it will be really slow.
[2018.01.03-03.23.33:574][273]LogPackageName: Warning: Please consider resaving package in order to speed-up loading.
[2018.01.03-03.23.33:694][281]LogPackageName: SearchForPackageOnDisk took   0.119s to resolve S_Survival_CA_Chicken_02.
[2018.01.03-03.23.33:906][297]LogPackageName: Warning: String asset reference "JW_Ice_Mountain.Mesh.SM_SnowBoulder" is in short form, which is unsupported and -- even if valid -- resolving it will be really slow.
[2018.01.03-03.23.33:906][297]LogPackageName: Warning: Please consider resaving package in order to speed-up loading.
[2018.01.03-03.23.34:024][304]LogPackageName: SearchForPackageOnDisk took   0.118s, but failed to resolve JW_Ice_Mountain.
[2018.01.03-03.23.34:024][304]LogPackageName: Warning: String asset reference "JW_Ice_Mountain.Mesh.SM_SnowBoulder" could not be resolved.
[2018.01.03-03.23.34:040][305]LogPackageName: Warning: String asset reference "Env_ALL_Artifacts.Mesh.Env_ALL_Terminus001" is in short form, which is unsupported and -- even if valid -- resolving it will be really slow.
[2018.01.03-03.23.34:040][305]LogPackageName: Warning: Please consider resaving package in order to speed-up loading.
[2018.01.03-03.23.34:157][313]LogPackageName: SearchForPackageOnDisk took   0.116s, but failed to resolve Env_ALL_Artifacts.
[2018.01.03-03.23.34:157][313]LogPackageName: Warning: String asset reference "Env_ALL_Artifacts.Mesh.Env_ALL_Terminus001" could not be resolved.
[2018.01.03-03.23.41:954][223]LogCollectionManager: Rebuilt the object cache for 0 collections in 0.000000 seconds (found 0 objects)
[2018.01.03-03.23.45:534][565]LogAssetRegistry: Asset discovery search completed in 31.1050 seconds
[2018.01.03-03.23.45:539][565]LogCollectionManager: Fixed up redirectors for 0 collections in 0.000004 seconds (updated 0 objects)
[2018.01.03-03.38.51:629][821]LogEditorViewport: Clicking on Actor (LMB): Zombie_C (Zombie6)
[2018.01.03-03.38.54:788][  4]Cmd: DELETE
[2018.01.03-03.38.54:788][  4]Cmd: ACTOR DELETE
[2018.01.03-03.38.55:106][  4]LogEditorActor: Deleted Actor: Zombie_C
[2018.01.03-03.38.55:231][  4]LogEditorActor: Deleted 1 Actors (0.205 secs)
[2018.01.03-03.39.14:405][776]LogSlate: Took 0.000162 seconds to synchronously load lazily loaded font '../../../Engine/Content/Slate/Fonts/Roboto-Light.ttf' (159K)
[2018.01.03-03.39.14:679][776]LogContentBrowser: Native class hierarchy updated for 'SkeletonEditor' in 0.0002 seconds. Added 1 classes and 2 folders.
[2018.01.03-03.39.14:974][776]LogSlate: Took 0.000169 seconds to synchronously load lazily loaded font '../../../Engine/Content/Slate/Fonts/Roboto-Regular.ttf' (155K)
[2018.01.03-03.39.15:296][776]LogActorComponent: RegisterComponentWithWorld: (/Engine/Transient.World_12:PersistentLevel.Actor_0.DebugSkelMeshComponent_0) Already registered. Aborting.
[2018.01.03-03.39.15:745][776]LogSkeletalMesh: USkeletalMeshComponent::InitArticulated : Bodies already created (/Engine/Transient.World_12:PersistentLevel.Actor_0.DebugSkelMeshComponent_0) - call TermArticulated first.
[2018.01.03-03.39.16:768][776]LogContentBrowser: Native class hierarchy updated for 'ClothingSystemEditorInterface' in 0.0003 seconds. Added 1 classes and 0 folders.
[2018.01.03-03.39.16:825][776]LogContentBrowser: Verbose: The majority of assets in the view are of type: AnimSequence
[2018.01.03-03.39.27:413][561]LogAnimationCompression: Building Anim DDC data for AnimSequence /Game/ThirdPersonBP/Blueprints/Character/Animations/death_from_right.death_from_right
[2018.01.03-03.39.27:429][561]LogAnimationCompression: Recompressing (AnimSequence /Game/ThirdPersonBP/Blueprints/Character/Animations/death_from_right.death_from_right) using current/default (AnimCompress_BitwiseCompressOnly_0) bFirstRecompressUsingCurrentOrDefault(1) bTryAlternateCompressor(0) IsCompressedDataValid(0)
[2018.01.03-03.39.27:579][561]LogAnimationCompression: Building Anim DDC data for AnimSequence /Game/ThirdPersonBP/Blueprints/Character/Animations/death_from_the_front.death_from_the_front
[2018.01.03-03.39.27:579][561]LogAnimationCompression: Recompressing (AnimSequence /Game/ThirdPersonBP/Blueprints/Character/Animations/death_from_the_front.death_from_the_front) using current/default (AnimCompress_BitwiseCompressOnly_0) bFirstRecompressUsingCurrentOrDefault(1) bTryAlternateCompressor(0) IsCompressedDataValid(0)
[2018.01.03-03.39.36:377][300]LogSavePackage: Save=106.74ms
[2018.01.03-03.39.36:377][300]LogSavePackage: Moving 'C:/Users/gamer_uouqzwh/Documents/GitHub/UE4-FPS-Project/fpstutorial/Saved/Walk_RunBSB47E61BD486B459EFC515693DA7FE41C.tmp' to 'C:/Users/gamer_uouqzwh/Documents/GitHub/UE4-FPS-Project/fpstutorial/Content/ThirdPersonBP/Blueprints/Character/Walk_RunBS.uasset'
[2018.01.03-03.39.36:424][300]LogSavePackage: Display: Finished SavePackage C:/Users/gamer_uouqzwh/Documents/GitHub/UE4-FPS-Project/fpstutorial/Content/ThirdPersonBP/Blueprints/Character/Walk_RunBS.uasset
[2018.01.03-03.39.41:114][729]LogAnimationCompression: Building Anim DDC data for AnimSequence /Game/ThirdPersonBP/Blueprints/Character/Animations/crouching_turn_90_right.crouching_turn_90_right
[2018.01.03-03.39.41:114][729]LogAnimationCompression: Recompressing (AnimSequence /Game/ThirdPersonBP/Blueprints/Character/Animations/crouching_turn_90_right.crouching_turn_90_right) using current/default (AnimCompress_BitwiseCompressOnly_0) bFirstRecompressUsingCurrentOrDefault(1) bTryAlternateCompressor(0) IsCompressedDataValid(0)
[2018.01.03-03.39.47:837][296]LogTemp: Repeating last play command: New Editor Window (PIE)
[2018.01.03-03.39.48:270][296]LogPackageName: Warning: String asset reference "JW_FlameDungeon.FX.SM_FX_Embers" is in short form, which is unsupported and -- even if valid -- resolving it will be really slow.
[2018.01.03-03.39.48:270][296]LogPackageName: Warning: Please consider resaving package in order to speed-up loading.
[2018.01.03-03.39.48:372][296]LogPackageName: SearchForPackageOnDisk took   0.102s, but failed to resolve JW_FlameDungeon.
[2018.01.03-03.39.48:372][296]LogPackageName: Warning: String asset reference "JW_FlameDungeon.FX.SM_FX_Embers" could not be resolved.
[2018.01.03-03.39.48:381][296]LogPackageName: Warning: String asset reference "JW_FlameDungeon.FX.SM_FogPlane02" is in short form, which is unsupported and -- even if valid -- resolving it will be really slow.
[2018.01.03-03.39.48:381][296]LogPackageName: Warning: Please consider resaving package in order to speed-up loading.
[2018.01.03-03.39.48:492][296]LogPackageName: SearchForPackageOnDisk took   0.111s, but failed to resolve JW_FlameDungeon.
[2018.01.03-03.39.48:492][296]LogPackageName: Warning: String asset reference "JW_FlameDungeon.FX.SM_FogPlane02" could not be resolved.
[2018.01.03-03.39.49:507][296]LogPackageName: Warning: String asset reference "StaticMesh'FX_Meshes_IB.SM_Debris_Box_RadialFull'" is in short form, which is unsupported and -- even if valid -- resolving it will be really slow.
[2018.01.03-03.39.49:507][296]LogPackageName: Warning: Please consider resaving package in order to speed-up loading.
[2018.01.03-03.39.49:614][296]LogPackageName: SearchForPackageOnDisk took   0.107s, but failed to resolve StaticMesh'FX_Meshes_IB.
[2018.01.03-03.39.49:614][296]LogPackageName: Warning: String asset reference "StaticMesh'FX_Meshes_IB.SM_Debris_Box_RadialFull'" could not be resolved.
[2018.01.03-03.39.49:746][296]LogPackageName: Warning: String asset reference "JW_Ice_Mountain.Mesh.SM_SnowBoulder" is in short form, which is unsupported and -- even if valid -- resolving it will be really slow.
[2018.01.03-03.39.49:746][296]LogPackageName: Warning: Please consider resaving package in order to speed-up loading.
[2018.01.03-03.39.49:850][296]LogPackageName: SearchForPackageOnDisk took   0.104s, but failed to resolve JW_Ice_Mountain.
[2018.01.03-03.39.49:850][296]LogPackageName: Warning: String asset reference "JW_Ice_Mountain.Mesh.SM_SnowBoulder" could not be resolved.
[2018.01.03-03.39.49:947][296]LogPackageName: Warning: String asset reference "FX_Meshes.UI.SM_SelectionMesh_01" is in short form, which is unsupported and -- even if valid -- resolving it will be really slow.
[2018.01.03-03.39.49:947][296]LogPackageName: Warning: Please consider resaving package in order to speed-up loading.
[2018.01.03-03.39.50:047][296]LogPackageName: SearchForPackageOnDisk took   0.100s, but failed to resolve FX_Meshes.
[2018.01.03-03.39.50:047][296]LogPackageName: Warning: String asset reference "FX_Meshes.UI.SM_SelectionMesh_01" could not be resolved.
[2018.01.03-03.39.50:060][296]LogPackageName: Warning: String asset reference "FX_Meshes.UI.SM_SelectionMesh_01" is in short form, which is unsupported and -- even if valid -- resolving it will be really slow.
[2018.01.03-03.39.50:060][296]LogPackageName: Warning: Please consider resaving package in order to speed-up loading.
[2018.01.03-03.39.50:166][296]LogPackageName: SearchForPackageOnDisk took   0.106s, but failed to resolve FX_Meshes.
[2018.01.03-03.39.50:166][296]LogPackageName: Warning: String asset reference "FX_Meshes.UI.SM_SelectionMesh_01" could not be resolved.
[2018.01.03-03.39.50:217][296]LogPackageName: Warning: String asset reference "'FX_Ambient.Meshes.SM_Bats'" is in short form, which is unsupported and -- even if valid -- resolving it will be really slow.
[2018.01.03-03.39.50:217][296]LogPackageName: Warning: Please consider resaving package in order to speed-up loading.
[2018.01.03-03.39.50:319][296]LogPackageName: SearchForPackageOnDisk took   0.102s, but failed to resolve 'FX_Ambient.
[2018.01.03-03.39.50:319][296]LogPackageName: Warning: String asset reference "'FX_Ambient.Meshes.SM_Bats'" could not be resolved.
[2018.01.03-03.39.50:350][296]LogPackageName: Warning: String asset reference "CastleEffects.TouchToMoveArrow" is in short form, which is unsupported and -- even if valid -- resolving it will be really slow.
[2018.01.03-03.39.50:350][296]LogPackageName: Warning: Please consider resaving package in order to speed-up loading.
[2018.01.03-03.39.50:451][296]LogPackageName: SearchForPackageOnDisk took   0.102s, but failed to resolve CastleEffects.
[2018.01.03-03.39.50:451][296]LogPackageName: Warning: String asset reference "CastleEffects.TouchToMoveArrow" could not be resolved.
[2018.01.03-03.39.50:704][296]LogPackageName: Warning: String asset reference "StaticMesh'FX_Meshes.Fire.SM_Dungeon_Pipes_Lava01_Cool'" is in short form, which is unsupported and -- even if valid -- resolving it will be really slow.
[2018.01.03-03.39.50:704][296]LogPackageName: Warning: Please consider resaving package in order to speed-up loading.
[2018.01.03-03.39.50:809][296]LogPackageName: SearchForPackageOnDisk took   0.105s, but failed to resolve StaticMesh'FX_Meshes.
[2018.01.03-03.39.50:809][296]LogPackageName: Warning: String asset reference "StaticMesh'FX_Meshes.Fire.SM_Dungeon_Pipes_Lava01_Cool'" could not be resolved.
[2018.01.03-03.39.50:815][296]LogPackageName: Warning: String asset reference "m_FogSheet_02" is in short form, which is unsupported and -- even if valid -- resolving it will be really slow.
[2018.01.03-03.39.50:815][296]LogPackageName: Warning: Please consider resaving package in order to speed-up loading.
[2018.01.03-03.39.50:918][296]LogPackageName: SearchForPackageOnDisk took   0.103s to resolve m_FogSheet_02.
[2018.01.03-03.39.51:035][296]LogPackageName: Warning: String asset reference "FX_Test_LAN.Meshes.SM_IceWall01" is in short form, which is unsupported and -- even if valid -- resolving it will be really slow.
[2018.01.03-03.39.51:036][296]LogPackageName: Warning: Please consider resaving package in order to speed-up loading.
[2018.01.03-03.39.51:138][296]LogPackageName: SearchForPackageOnDisk took   0.102s, but failed to resolve FX_Test_LAN.
[2018.01.03-03.39.51:138][296]LogPackageName: Warning: String asset reference "FX_Test_LAN.Meshes.SM_IceWall01" could not be resolved.
[2018.01.03-03.39.51:472][296]LogPackageName: Warning: String asset reference "m_FogSheet_02" is in short form, which is unsupported and -- even if valid -- resolving it will be really slow.
[2018.01.03-03.39.51:472][296]LogPackageName: Warning: Please consider resaving package in order to speed-up loading.
[2018.01.03-03.39.51:574][296]LogPackageName: SearchForPackageOnDisk took   0.102s to resolve m_FogSheet_02.
[2018.01.03-03.39.51:577][296]LogPackageName: Warning: String asset reference "m_FogSheet_02" is in short form, which is unsupported and -- even if valid -- resolving it will be really slow.
[2018.01.03-03.39.51:577][296]LogPackageName: Warning: Please consider resaving package in order to speed-up loading.
[2018.01.03-03.39.51:676][296]LogPackageName: SearchForPackageOnDisk took   0.099s to resolve m_FogSheet_02.
[2018.01.03-03.39.51:681][296]LogPackageName: Warning: String asset reference "m_FogSheet_02" is in short form, which is unsupported and -- even if valid -- resolving it will be really slow.
[2018.01.03-03.39.51:681][296]LogPackageName: Warning: Please consider resaving package in order to speed-up loading.
[2018.01.03-03.39.51:781][296]LogPackageName: SearchForPackageOnDisk took   0.100s to resolve m_FogSheet_02.
[2018.01.03-03.39.55:717][296]LogPackageName: Warning: String asset reference "JW_Ice_Mountain.Mesh.SM_SnowBoulder" is in short form, which is unsupported and -- even if valid -- resolving it will be really slow.
[2018.01.03-03.39.55:717][296]LogPackageName: Warning: Please consider resaving package in order to speed-up loading.
[2018.01.03-03.39.55:825][296]LogPackageName: SearchForPackageOnDisk took   0.108s, but failed to resolve JW_Ice_Mountain.
[2018.01.03-03.39.55:825][296]LogPackageName: Warning: String asset reference "JW_Ice_Mountain.Mesh.SM_SnowBoulder" could not be resolved.
[2018.01.03-03.39.55:845][296]LogPackageName: Warning: String asset reference "S_Survival_CA_Chicken_02.SM.S_Survival_CA_Chicken_02" is in short form, which is unsupported and -- even if valid -- resolving it will be really slow.
[2018.01.03-03.39.55:845][296]LogPackageName: Warning: Please consider resaving package in order to speed-up loading.
[2018.01.03-03.39.55:944][296]LogPackageName: SearchForPackageOnDisk took   0.099s to resolve S_Survival_CA_Chicken_02.
[2018.01.03-03.39.56:102][296]LogPackageName: Warning: String asset reference "JW_Ice_Mountain.Mesh.SM_SnowBoulder" is in short form, which is unsupported and -- even if valid -- resolving it will be really slow.
[2018.01.03-03.39.56:102][296]LogPackageName: Warning: Please consider resaving package in order to speed-up loading.
[2018.01.03-03.39.56:207][296]LogPackageName: SearchForPackageOnDisk took   0.105s, but failed to resolve JW_Ice_Mountain.
[2018.01.03-03.39.56:207][296]LogPackageName: Warning: String asset reference "JW_Ice_Mountain.Mesh.SM_SnowBoulder" could not be resolved.
[2018.01.03-03.39.56:218][296]LogPackageName: Warning: String asset reference "Env_ALL_Artifacts.Mesh.Env_ALL_Terminus001" is in short form, which is unsupported and -- even if valid -- resolving it will be really slow.
[2018.01.03-03.39.56:218][296]LogPackageName: Warning: Please consider resaving package in order to speed-up loading.
[2018.01.03-03.39.56:321][296]LogPackageName: SearchForPackageOnDisk took   0.102s, but failed to resolve Env_ALL_Artifacts.
[2018.01.03-03.39.56:321][296]LogPackageName: Warning: String asset reference "Env_ALL_Artifacts.Mesh.Env_ALL_Terminus001" could not be resolved.
[2018.01.03-03.39.57:406][296]LogBlueprintUserMessages: Early PlayInEditor Detection: Level '/Game/ThirdPersonBP/Maps/ThirdPersonExampleMap.ThirdPersonExampleMap:PersistentLevel' has LevelScriptBlueprint '/Game/ThirdPersonBP/Maps/ThirdPersonExampleMap.ThirdPersonExampleMap:PersistentLevel.ThirdPersonExampleMap' with GeneratedClass '/Game/ThirdPersonBP/Maps/ThirdPersonExampleMap.ThirdPersonExampleMap_C' with ClassGeneratedBy '/Game/ThirdPersonBP/Maps/ThirdPersonExampleMap.ThirdPersonExampleMap:PersistentLevel.ThirdPersonExampleMap'
[2018.01.03-03.39.57:426][296]LogPlayLevel: PlayLevel: No blueprints needed recompiling
[2018.01.03-03.39.57:594][296]PIE: New page: PIE session: ThirdPersonExampleMap (Jan 2, 2018, 5:39:57 PM)
[2018.01.03-03.39.57:616][296]LogPlayLevel: Creating play world package: /Game/ThirdPersonBP/Maps/UEDPIE_0_ThirdPersonExampleMap
[2018.01.03-03.39.57:736][296]LogPlayLevel: PIE: StaticDuplicateObject took: (0.120421s)
[2018.01.03-03.39.57:737][296]LogAIModule: Creating AISystem for world ThirdPersonExampleMap
[2018.01.03-03.39.57:750][296]LogPlayLevel: PIE: World Init took: (0.012990s)
[2018.01.03-03.39.57:764][296]LogPlayLevel: PIE: Created PIE world by copying editor world from /Game/ThirdPersonBP/Maps/ThirdPersonExampleMap.ThirdPersonExampleMap to /Game/ThirdPersonBP/Maps/UEDPIE_0_ThirdPersonExampleMap.ThirdPersonExampleMap (0.147681s)
[2018.01.03-03.39.57:831][296]LogInit: XAudio2 using 'Speakers (Realtek High Definition Audio)' : 2 channels at 48 kHz using 32 bits per sample (channel mask 0x3)
[2018.01.03-03.39.57:839][296]LogInit: FAudioDevice initialized.
[2018.01.03-03.39.57:915][296]LogLoad: Game class is 'ThirdPersonGameMode_C'
[2018.01.03-03.39.57:953][296]LogWorld: Bringing World /Game/ThirdPersonBP/Maps/UEDPIE_0_ThirdPersonExampleMap.ThirdPersonExampleMap up for play (max tick rate 0) at 2018.01.02-22.39.57
[2018.01.03-03.39.58:049][296]LogWorld: Bringing up level for play took: 0.129441
[2018.01.03-03.39.58:117][296]LogContentBrowser: Native class hierarchy updated for 'MovieSceneCapture' in 0.0002 seconds. Added 11 classes and 0 folders.
[2018.01.03-03.39.58:196][296]PIE: Play in editor start time for /Game/ThirdPersonBP/Maps/UEDPIE_0_ThirdPersonExampleMap 0.721
[2018.01.03-03.39.58:206][296]LogBlueprintUserMessages: Late PlayInEditor Detection: Level '/Game/ThirdPersonBP/Maps/ThirdPersonExampleMap.ThirdPersonExampleMap:PersistentLevel' has LevelScriptBlueprint '/Game/ThirdPersonBP/Maps/ThirdPersonExampleMap.ThirdPersonExampleMap:PersistentLevel.ThirdPersonExampleMap' with GeneratedClass '/Game/ThirdPersonBP/Maps/ThirdPersonExampleMap.ThirdPersonExampleMap_C' with ClassGeneratedBy '/Game/ThirdPersonBP/Maps/ThirdPersonExampleMap.ThirdPersonExampleMap:PersistentLevel.ThirdPersonExampleMap'
[2018.01.03-03.39.58:560][296]LogRenderer: Reallocating scene render targets to support 1292x756 Format 10 NumSamples 1 (Frame:1).
[2018.01.03-03.41.02:157][639]LogBlueprintUserMessages: [SmarterAI_3482] HeadShot
[2018.01.03-03.43.32:557][272]LogBlueprintUserMessages: [SimpleAI_2] HeadShot
[2018.01.03-03.43.32:784][286]LogBlueprintUserMessages: [SimpleAI_2] HeadShot
[2018.01.03-03.43.34:490][414]LogBlueprintUserMessages: [SimpleAI_2] HeadShot
[2018.01.03-03.43.42:151][ 33]LogBlueprintUserMessages: [SimpleAI_2] HeadShot
[2018.01.03-03.43.43:108][115]LogBlueprintUserMessages: [SimpleAI_2] HeadShot
[2018.01.03-03.43.43:208][123]LogBlueprintUserMessages: [SimpleAI_2] HeadShot
[2018.01.03-03.43.43:726][166]LogBlueprintUserMessages: [SimpleAI_2] HeadShot
[2018.01.03-03.43.43:827][174]LogBlueprintUserMessages: [SimpleAI_2] HeadShot
[2018.01.03-03.43.43:930][182]LogBlueprintUserMessages: [SimpleAI_2] HeadShot
[2018.01.03-03.43.44:241][205]LogBlueprintUserMessages: [SimpleAI_2] HeadShot
[2018.01.03-03.43.44:336][213]LogBlueprintUserMessages: [SimpleAI_2] HeadShot
[2018.01.03-03.43.44:446][222]LogBlueprintUserMessages: [SimpleAI_2] HeadShot
[2018.01.03-03.43.44:659][240]LogBlueprintUserMessages: [SimpleAI_2] HeadShot
[2018.01.03-03.44.28:656][819]LogBlueprintUserMessages: [SimpleAI_2] HeadShot
[2018.01.03-03.44.28:748][825]LogBlueprintUserMessages: [SimpleAI_2] HeadShot
[2018.01.03-03.44.31:450][985]LogBlueprintUserMessages: Early EndPlayMap Detection: Level '/Game/ThirdPersonBP/Maps/ThirdPersonExampleMap.ThirdPersonExampleMap:PersistentLevel' has LevelScriptBlueprint '/Game/ThirdPersonBP/Maps/ThirdPersonExampleMap.ThirdPersonExampleMap:PersistentLevel.ThirdPersonExampleMap' with GeneratedClass '/Game/ThirdPersonBP/Maps/ThirdPersonExampleMap.ThirdPersonExampleMap_C' with ClassGeneratedBy '/Game/ThirdPersonBP/Maps/ThirdPersonExampleMap.ThirdPersonExampleMap:PersistentLevel.ThirdPersonExampleMap'
[2018.01.03-03.44.31:591][985]LogBlueprintUserMessages: Late EndPlayMap Detection: Level '/Game/ThirdPersonBP/Maps/ThirdPersonExampleMap.ThirdPersonExampleMap:PersistentLevel' has LevelScriptBlueprint '/Game/ThirdPersonBP/Maps/ThirdPersonExampleMap.ThirdPersonExampleMap:PersistentLevel.ThirdPersonExampleMap' with GeneratedClass '/Game/ThirdPersonBP/Maps/ThirdPersonExampleMap.ThirdPersonExampleMap_C' with ClassGeneratedBy '/Game/ThirdPersonBP/Maps/ThirdPersonExampleMap.ThirdPersonExampleMap:PersistentLevel.ThirdPersonExampleMap'
[2018.01.03-03.45.19:233][969]LogSavePackage: Save=666.39ms
[2018.01.03-03.45.19:233][969]LogSavePackage: Moving 'C:/Users/gamer_uouqzwh/Documents/GitHub/UE4-FPS-Project/fpstutorial/Saved/ThirdPersonExampleMap_Auto18ED6E9904E02742047943191D7747DCB.tmp' to 'C:/Users/gamer_uouqzwh/Documents/GitHub/UE4-FPS-Project/fpstutorial/Saved/Autosaves/Game/ThirdPersonBP/Maps/ThirdPersonExampleMap_Auto1.umap'
[2018.01.03-03.45.19:234][969]LogSavePackage: Display: Finished SavePackage C:/Users/gamer_uouqzwh/Documents/GitHub/UE4-FPS-Project/fpstutorial/Saved/Autosaves/Game/ThirdPersonBP/Maps/ThirdPersonExampleMap_Auto1.umap
[2018.01.03-03.45.19:239][969]LogFileHelpers: Editor autosave (incl. sublevels) for '/Game/ThirdPersonBP/Maps/ThirdPersonExampleMap' took 0.765
[2018.01.03-03.45.19:239][969]LogFileHelpers: Editor autosave (incl. sublevels) for all levels took 0.765
[2018.01.03-03.57.39:363][ 45]LogSavePackage: Save=316.34ms
[2018.01.03-03.57.39:363][ 45]LogSavePackage: Moving 'C:/Users/gamer_uouqzwh/Documents/GitHub/UE4-FPS-Project/fpstutorial/Saved/ThirdPersonExampleMap20A6A1B346D950B2468AA2B38DC87833.tmp' to 'C:/Users/gamer_uouqzwh/Documents/GitHub/UE4-FPS-Project/fpstutorial/Content/ThirdPersonBP/Maps/ThirdPersonExampleMap.umap'
[2018.01.03-03.57.39:366][ 45]LogSavePackage: Display: Finished SavePackage C:/Users/gamer_uouqzwh/Documents/GitHub/UE4-FPS-Project/fpstutorial/Content/ThirdPersonBP/Maps/ThirdPersonExampleMap.umap
[2018.01.03-03.57.39:453][ 45]LogFileHelpers: Saving map 'ThirdPersonExampleMap' took 1.166
[2018.01.03-03.57.39:880][ 46]Cmd: QUIT_EDITOR
[2018.01.03-03.57.40:618][ 46]LogWindowsTextInputMethodSystem: Display: IME system now deactivated.
[2018.01.03-03.57.40:655][ 46]LogExit: Preparing to exit.
[2018.01.03-03.57.42:078][ 46]LogExit: Editor shut down
[2018.01.03-03.57.42:100][ 46]LogExit: Transaction tracking system shut down
[2018.01.03-03.57.42:491][ 46]LogDirectoryWatcher: A directory notification for '../../../Engine/Content/' was aborted.
[2018.01.03-03.57.42:491][ 46]LogDirectoryWatcher: A directory notification for 'C:/Users/gamer_uouqzwh/Documents/GitHub/UE4-FPS-Project/fpstutorial/Content/' was aborted.
[2018.01.03-03.57.42:491][ 46]LogDirectoryWatcher: A directory notification for '../../../Engine/Plugins/2D/Paper2D/Content/' was aborted.
[2018.01.03-03.57.42:491][ 46]LogDirectoryWatcher: A directory notification for '../../../Engine/Plugins/Media/MediaCompositing/Content/' was aborted.
[2018.01.03-03.57.42:491][ 46]LogDirectoryWatcher: A directory notification for '../../../Engine/Plugins/Runtime/AppleARKit/Content/' was aborted.
[2018.01.03-03.57.42:491][ 46]LogDirectoryWatcher: A directory notification for '../../../Engine/Plugins/Runtime/Oculus/OculusVR/Content/' was aborted.
[2018.01.03-03.57.42:491][ 46]LogDirectoryWatcher: A directory notification for '../../../Engine/Plugins/Runtime/Steam/SteamVR/Content/' was aborted.
[2018.01.03-03.57.45:152][ 46]LogExit: Object subsystem successfully closed.
[2018.01.03-03.57.45:864][ 46]LogD3D11RHI: Shutdown
[2018.01.03-03.57.45:893][ 46]LogD3D11RHI: CleanupD3DDevice
[2018.01.03-03.57.46:106][ 46]LogD3D11RHI: ~FD3D11DynamicRHI
[2018.01.03-03.57.48:784][ 46]LogModuleManager: Shutting down and abandoning module MovieSceneCapture (556)
[2018.01.03-03.57.48:784][ 46]LogModuleManager: Shutting down and abandoning module ClothingSystemEditorInterface (554)
[2018.01.03-03.57.48:784][ 46]LogModuleManager: Shutting down and abandoning module SkeletonEditor (552)
[2018.01.03-03.57.48:784][ 46]LogModuleManager: Shutting down and abandoning module AnimationEditor (550)
[2018.01.03-03.57.48:784][ 46]LogModuleManager: Shutting down and abandoning module HierarchicalLODOutliner (548)
[2018.01.03-03.57.48:784][ 46]LogModuleManager: Shutting down and abandoning module SceneOutliner (546)
[2018.01.03-03.57.48:844][ 46]LogModuleManager: Shutting down and abandoning module AddContentDialog (544)
[2018.01.03-03.57.49:165][ 46]LogDirectoryWatcher: A directory notification for 'X:/Program Files/Epic Games/UE_4.18/FeaturePacks/' was aborted.
[2018.01.03-03.57.49:168][ 46]LogModuleManager: Shutting down and abandoning module WidgetCarousel (543)
[2018.01.03-03.57.49:168][ 46]LogModuleManager: Shutting down and abandoning module EditorWidgets (540)
[2018.01.03-03.57.49:168][ 46]LogModuleManager: Shutting down and abandoning module CollectionManager (538)
[2018.01.03-03.57.49:212][ 46]LogDirectoryWatcher: A directory notification for 'C:/Users/gamer_uouqzwh/Documents/GitHub/UE4-FPS-Project/fpstutorial/Content/Collections/' was aborted.
[2018.01.03-03.57.49:212][ 46]LogDirectoryWatcher: A directory notification for 'C:/Users/gamer_uouqzwh/Documents/GitHub/UE4-FPS-Project/fpstutorial/Content/Developers/gameruouqzwh/Collections/' was aborted.
[2018.01.03-03.57.49:212][ 46]LogDirectoryWatcher: A directory notification for 'C:/Users/gamer_uouqzwh/Documents/GitHub/UE4-FPS-Project/fpstutorial/Saved/Collections/' was aborted.
[2018.01.03-03.57.49:212][ 46]LogModuleManager: Shutting down and abandoning module StatsViewer (536)
[2018.01.03-03.57.49:259][ 46]LogModuleManager: Shutting down and abandoning module FoliageEdit (534)
[2018.01.03-03.57.49:299][ 46]LogModuleManager: Shutting down and abandoning module LandscapeEditor (532)
[2018.01.03-03.57.49:409][ 46]LogModuleManager: Shutting down and abandoning module MeshPaintMode (530)
[2018.01.03-03.57.49:453][ 46]LogModuleManager: Shutting down and abandoning module SceneDepthPickerMode (528)
[2018.01.03-03.57.49:453][ 46]LogModuleManager: Shutting down and abandoning module ActorPickerMode (526)
[2018.01.03-03.57.49:453][ 46]LogModuleManager: Shutting down and abandoning module GeometryMode (524)
[2018.01.03-03.57.49:453][ 46]LogModuleManager: Shutting down and abandoning module TextureAlignMode (522)
[2018.01.03-03.57.49:453][ 46]LogModuleManager: Shutting down and abandoning module BspMode (520)
[2018.01.03-03.57.49:492][ 46]LogModuleManager: Shutting down and abandoning module PIEPreviewDeviceProfileSelector (518)
[2018.01.03-03.57.49:492][ 46]LogModuleManager: Shutting down and abandoning module HardwareSurvey (516)
[2018.01.03-03.57.49:492][ 46]LogModuleManager: Shutting down and abandoning module SequenceRecorderSections (514)
[2018.01.03-03.57.49:531][ 46]LogModuleManager: Shutting down and abandoning module AutomationWorker (512)
[2018.01.03-03.57.49:566][ 46]LogModuleManager: Shutting down and abandoning module MatineeToLevelSequence (510)
[2018.01.03-03.57.49:606][ 46]LogModuleManager: Shutting down and abandoning module LevelSequenceEditor (508)
[2018.01.03-03.57.49:760][ 46]LogModuleManager: Shutting down and abandoning module PlacementMode (507)
[2018.01.03-03.57.49:760][ 46]LogModuleManager: Shutting down and abandoning module WmfMediaFactory (504)
[2018.01.03-03.57.49:760][ 46]LogModuleManager: Shutting down and abandoning module WmfMediaEditor (502)
[2018.01.03-03.57.49:760][ 46]LogModuleManager: Shutting down and abandoning module OpenExrWrapper (500)
[2018.01.03-03.57.49:760][ 46]LogModuleManager: Shutting down and abandoning module ImgMediaFactory (498)
[2018.01.03-03.57.49:760][ 46]LogModuleManager: Shutting down and abandoning module ImgMediaEditor (496)
[2018.01.03-03.57.49:760][ 46]LogModuleManager: Shutting down and abandoning module AvfMediaFactory (494)
[2018.01.03-03.57.49:760][ 46]LogModuleManager: Shutting down and abandoning module AvfMediaEditor (492)
[2018.01.03-03.57.49:760][ 46]LogModuleManager: Shutting down and abandoning module AndroidMediaFactory (490)
[2018.01.03-03.57.49:760][ 46]LogModuleManager: Shutting down and abandoning module AndroidMediaEditor (488)
[2018.01.03-03.57.49:760][ 46]LogModuleManager: Shutting down and abandoning module CharacterAI (486)
[2018.01.03-03.57.49:760][ 46]LogModuleManager: Shutting down and abandoning module AudioCapture (484)
[2018.01.03-03.57.49:811][ 46]LogModuleManager: Shutting down and abandoning module SequenceRecorder (483)
[2018.01.03-03.57.49:811][ 46]LogModuleManager: Shutting down and abandoning module SmartSnapping (480)
[2018.01.03-03.57.49:811][ 46]LogModuleManager: Shutting down and abandoning module SessionServices (478)
[2018.01.03-03.57.49:811][ 46]LogModuleManager: Shutting down and abandoning module ViewportSnapping (476)
[2018.01.03-03.57.49:811][ 46]LogModuleManager: Shutting down and abandoning module ViewportInteraction (474)
[2018.01.03-03.57.49:811][ 46]LogModuleManager: Shutting down and abandoning module ClothPainter (472)
[2018.01.03-03.57.49:862][ 46]LogModuleManager: Shutting down and abandoning module SkeletalMeshEditor (471)
[2018.01.03-03.57.49:927][ 46]LogModuleManager: Shutting down and abandoning module LogVisualizer (468)
[2018.01.03-03.57.50:003][ 46]LogModuleManager: Shutting down and abandoning module IntroTutorials (466)
[2018.01.03-03.57.50:138][ 46]LogModuleManager: Shutting down and abandoning module GameProjectGeneration (465)
[2018.01.03-03.57.50:238][ 46]LogModuleManager: Shutting down and abandoning module IOSPlatformEditor (462)
[2018.01.03-03.57.50:238][ 46]LogModuleManager: Shutting down and abandoning module HTML5PlatformEditor (460)
[2018.01.03-03.57.50:238][ 46]LogModuleManager: Shutting down and abandoning module AndroidPlatformEditor (458)
[2018.01.03-03.57.50:238][ 46]LogModuleManager: Shutting down and abandoning module AndroidDeviceDetection (457)
[2018.01.03-03.57.51:113][ 46]LogModuleManager: Shutting down and abandoning module WindowsPlatformEditor (454)
[2018.01.03-03.57.51:114][ 46]LogModuleManager: Shutting down and abandoning module IOSRuntimeSettings (452)
[2018.01.03-03.57.51:114][ 46]LogModuleManager: Shutting down and abandoning module AndroidRuntimeSettings (450)
[2018.01.03-03.57.51:114][ 46]LogModuleManager: Shutting down and abandoning module InputBindingEditor (448)
[2018.01.03-03.57.51:145][ 46]LogModuleManager: Shutting down and abandoning module MergeActors (446)
[2018.01.03-03.57.51:344][ 46]LogModuleManager: Shutting down and abandoning module SizeMap (444)
[2018.01.03-03.57.51:344][ 46]LogModuleManager: Shutting down and abandoning module TreeMap (442)
[2018.01.03-03.57.51:452][ 46]LogModuleManager: Shutting down and abandoning module ReferenceViewer (440)
[2018.01.03-03.57.51:452][ 46]LogModuleManager: Shutting down and abandoning module LocalizationDashboard (438)
[2018.01.03-03.57.51:553][ 46]LogModuleManager: Shutting down and abandoning module LocalizationService (437)
[2018.01.03-03.57.51:594][ 46]LogModuleManager: Shutting down and abandoning module HardwareTargeting (434)
[2018.01.03-03.57.51:594][ 46]LogModuleManager: Shutting down and abandoning module DeviceProfileEditor (432)
[2018.01.03-03.57.51:594][ 46]LogModuleManager: Shutting down and abandoning module UndoHistory (430)
[2018.01.03-03.57.51:594][ 46]LogModuleManager: Shutting down and abandoning module XmlParser (428)
[2018.01.03-03.57.51:634][ 46]LogModuleManager: Shutting down and abandoning module Blutility (426)
[2018.01.03-03.57.51:634][ 46]LogModuleManager: Shutting down and abandoning module ProjectSettingsViewer (424)
[2018.01.03-03.57.51:634][ 46]LogModuleManager: Shutting down and abandoning module ProjectTargetPlatformEditor (423)
[2018.01.03-03.57.51:634][ 46]LogModuleManager: Shutting down and abandoning module EditorSettingsViewer (420)
[2018.01.03-03.57.51:634][ 46]LogModuleManager: Shutting down and abandoning module SettingsEditor (418)
[2018.01.03-03.57.51:638][ 46]LogModuleManager: Shutting down and abandoning module ProjectLauncher (416)
[2018.01.03-03.57.51:664][ 46]LogModuleManager: Shutting down and abandoning module SessionFrontend (414)
[2018.01.03-03.57.51:762][ 46]LogModuleManager: Shutting down and abandoning module ProfilerClient (412)
[2018.01.03-03.57.51:817][ 46]LogModuleManager: Shutting down and abandoning module DeviceManager (410)
[2018.01.03-03.57.51:876][ 46]LogModuleManager: Shutting down and abandoning module TargetDeviceServices (409)
[2018.01.03-03.57.51:938][ 46]LogModuleManager: Shutting down and abandoning module AutomationController (406)
[2018.01.03-03.57.51:967][ 46]LogModuleManager: Shutting down and abandoning module AutomationWindow (404)
[2018.01.03-03.57.52:066][ 46]LogModuleManager: Shutting down and abandoning module Layers (402)
[2018.01.03-03.57.52:076][ 46]LogModuleManager: Shutting down and abandoning module ComponentVisualizers (400)
[2018.01.03-03.57.52:076][ 46]LogModuleManager: Shutting down and abandoning module DetailCustomizations (398)
[2018.01.03-03.57.52:107][ 46]LogModuleManager: Shutting down and abandoning module PackagesDialog (396)
[2018.01.03-03.57.52:108][ 46]LogModuleManager: Shutting down and abandoning module Persona (394)
[2018.01.03-03.57.52:140][ 46]LogModuleManager: Shutting down and abandoning module AdvancedPreviewScene (393)
[2018.01.03-03.57.52:140][ 46]LogModuleManager: Shutting down and abandoning module AnimGraph (391)
[2018.01.03-03.57.52:140][ 46]LogModuleManager: Shutting down and abandoning module Kismet (388)
[2018.01.03-03.57.52:333][ 46]LogModuleManager: Shutting down and abandoning module ClassViewer (386)
[2018.01.03-03.57.52:333][ 46]LogModuleManager: Shutting down and abandoning module Toolbox (384)
[2018.01.03-03.57.52:333][ 46]LogModuleManager: Shutting down and abandoning module ModuleUI (382)
[2018.01.03-03.57.52:363][ 46]LogModuleManager: Shutting down and abandoning module MovieSceneTools (380)
[2018.01.03-03.57.52:460][ 46]LogModuleManager: Shutting down and abandoning module OutputLog (378)
[2018.01.03-03.57.52:549][ 46]LogModuleManager: Shutting down and abandoning module GammaUI (376)
[2018.01.03-03.57.52:587][ 46]LogModuleManager: Shutting down and abandoning module Documentation (374)
[2018.01.03-03.57.52:587][ 46]LogModuleManager: Shutting down and abandoning module MovieSceneTracks (372)
[2018.01.03-03.57.52:587][ 46]LogModuleManager: Shutting down and abandoning module MovieScene (370)
[2018.01.03-03.57.52:587][ 46]LogModuleManager: Shutting down and abandoning module StreamingPauseRendering (368)
[2018.01.03-03.57.52:587][ 46]LogModuleManager: Shutting down and abandoning module LauncherPlatform (366)
[2018.01.03-03.57.52:587][ 46]LogModuleManager: Shutting down and abandoning module AnalyticsET (364)
[2018.01.03-03.57.52:587][ 46]LogModuleManager: Shutting down and abandoning module PortalServices (362)
[2018.01.03-03.57.52:587][ 46]LogModuleManager: Shutting down and abandoning module PortalRpc (360)
[2018.01.03-03.57.52:587][ 46]LogModuleManager: Shutting down and abandoning module MessagingRpc (358)
[2018.01.03-03.57.52:587][ 46]LogModuleManager: Shutting down and abandoning module AIModule (356)
[2018.01.03-03.57.52:587][ 46]LogModuleManager: Shutting down and abandoning module GameplayDebugger (355)
[2018.01.03-03.57.52:587][ 46]LogModuleManager: Shutting down and abandoning module AITestSuite (353)
[2018.01.03-03.57.52:631][ 46]LogModuleManager: Shutting down and abandoning module DesktopPlatform (350)
[2018.01.03-03.57.52:631][ 46]LogModuleManager: Shutting down and abandoning module ProfilerService (348)
[2018.01.03-03.57.52:795][ 46]LogModuleManager: Shutting down and abandoning module TaskGraph (346)
[2018.01.03-03.57.52:866][ 46]LogModuleManager: Shutting down and abandoning module SteamVRController (344)
[2018.01.03-03.57.52:866][ 46]LogModuleManager: Shutting down and abandoning module ProceduralMeshComponentEditor (342)
[2018.01.03-03.57.52:866][ 46]LogModuleManager: Shutting down and abandoning module ProceduralMeshComponent (340)
[2018.01.03-03.57.52:911][ 46]LogModuleManager: Shutting down and abandoning module OculusInput (338)
[2018.01.03-03.57.52:911][ 46]LogModuleManager: Shutting down and abandoning module MobilePatchingUtils (336)
[2018.01.03-03.57.52:911][ 46]LogModuleManager: Shutting down and abandoning module CustomMeshComponent (334)
[2018.01.03-03.57.52:911][ 46]LogModuleManager: Shutting down and abandoning module CableComponent (332)
[2018.01.03-03.57.52:959][ 46]LogModuleManager: Shutting down and abandoning module ArchVisCharacter (330)
[2018.01.03-03.57.52:959][ 46]LogModuleManager: Shutting down and abandoning module AndroidPermission (328)
[2018.01.03-03.57.52:959][ 46]LogModuleManager: Shutting down and abandoning module ActorSequence (324)
[2018.01.03-03.57.52:959][ 46]LogModuleManager: Shutting down and abandoning module MediaPlayerEditor (322)
[2018.01.03-03.57.53:255][ 46]LogModuleManager: Shutting down and abandoning module MediaCompositingEditor (320)
[2018.01.03-03.57.53:255][ 46]LogModuleManager: Shutting down and abandoning module MediaCompositing (318)
[2018.01.03-03.57.53:255][ 46]LogModuleManager: Shutting down and abandoning module HTML5Networking (316)
[2018.01.03-03.57.53:255][ 46]LogModuleManager: Shutting down and abandoning module AlembicImporter (314)
[2018.01.03-03.57.53:275][ 46]LogModuleManager: Shutting down and abandoning module AlembicLibrary (313)
[2018.01.03-03.57.53:275][ 46]LogModuleManager: Shutting down and abandoning module GeometryCache (312)
[2018.01.03-03.57.53:288][ 46]LogModuleManager: Shutting down and abandoning module GeometryCacheEd (311)
[2018.01.03-03.57.53:288][ 46]LogModuleManager: Shutting down and abandoning module SpeedTreeImporter (306)
[2018.01.03-03.57.53:288][ 46]LogModuleManager: Shutting down and abandoning module PluginBrowser (304)
[2018.01.03-03.57.53:347][ 46]LogModuleManager: Shutting down and abandoning module MobileLauncherProfileWizard (302)
[2018.01.03-03.57.53:386][ 46]LogModuleManager: Shutting down and abandoning module VisualStudioSourceCodeAccess (300)
[2018.01.03-03.57.53:386][ 46]LogModuleManager: Shutting down and abandoning module VisualStudioCodeSourceCodeAccess (298)
[2018.01.03-03.57.53:386][ 46]LogModuleManager: Shutting down and abandoning module UObjectPlugin (296)
[2018.01.03-03.57.53:386][ 46]LogModuleManager: Shutting down and abandoning module SubversionSourceControl (294)
[2018.01.03-03.57.53:421][ 46]LogModuleManager: Shutting down and abandoning module PerforceSourceControl (292)
[2018.01.03-03.57.53:506][ 46]LogModuleManager: Shutting down and abandoning module GitSourceControl (290)
[2018.01.03-03.57.53:514][ 46]LogModuleManager: Shutting down and abandoning module SourceControl (289)
[2018.01.03-03.57.53:545][ 46]LogModuleManager: Shutting down and abandoning module LightPropagationVolumeEditor (286)
[2018.01.03-03.57.53:546][ 46]LogModuleManager: Shutting down and abandoning module PaperTiledImporter (284)
[2018.01.03-03.57.53:546][ 46]LogModuleManager: Shutting down and abandoning module PaperSpriteSheetImporter (282)
[2018.01.03-03.57.53:546][ 46]LogModuleManager: Shutting down and abandoning module Paper2DEditor (280)
[2018.01.03-03.57.53:653][ 46]LogModuleManager: Shutting down and abandoning module MeshPaint (279)
[2018.01.03-03.57.53:694][ 46]LogModuleManager: Shutting down and abandoning module LevelEditor (277)
[2018.01.03-03.57.53:770][ 46]LogModuleManager: Shutting down and abandoning module PixelInspectorModule (276)
[2018.01.03-03.57.53:814][ 46]LogModuleManager: Shutting down and abandoning module MainFrame (274)
[2018.01.03-03.57.53:814][ 46]LogModuleManager: Shutting down and abandoning module HotReload (273)
[2018.01.03-03.57.53:861][ 46]LogModuleManager: Shutting down and abandoning module RuntimePhysXCooking (268)
[2018.01.03-03.57.53:861][ 46]LogModuleManager: Shutting down and abandoning module PhysXVehiclesEditor (266)
[2018.01.03-03.57.53:861][ 46]LogModuleManager: Shutting down and abandoning module PhysXVehicles (264)
[2018.01.03-03.57.53:861][ 46]LogModuleManager: Shutting down and abandoning module OculusEditor (262)
[2018.01.03-03.57.53:861][ 46]LogModuleManager: Shutting down and abandoning module LocationServicesBPLibrary (260)
[2018.01.03-03.57.53:862][ 46]LogModuleManager: Shutting down and abandoning module ImmediatePhysicsEditor (258)
[2018.01.03-03.57.53:862][ 46]LogModuleManager: Shutting down and abandoning module ImmediatePhysics (256)
[2018.01.03-03.57.53:957][ 46]LogModuleManager: Shutting down and abandoning module UdpMessaging (254)
[2018.01.03-03.57.54:058][ 46]LogModuleManager: Shutting down and abandoning module TcpMessaging (252)
[2018.01.03-03.57.54:192][ 46]LogModuleManager: Shutting down and abandoning module GameplayTagsEditor (250)
[2018.01.03-03.57.54:215][ 46]LogModuleManager: Shutting down and abandoning module FacialAnimationEditor (248)
[2018.01.03-03.57.54:215][ 46]LogModuleManager: Shutting down and abandoning module FacialAnimation (246)
[2018.01.03-03.57.54:215][ 46]LogModuleManager: Shutting down and abandoning module AssetManagerEditor (244)
[2018.01.03-03.57.54:223][ 46]LogModuleManager: Shutting down and abandoning module GraphEditor (243)
[2018.01.03-03.57.54:264][ 46]LogModuleManager: Shutting down and abandoning module ContentBrowser (241)
[2018.01.03-03.57.54:265][ 46]LogModuleManager: Shutting down and abandoning module LightPropagationVolumeRuntime (238)
[2018.01.03-03.57.54:265][ 46]LogModuleManager: Shutting down and abandoning module Paper2D (236)
[2018.01.03-03.57.54:265][ 46]LogModuleManager: Shutting down and abandoning module WindowsMoviePlayer (234)
[2018.01.03-03.57.54:277][ 46]LogModuleManager: Shutting down and abandoning module WmfMedia (232)
[2018.01.03-03.57.54:294][ 46]LogModuleManager: Shutting down and abandoning module ImgMedia (230)
[2018.01.03-03.57.54:294][ 46]LogModuleManager: Shutting down and abandoning module PacketHandler (228)
[2018.01.03-03.57.54:294][ 46]LogModuleManager: Shutting down and abandoning module ClothingSystemEditor (226)
[2018.01.03-03.57.54:294][ 46]LogModuleManager: Shutting down and abandoning module ClothingSystemRuntime (224)
[2018.01.03-03.57.54:328][ 46]LogModuleManager: Shutting down and abandoning module MediaAssets (222)
[2018.01.03-03.57.54:328][ 46]LogModuleManager: Shutting down and abandoning module Media (221)
[2018.01.03-03.57.54:333][ 46]LogModuleManager: Shutting down and abandoning module Overlay (218)
[2018.01.03-03.57.54:334][ 46]LogModuleManager: Shutting down and abandoning module OverlayEditor (217)
[2018.01.03-03.57.54:334][ 46]LogModuleManager: Shutting down and abandoning module VREditor (214)
[2018.01.03-03.57.54:368][ 46]LogModuleManager: Shutting down and abandoning module StringTableEditor (212)
[2018.01.03-03.57.54:412][ 46]LogModuleManager: Shutting down and abandoning module GameplayTasksEditor (210)
[2018.01.03-03.57.54:412][ 46]LogModuleManager: Shutting down and abandoning module BehaviorTreeEditor (208)
[2018.01.03-03.57.54:444][ 46]LogModuleManager: Shutting down and abandoning module FunctionalTesting (206)
[2018.01.03-03.57.54:461][ 46]LogModuleManager: Shutting down and abandoning module CollisionAnalyzer (204)
[2018.01.03-03.57.54:491][ 46]LogModuleManager: Shutting down and abandoning module WorkspaceMenuStructure (203)
[2018.01.03-03.57.54:491][ 46]LogModuleManager: Shutting down and abandoning module UMG (200)
[2018.01.03-03.57.54:501][ 46]LogModuleManager: Shutting down and abandoning module UMGEditor (199)
[2018.01.03-03.57.54:525][ 46]LogModuleManager: Shutting down and abandoning module Sequencer (198)
[2018.01.03-03.57.54:560][ 46]LogModuleManager: Shutting down and abandoning module MessageLog (195)
[2018.01.03-03.57.54:560][ 46]LogModuleManager: Shutting down and abandoning module SlateReflector (190)
[2018.01.03-03.57.54:591][ 46]LogModuleManager: Shutting down and abandoning module Slate (188)
[2018.01.03-03.57.54:591][ 46]LogModuleManager: Shutting down and abandoning module EditorStyle (186)
[2018.01.03-03.57.54:606][ 46]LogModuleManager: Shutting down and abandoning module MRMesh (184)
[2018.01.03-03.57.54:606][ 46]LogModuleManager: Shutting down and abandoning module SourceCodeAccess (182)
[2018.01.03-03.57.54:606][ 46]LogModuleManager: Shutting down and abandoning module HeadMountedDisplay (180)
[2018.01.03-03.57.54:606][ 46]LogModuleManager: Shutting down and abandoning module XAudio2 (178)
[2018.01.03-03.57.54:606][ 46]LogModuleManager: Shutting down and abandoning module Networking (176)
[2018.01.03-03.57.54:606][ 46]LogModuleManager: Shutting down and abandoning module Core (172)
[2018.01.03-03.57.54:606][ 46]LogModuleManager: Shutting down and abandoning module LevelSequence (168)
[2018.01.03-03.57.54:619][ 46]LogModuleManager: Shutting down and abandoning module DirectoryWatcher (166)
[2018.01.03-03.57.54:622][ 46]LogModuleManager: Shutting down and abandoning module KismetCompiler (164)
[2018.01.03-03.57.54:622][ 46]LogModuleManager: Shutting down and abandoning module MeshUtilities (162)
[2018.01.03-03.57.54:637][ 46]LogModuleManager: Shutting down and abandoning module MeshMergeUtilities (161)
[2018.01.03-03.57.54:647][ 46]LogModuleManager: Shutting down and abandoning module MeshReductionInterface (160)
[2018.01.03-03.57.54:647][ 46]LogModuleManager: Shutting down and abandoning module SimplygonSwarm (159)
[2018.01.03-03.57.54:662][ 46]LogModuleManager: Shutting down and abandoning module SimplygonMeshReduction (157)
[2018.01.03-03.57.54:662][ 46]LogModuleManager: Shutting down and abandoning module QuadricMeshReduction (155)
[2018.01.03-03.57.54:677][ 46]LogModuleManager: Shutting down and abandoning module MaterialBaking (151)
[2018.01.03-03.57.54:683][ 46]LogModuleManager: Shutting down and abandoning module DerivedDataCache (148)
[2018.01.03-03.57.54:750][ 46]LogDerivedDataCache: Shutdown
[2018.01.03-03.57.54:750][ 46]LogModuleManager: Shutting down and abandoning module TargetPlatform (146)
[2018.01.03-03.57.54:751][ 46]LogModuleManager: Shutting down and abandoning module VulkanShaderFormat (145)
[2018.01.03-03.57.54:765][ 46]LogModuleManager: Shutting down and abandoning module ShaderFormatVectorVM (143)
[2018.01.03-03.57.54:784][ 46]LogModuleManager: Shutting down and abandoning module ShaderFormatOpenGL (141)
[2018.01.03-03.57.54:817][ 46]LogModuleManager: Shutting down and abandoning module ShaderFormatD3D (139)
[2018.01.03-03.57.54:821][ 46]LogModuleManager: Shutting down and abandoning module MetalShaderFormat (137)
[2018.01.03-03.57.54:838][ 46]LogModuleManager: Shutting down and abandoning module TextureFormatUncompressed (135)
[2018.01.03-03.57.54:838][ 46]LogModuleManager: Shutting down and abandoning module TextureFormatPVR (133)
[2018.01.03-03.57.54:838][ 46]LogModuleManager: Shutting down and abandoning module TextureFormatDXT (131)
[2018.01.03-03.57.54:850][ 46]LogModuleManager: Shutting down and abandoning module TextureFormatIntelISPCTexComp (129)
[2018.01.03-03.57.54:853][ 46]LogModuleManager: Shutting down and abandoning module TextureFormatASTC (127)
[2018.01.03-03.57.54:853][ 46]LogModuleManager: Shutting down and abandoning module ImageWrapper (126)
[2018.01.03-03.57.54:853][ 46]LogModuleManager: Shutting down and abandoning module TextureFormatAndroid (123)
[2018.01.03-03.57.54:853][ 46]LogModuleManager: Shutting down and abandoning module AudioFormatOpus (121)
[2018.01.03-03.57.54:853][ 46]LogModuleManager: Shutting down and abandoning module AudioFormatOgg (119)
[2018.01.03-03.57.54:853][ 46]LogModuleManager: Shutting down and abandoning module AudioFormatADPCM (117)
[2018.01.03-03.57.54:853][ 46]LogModuleManager: Shutting down and abandoning module LinuxTargetPlatform (115)
[2018.01.03-03.57.54:853][ 46]LogModuleManager: Shutting down and abandoning module LinuxServerTargetPlatform (113)
[2018.01.03-03.57.54:853][ 46]LogModuleManager: Shutting down and abandoning module LinuxNoEditorTargetPlatform (111)
[2018.01.03-03.57.54:853][ 46]LogModuleManager: Shutting down and abandoning module LinuxClientTargetPlatform (109)
[2018.01.03-03.57.54:853][ 46]LogModuleManager: Shutting down and abandoning module TVOSTargetPlatform (107)
[2018.01.03-03.57.54:853][ 46]LogModuleManager: Shutting down and abandoning module Messaging (105)
[2018.01.03-03.57.54:853][ 46]LogModuleManager: Shutting down and abandoning module IOSTargetPlatform (103)
[2018.01.03-03.57.54:853][ 46]LogModuleManager: Shutting down and abandoning module HTML5TargetPlatform (101)
[2018.01.03-03.57.54:853][ 46]LogModuleManager: Shutting down and abandoning module AndroidTargetPlatform (99)
[2018.01.03-03.57.54:853][ 46]LogModuleManager: Shutting down and abandoning module Android_PVRTCTargetPlatform (97)
[2018.01.03-03.57.54:853][ 46]LogModuleManager: Shutting down and abandoning module Android_MultiTargetPlatform (95)
[2018.01.03-03.57.54:853][ 46]LogModuleManager: Shutting down and abandoning module Android_ETC2TargetPlatform (93)
[2018.01.03-03.57.54:853][ 46]LogModuleManager: Shutting down and abandoning module Android_ETC1TargetPlatform (91)
[2018.01.03-03.57.54:853][ 46]LogModuleManager: Shutting down and abandoning module Android_DXTTargetPlatform (89)
[2018.01.03-03.57.54:853][ 46]LogModuleManager: Shutting down and abandoning module Android_ATCTargetPlatform (87)
[2018.01.03-03.57.54:853][ 46]LogModuleManager: Shutting down and abandoning module Android_ASTCTargetPlatform (85)
[2018.01.03-03.57.54:853][ 46]LogModuleManager: Shutting down and abandoning module WindowsTargetPlatform (83)
[2018.01.03-03.57.54:853][ 46]LogModuleManager: Shutting down and abandoning module WindowsServerTargetPlatform (81)
[2018.01.03-03.57.54:853][ 46]LogModuleManager: Shutting down and abandoning module WindowsNoEditorTargetPlatform (79)
[2018.01.03-03.57.54:853][ 46]LogModuleManager: Shutting down and abandoning module WindowsClientTargetPlatform (77)
[2018.01.03-03.57.54:853][ 46]LogModuleManager: Shutting down and abandoning module MacTargetPlatform (75)
[2018.01.03-03.57.54:853][ 46]LogModuleManager: Shutting down and abandoning module MacServerTargetPlatform (73)
[2018.01.03-03.57.54:853][ 46]LogModuleManager: Shutting down and abandoning module MacNoEditorTargetPlatform (71)
[2018.01.03-03.57.54:853][ 46]LogModuleManager: Shutting down and abandoning module MacClientTargetPlatform (69)
[2018.01.03-03.57.54:853][ 46]LogModuleManager: Shutting down and abandoning module AllDesktopTargetPlatform (67)
[2018.01.03-03.57.54:853][ 46]LogModuleManager: Shutting down and abandoning module InputCore (64)
[2018.01.03-03.57.54:853][ 46]LogModuleManager: Shutting down and abandoning module Settings (62)
[2018.01.03-03.57.54:853][ 46]LogModuleManager: Shutting down and abandoning module PhysXCooking (60)
[2018.01.03-03.57.54:853][ 46]LogModuleManager: Shutting down and abandoning module SteamVR (58)
[2018.01.03-03.57.54:853][ 46]LogModuleManager: Shutting down and abandoning module OculusHMD (56)
[2018.01.03-03.57.54:860][ 46]LogModuleManager: Shutting down and abandoning module ExampleDeviceProfileSelector (54)
[2018.01.03-03.57.54:860][ 46]LogModuleManager: Shutting down and abandoning module AppleARKit (52)
[2018.01.03-03.57.54:860][ 46]LogModuleManager: Shutting down and abandoning module AugmentedReality (51)
[2018.01.03-03.57.54:860][ 46]LogModuleManager: Shutting down and abandoning module OnlineBlueprintSupport (48)
[2018.01.03-03.57.54:860][ 46]LogModuleManager: Shutting down and abandoning module OnlineSubsystem (44)
[2018.01.03-03.57.54:874][ 46]LogModuleManager: Shutting down and abandoning module XMPP (43)
[2018.01.03-03.57.54:888][ 46]LogModuleManager: Shutting down and abandoning module HTTP (41)
[2018.01.03-03.57.54:888][ 46]LogHttp: Display: Http module shutting down, but needs to wait on 1 outstanding Http requests:
[2018.01.03-03.57.54:902][ 46]LogHttp: Display: 	verb=[POST] url=[https://datarouter.ol.epicgames.com/datarouter/api/v1/public/data?SessionID=%7B2B5AC9D7-435B-6217-36C2-5DA0CAD2B1CD%7D&AppID=UEEditor.Rocket.Release&AppVersion=4.18.2-3794801%2B%2B%2BUE4%2BRelease-4.18&UserID=1dbe29a74a110e813fe6fcbaf583657f%7C389c3ae4a1484d61bf4434d75b51f084%7Ce3a279f3-8b12-4bfa-83ea-e1deef642d31&AppEnvironment=datacollector-binary&UploadType=eteventstream] status=Processing
[2018.01.03-03.57.54:932][ 46]LogModuleManager: Shutting down and abandoning module SSL (40)
[2018.01.03-03.57.54:956][ 46]LogModuleManager: Shutting down and abandoning module AnimationModifiers (36)
[2018.01.03-03.57.54:971][ 46]LogModuleManager: Shutting down and abandoning module PropertyEditor (35)
[2018.01.03-03.57.54:971][ 46]LogModuleManager: Shutting down and abandoning module AudioEditor (32)
[2018.01.03-03.57.54:982][ 46]LogModuleManager: Shutting down and abandoning module TextureCompressor (30)
[2018.01.03-03.57.54:996][ 46]LogModuleManager: Shutting down and abandoning module ShaderCore (28)
[2018.01.03-03.57.54:996][ 46]LogModuleManager: Shutting down and abandoning module Landscape (26)
[2018.01.03-03.57.54:996][ 46]LogModuleManager: Shutting down and abandoning module SlateRHIRenderer (24)
[2018.01.03-03.57.55:004][ 46]LogModuleManager: Shutting down and abandoning module OpenGLDrv (22)
[2018.01.03-03.57.55:021][ 46]LogModuleManager: Shutting down and abandoning module D3D11RHI (20)
[2018.01.03-03.57.55:021][ 46]LogModuleManager: Shutting down and abandoning module AnimGraphRuntime (18)
[2018.01.03-03.57.55:030][ 46]LogModuleManager: Shutting down and abandoning module Renderer (16)
[2018.01.03-03.57.55:030][ 46]LogModuleManager: Shutting down and abandoning module Engine (14)
[2018.01.03-03.57.55:030][ 46]LogModuleManager: Shutting down and abandoning module CoreUObject (12)
[2018.01.03-03.57.55:030][ 46]LogModuleManager: Shutting down and abandoning module NetworkFile (10)
[2018.01.03-03.57.55:039][ 46]LogModuleManager: Shutting down and abandoning module CookedIterativeFile (8)
[2018.01.03-03.57.55:051][ 46]LogModuleManager: Shutting down and abandoning module StreamingFile (6)
[2018.01.03-03.57.55:067][ 46]LogModuleManager: Shutting down and abandoning module SandboxFile (4)
[2018.01.03-03.57.55:067][ 46]LogModuleManager: Shutting down and abandoning module PakFile (2)
[2018.01.03-03.57.55:115][ 46]LogExit: Exiting.
[2018.01.03-03.57.55:130][ 46]Log file closed, 01/02/18 22:57:55
