Log file open, 01/22/18 12:44:08
LogWindows: Failed to load 'aqProf.dll' (GetLastError=126)
LogWindows: File 'aqProf.dll' does not exist
LogWindows: Failed to load 'VtuneApi.dll' (GetLastError=126)
LogWindows: File 'VtuneApi.dll' does not exist
LogWindows: Failed to load 'VtuneApi32e.dll' (GetLastError=126)
LogWindows: File 'VtuneApi32e.dll' does not exist
LogInit: Display: Running engine for game: fpstutorial
LogPlatformFile: Not using cached read wrapper
LogInit: Display: RandInit(-1444398015) SRandInit(-1444398015).
LogInit: Read version file with build ID '3709383'
LogInit: Overriding engine version to CL 3709383, compatible CL 3709383
LogInit: Registered custom module enumerator with build ID '3709383'
LogTaskGraph: Started task graph with 5 named threads and 14 total threads with 3 sets of task threads.
LogStats: Stats thread started at 0.191071
LogD3D11RHI: Aftermath initialized
LogModuleManager: Display: Found up-to-date module file ../../../Engine/Plugins/2D/Paper2D/Binaries/Win64/UE4Editor-Paper2D.dll (API version 3709383).
LogModuleManager: Display: Found up-to-date module file ../../../Engine/Plugins/2D/Paper2D/Binaries/Win64/UE4Editor-Paper2DEditor.dll (API version 3709383).
LogModuleManager: Display: Found up-to-date module file ../../../Engine/Plugins/2D/Paper2D/Binaries/Win64/UE4Editor-PaperSpriteSheetImporter.dll (API version 3709383).
LogModuleManager: Display: Found up-to-date module file ../../../Engine/Plugins/2D/Paper2D/Binaries/Win64/UE4Editor-PaperTiledImporter.dll (API version 3709383).
LogModuleManager: Display: Found up-to-date module file ../../../Engine/Plugins/2D/Paper2D/Binaries/Win64/UE4Editor-SmartSnapping.dll (API version 3709383).
LogModuleManager: Display: Found up-to-date module file ../../../Engine/Plugins/Blendables/LightPropagationVolume/Binaries/Win64/UE4Editor-LightPropagationVolumeRuntime.dll (API version 3709383).
LogModuleManager: Display: Found up-to-date module file ../../../Engine/Plugins/Blendables/LightPropagationVolume/Binaries/Win64/UE4Editor-LightPropagationVolumeEditor.dll (API version 3709383).
LogModuleManager: Display: Found up-to-date module file ../../../Engine/Plugins/Developer/GitSourceControl/Binaries/Win64/UE4Editor-GitSourceControl.dll (API version 3709383).
LogModuleManager: Display: Found up-to-date module file ../../../Engine/Plugins/Developer/PerforceSourceControl/Binaries/Win64/UE4Editor-PerforceSourceControl.dll (API version 3709383).
LogModuleManager: Display: Found up-to-date module file ../../../Engine/Plugins/Developer/SubversionSourceControl/Binaries/Win64/UE4Editor-SubversionSourceControl.dll (API version 3709383).
LogModuleManager: Display: Found up-to-date module file ../../../Engine/Plugins/Developer/UObjectPlugin/Binaries/Win64/UE4Editor-UObjectPlugin.dll (API version 3709383).
LogModuleManager: Display: Found up-to-date module file ../../../Engine/Plugins/Developer/VisualStudioCodeSourceCodeAccess/Binaries/Win64/UE4Editor-VisualStudioCodeSourceCodeAccess.dll (API version 3709383).
LogModuleManager: Display: Found up-to-date module file ../../../Engine/Plugins/Developer/VisualStudioSourceCodeAccess/Binaries/Win64/UE4Editor-VisualStudioSourceCodeAccess.dll (API version 3709383).
LogModuleManager: Display: Found up-to-date module file ../../../Engine/Plugins/Editor/AssetManagerEditor/Binaries/Win64/UE4Editor-AssetManagerEditor.dll (API version 3709383).
LogModuleManager: Display: Found up-to-date module file ../../../Engine/Plugins/Editor/AudioCapture/Binaries/Win64/UE4Editor-AudioCapture.dll (API version 3709383).
LogModuleManager: Display: Found up-to-date module file ../../../Engine/Plugins/Editor/FacialAnimation/Binaries/Win64/UE4Editor-FacialAnimation.dll (API version 3709383).
LogModuleManager: Display: Found up-to-date module file ../../../Engine/Plugins/Editor/FacialAnimation/Binaries/Win64/UE4Editor-FacialAnimationEditor.dll (API version 3709383).
LogModuleManager: Display: Found up-to-date module file ../../../Engine/Plugins/Editor/GameplayTagsEditor/Binaries/Win64/UE4Editor-GameplayTagsEditor.dll (API version 3709383).
LogModuleManager: Display: Found up-to-date module file ../../../Engine/Plugins/Editor/MobileLauncherProfileWizard/Binaries/Win64/UE4Editor-MobileLauncherProfileWizard.dll (API version 3709383).
LogModuleManager: Display: Found up-to-date module file ../../../Engine/Plugins/Editor/PluginBrowser/Binaries/Win64/UE4Editor-PluginBrowser.dll (API version 3709383).
LogModuleManager: Display: Found up-to-date module file ../../../Engine/Plugins/Editor/SpeedTreeImporter/Binaries/Win64/UE4Editor-SpeedTreeImporter.dll (API version 3709383).
LogModuleManager: Display: Found up-to-date module file ../../../Engine/Plugins/Experimental/AlembicImporter/Binaries/Win64/UE4Editor-AlembicImporter.dll (API version 3709383).
LogModuleManager: Display: Found up-to-date module file ../../../Engine/Plugins/Experimental/AlembicImporter/Binaries/Win64/UE4Editor-AlembicLibrary.dll (API version 3709383).
LogModuleManager: Display: Found up-to-date module file ../../../Engine/Plugins/Experimental/CharacterAI/Binaries/Win64/UE4Editor-CharacterAI.dll (API version 3709383).
LogModuleManager: Display: Found up-to-date module file ../../../Engine/Plugins/Experimental/HTML5Networking/Binaries/Win64/UE4Editor-HTML5Networking.dll (API version 3709383).
LogModuleManager: Display: Found up-to-date module file ../../../Engine/Plugins/Media/AndroidMedia/Binaries/Win64/UE4Editor-AndroidMediaEditor.dll (API version 3709383).
LogModuleManager: Display: Found up-to-date module file ../../../Engine/Plugins/Media/AndroidMedia/Binaries/Win64/UE4Editor-AndroidMediaFactory.dll (API version 3709383).
LogModuleManager: Display: Found up-to-date module file ../../../Engine/Plugins/Media/AvfMedia/Binaries/Win64/UE4Editor-AvfMediaEditor.dll (API version 3709383).
LogModuleManager: Display: Found up-to-date module file ../../../Engine/Plugins/Media/AvfMedia/Binaries/Win64/UE4Editor-AvfMediaFactory.dll (API version 3709383).
LogModuleManager: Display: Found up-to-date module file ../../../Engine/Plugins/Media/AvfMedia/Binaries/Win64/UE4Editor-AvfMediaFactory.dll (API version 3709383).
LogModuleManager: Display: Found up-to-date module file ../../../Engine/Plugins/Media/ImgMedia/Binaries/Win64/UE4Editor-ImgMedia.dll (API version 3709383).
LogModuleManager: Display: Found up-to-date module file ../../../Engine/Plugins/Media/ImgMedia/Binaries/Win64/UE4Editor-ImgMediaEditor.dll (API version 3709383).
LogModuleManager: Display: Found up-to-date module file ../../../Engine/Plugins/Media/ImgMedia/Binaries/Win64/UE4Editor-ImgMediaFactory.dll (API version 3709383).
LogModuleManager: Display: Found up-to-date module file ../../../Engine/Plugins/Media/ImgMedia/Binaries/Win64/UE4Editor-ImgMediaFactory.dll (API version 3709383).
LogModuleManager: Display: Found up-to-date module file ../../../Engine/Plugins/Media/ImgMedia/Binaries/Win64/UE4Editor-OpenExrWrapper.dll (API version 3709383).
LogModuleManager: Display: Found up-to-date module file ../../../Engine/Plugins/Media/MediaCompositing/Binaries/Win64/UE4Editor-MediaCompositing.dll (API version 3709383).
LogModuleManager: Display: Found up-to-date module file ../../../Engine/Plugins/Media/MediaCompositing/Binaries/Win64/UE4Editor-MediaCompositingEditor.dll (API version 3709383).
LogModuleManager: Display: Found up-to-date module file ../../../Engine/Plugins/Media/MediaPlayerEditor/Binaries/Win64/UE4Editor-MediaPlayerEditor.dll (API version 3709383).
LogModuleManager: Display: Found up-to-date module file ../../../Engine/Plugins/Media/WmfMedia/Binaries/Win64/UE4Editor-WmfMedia.dll (API version 3709383).
LogModuleManager: Display: Found up-to-date module file ../../../Engine/Plugins/Media/WmfMedia/Binaries/Win64/UE4Editor-WmfMediaEditor.dll (API version 3709383).
LogModuleManager: Display: Found up-to-date module file ../../../Engine/Plugins/Media/WmfMedia/Binaries/Win64/UE4Editor-WmfMediaFactory.dll (API version 3709383).
LogModuleManager: Display: Found up-to-date module file ../../../Engine/Plugins/Media/WmfMedia/Binaries/Win64/UE4Editor-WmfMediaFactory.dll (API version 3709383).
LogModuleManager: Display: Found up-to-date module file ../../../Engine/Plugins/Messaging/TcpMessaging/Binaries/Win64/UE4Editor-TcpMessaging.dll (API version 3709383).
LogModuleManager: Display: Found up-to-date module file ../../../Engine/Plugins/Messaging/UdpMessaging/Binaries/Win64/UE4Editor-UdpMessaging.dll (API version 3709383).
LogModuleManager: Display: Found up-to-date module file ../../../Engine/Plugins/MovieScene/ActorSequence/Binaries/Win64/UE4Editor-ActorSequence.dll (API version 3709383).
LogModuleManager: Display: Found up-to-date module file ../../../Engine/Plugins/MovieScene/LevelSequenceEditor/Binaries/Win64/UE4Editor-LevelSequenceEditor.dll (API version 3709383).
LogModuleManager: Display: Found up-to-date module file ../../../Engine/Plugins/MovieScene/MatineeToLevelSequence/Binaries/Win64/UE4Editor-MatineeToLevelSequence.dll (API version 3709383).
LogModuleManager: Display: Found up-to-date module file ../../../Engine/Plugins/Online/OnlineSubsystem/Binaries/Win64/UE4Editor-OnlineSubsystem.dll (API version 3709383).
LogModuleManager: Display: Found up-to-date module file ../../../Engine/Plugins/Runtime/AndroidPermission/Binaries/Win64/UE4Editor-AndroidPermission.dll (API version 3709383).
LogModuleManager: Display: Found up-to-date module file ../../../Engine/Plugins/Online/OnlineSubsystemNull/Binaries/Win64/UE4Editor-OnlineSubsystemNull.dll (API version 3709383).
LogModuleManager: Display: Found up-to-date module file ../../../Engine/Plugins/Online/OnlineSubsystemUtils/Binaries/Win64/UE4Editor-OnlineSubsystemUtils.dll (API version 3709383).
LogModuleManager: Display: Found up-to-date module file ../../../Engine/Plugins/Online/OnlineSubsystemUtils/Binaries/Win64/UE4Editor-OnlineBlueprintSupport.dll (API version 3709383).
LogModuleManager: Display: Found up-to-date module file ../../../Engine/Plugins/Runtime/AndroidDeviceProfileSelector/Binaries/Win64/UE4Editor-AndroidDeviceProfileSelector.dll (API version 3709383).
LogModuleManager: Display: Found up-to-date module file ../../../Engine/Plugins/Runtime/AppleARKit/Binaries/Win64/UE4Editor-AppleARKit.dll (API version 3709383).
LogModuleManager: Display: Found up-to-date module file ../../../Engine/Plugins/Runtime/ArchVisCharacter/Binaries/Win64/UE4Editor-ArchVisCharacter.dll (API version 3709383).
LogModuleManager: Display: Found up-to-date module file ../../../Engine/Plugins/Runtime/CableComponent/Binaries/Win64/UE4Editor-CableComponent.dll (API version 3709383).
LogModuleManager: Display: Found up-to-date module file ../../../Engine/Plugins/Runtime/CustomMeshComponent/Binaries/Win64/UE4Editor-CustomMeshComponent.dll (API version 3709383).
LogModuleManager: Display: Found up-to-date module file ../../../Engine/Plugins/Runtime/ExampleDeviceProfileSelector/Binaries/Win64/UE4Editor-ExampleDeviceProfileSelector.dll (API version 3709383).
LogModuleManager: Display: Found up-to-date module file ../../../Engine/Plugins/Runtime/ImmediatePhysics/Binaries/Win64/UE4Editor-ImmediatePhysics.dll (API version 3709383).
LogModuleManager: Display: Found up-to-date module file ../../../Engine/Plugins/Runtime/ImmediatePhysics/Binaries/Win64/UE4Editor-ImmediatePhysicsEditor.dll (API version 3709383).
LogModuleManager: Display: Found up-to-date module file ../../../Engine/Plugins/Runtime/LocationServicesBPLibrary/Binaries/Win64/UE4Editor-LocationServicesBPLibrary.dll (API version 3709383).
LogModuleManager: Display: Found up-to-date module file ../../../Engine/Plugins/Runtime/MobilePatchingUtils/Binaries/Win64/UE4Editor-MobilePatchingUtils.dll (API version 3709383).
LogModuleManager: Display: Found up-to-date module file ../../../Engine/Plugins/Runtime/Oculus/OculusVR/Binaries/Win64/UE4Editor-OculusHMD.dll (API version 3709383).
LogModuleManager: Display: Found up-to-date module file ../../../Engine/Plugins/Runtime/Oculus/OculusVR/Binaries/Win64/UE4Editor-OculusInput.dll (API version 3709383).
LogModuleManager: Display: Found up-to-date module file ../../../Engine/Plugins/Runtime/Oculus/OculusVR/Binaries/Win64/UE4Editor-OculusEditor.dll (API version 3709383).
LogModuleManager: Display: Found up-to-date module file ../../../Engine/Plugins/Runtime/PhysXVehicles/Binaries/Win64/UE4Editor-PhysXVehicles.dll (API version 3709383).
LogModuleManager: Display: Found up-to-date module file ../../../Engine/Plugins/Runtime/PhysXVehicles/Binaries/Win64/UE4Editor-PhysXVehiclesEditor.dll (API version 3709383).
LogModuleManager: Display: Found up-to-date module file ../../../Engine/Plugins/Runtime/ProceduralMeshComponent/Binaries/Win64/UE4Editor-ProceduralMeshComponent.dll (API version 3709383).
LogModuleManager: Display: Found up-to-date module file ../../../Engine/Plugins/Runtime/ProceduralMeshComponent/Binaries/Win64/UE4Editor-ProceduralMeshComponentEditor.dll (API version 3709383).
LogModuleManager: Display: Found up-to-date module file ../../../Engine/Plugins/Runtime/RuntimePhysXCooking/Binaries/Win64/UE4Editor-RuntimePhysXCooking.dll (API version 3709383).
LogModuleManager: Display: Found up-to-date module file ../../../Engine/Plugins/Runtime/Steam/SteamVR/Binaries/Win64/UE4Editor-SteamVR.dll (API version 3709383).
LogModuleManager: Display: Found up-to-date module file ../../../Engine/Plugins/Runtime/Steam/SteamVR/Binaries/Win64/UE4Editor-SteamVRController.dll (API version 3709383).
LogModuleManager: Display: Found up-to-date module file ../../../Engine/Plugins/Runtime/WindowsMoviePlayer/Binaries/Win64/UE4Editor-WindowsMoviePlayer.dll (API version 3709383).
LogPluginManager: Mounting plugin Paper2D
LogPluginManager: Mounting plugin LightPropagationVolume
LogPluginManager: Mounting plugin CodeLiteSourceCodeAccess
LogPluginManager: Mounting plugin GitSourceControl
LogPluginManager: Mounting plugin KDevelopSourceCodeAccess
LogPluginManager: Mounting plugin NullSourceCodeAccess
LogPluginManager: Mounting plugin PerforceSourceControl
LogPluginManager: Mounting plugin SubversionSourceControl
LogPluginManager: Mounting plugin UObjectPlugin
LogPluginManager: Mounting plugin VisualStudioCodeSourceCodeAccess
LogPluginManager: Mounting plugin VisualStudioSourceCodeAccess
LogPluginManager: Mounting plugin XCodeSourceCodeAccess
LogPluginManager: Mounting plugin AssetManagerEditor
LogPluginManager: Mounting plugin AudioCapture
LogPluginManager: Mounting plugin FacialAnimation
LogPluginManager: Mounting plugin GameplayTagsEditor
LogPluginManager: Mounting plugin MobileLauncherProfileWizard
LogPluginManager: Mounting plugin PluginBrowser
LogPluginManager: Mounting plugin SpeedTreeImporter
LogPluginManager: Mounting plugin AlembicImporter
LogPluginManager: Mounting plugin CharacterAI
LogPluginManager: Mounting plugin HTML5Networking
LogPluginManager: Mounting plugin AndroidMedia
LogPluginManager: Mounting plugin AvfMedia
LogPluginManager: Mounting plugin ImgMedia
LogPluginManager: Mounting plugin MediaCompositing
LogPluginManager: Mounting plugin MediaPlayerEditor
LogPluginManager: Mounting plugin WmfMedia
LogPluginManager: Mounting plugin TcpMessaging
LogPluginManager: Mounting plugin UdpMessaging
LogPluginManager: Mounting plugin ActorSequence
LogPluginManager: Mounting plugin LevelSequenceEditor
LogPluginManager: Mounting plugin MatineeToLevelSequence
LogPluginManager: Mounting plugin OnlineSubsystemGooglePlay
LogPluginManager: Mounting plugin OnlineSubsystemIOS
LogPluginManager: Mounting plugin OnlineSubsystem
LogPluginManager: Mounting plugin OnlineSubsystemNull
LogPluginManager: Mounting plugin OnlineSubsystemUtils
LogPluginManager: Mounting plugin AndroidDeviceProfileSelector
LogPluginManager: Mounting plugin AndroidMoviePlayer
LogPluginManager: Mounting plugin AndroidPermission
LogPluginManager: Mounting plugin AppleARKit
LogPluginManager: Mounting plugin AppleMoviePlayer
LogPluginManager: Mounting plugin ArchVisCharacter
LogPluginManager: Mounting plugin CableComponent
LogPluginManager: Mounting plugin CustomMeshComponent
LogPluginManager: Mounting plugin ExampleDeviceProfileSelector
LogPluginManager: Mounting plugin GoogleCloudMessaging
LogPluginManager: Mounting plugin ImmediatePhysics
LogPluginManager: Mounting plugin IOSDeviceProfileSelector
LogPluginManager: Mounting plugin LinuxDeviceProfileSelector
LogPluginManager: Mounting plugin LocationServicesBPLibrary
LogPluginManager: Mounting plugin MobilePatchingUtils
LogPluginManager: Mounting plugin OculusVR
LogPluginManager: Plugin shader directory ../../../Engine/Plugins/Runtime/Oculus/OculusVR/Shaders found
LogPluginManager: Mapping shader source directory ../../../Engine/Plugins/Runtime/Oculus/OculusVR/Shaders to virtual directory /Plugin/OculusVR
LogPluginManager: Mounting plugin PhysXVehicles
LogPluginManager: Mounting plugin ProceduralMeshComponent
LogPluginManager: Mounting plugin RuntimePhysXCooking
LogPluginManager: Mounting plugin SteamVR
LogPluginManager: Mounting plugin WindowsMoviePlayer
LogInit: Using libcurl 7.47.1
LogInit:  - built for x86_64-pc-win32
LogInit:  - supports SSL with OpenSSL/1.0.2g
LogInit:  - supports HTTP deflate (compression) using libz 1.2.8
LogInit:  - other features:
LogInit:      CURL_VERSION_SSL
LogInit:      CURL_VERSION_LIBZ
LogInit:      CURL_VERSION_IPV6
LogInit:      CURL_VERSION_ASYNCHDNS
LogInit:      CURL_VERSION_LARGEFILE
LogInit:      CURL_VERSION_IDN
LogInit:  CurlRequestOptions (configurable via config and command line):
LogInit:  - bVerifyPeer = false  - Libcurl will NOT verify peer certificate
LogInit:  - bUseHttpProxy = true  - Libcurl will use HTTP proxy
LogInit:  - HttpProxyAddress = '127.0.0.1:50006'
LogInit:  - bDontReuseConnections = false  - Libcurl will reuse connections
LogInit:  - CertBundlePath = nullptr  - Libcurl will use whatever was configured at build time.
LogInit: Build: ++UE4+Release-4.18-CL-3709383
LogInit: Engine Version: 4.18.0-3709383+++UE4+Release-4.18
LogInit: Compatible Engine Version: 4.18.0-3709383+++UE4+Release-4.18
LogInit: Net CL: 3709383
LogDevObjectVersion: Number of dev versions registered: 16
LogDevObjectVersion:   Dev-Blueprints (B0D832E4-1F89-4F0D-ACCF-7EB736FD4AA2): 10
LogDevObjectVersion:   Dev-Build (E1C64328-A22C-4D53-A36C-8E866417BD8C): 0
LogDevObjectVersion:   Dev-Core (375EC13C-06E4-48FB-B500-84F0262A717E): 2
LogDevObjectVersion:   Dev-Editor (E4B068ED-F494-42E9-A231-DA0B2E46BB41): 20
LogDevObjectVersion:   Dev-Framework (CFFC743F-43B0-4480-9391-14DF171D2073): 30
LogDevObjectVersion:   Dev-Mobile (B02B49B5-BB20-44E9-A304-32B752E40360): 0
LogDevObjectVersion:   Dev-Networking (A4E4105C-59A1-49B5-A7C5-40C4547EDFEE): 0
LogDevObjectVersion:   Dev-Online (39C831C9-5AE6-47DC-9A44-9C173E1C8E7C): 0
LogDevObjectVersion:   Dev-Physics (78F01B33-EBEA-4F98-B9B4-84EACCB95AA2): 0
LogDevObjectVersion:   Dev-Platform (6631380F-2D4D-43E0-8009-CF276956A95A): 0
LogDevObjectVersion:   Dev-Rendering (12F88B9F-8875-4AFC-A67C-D90C383ABD29): 20
LogDevObjectVersion:   Dev-Sequencer (7B5AE74C-D270-4C10-A958-57980B212A5A): 4
LogDevObjectVersion:   Dev-VR (D7296918-1DD6-4BDD-9DE2-64A83CC13884): 0
LogDevObjectVersion:   Dev-LoadTimes (C2A15278-BFE7-4AFE-6C17-90FF531DF755): 1
LogDevObjectVersion:   Private-Geometry (6EACA3D4-40EC-4CC1-B786-8BED09428FC5): 1
LogDevObjectVersion:   Dev-AnimPhys (29E575DD-E0A3-4627-9D10-D276232CDCEA): 12
LogInit: Compiled (64-bit): Oct 20 2017 10:39:19
LogInit: Compiled with Visual C++: 19.00.24215.01
LogInit: Build Configuration: Development
LogInit: Branch Name: ++UE4+Release-4.18
LogInit: Command line: -EpicPortal 
LogInit: Base directory: C:/Users/1874558/Desktop/UNREAL ENGINE SHIT/UE_4.18/Engine/Binaries/Win64/
LogInit: Installed Engine Build: 1
LogInit: Presizing for max 8388607 objects, including 0 objects not considered by GC, pre-allocating 0 bytes for permanent pool.
LogInit: Object subsystem initialized
[2018.01.22-17.44.09:868][  0]LogInit: Selected Device Profile: [Windows]
[2018.01.22-17.44.09:868][  0]LogInit: Applying CVar settings loaded from the selected device profile: [Windows]
[2018.01.22-17.44.09:916][  0]LogInit: Computer: JMH-RM116-02
[2018.01.22-17.44.09:916][  0]LogInit: User: 1874558
[2018.01.22-17.44.09:916][  0]LogInit: CPU Page size=4096, Cores=4
[2018.01.22-17.44.09:916][  0]LogInit: High frequency timer resolution =2.923105 MHz
[2018.01.22-17.44.09:917][  0]LogMemory: Memory total: Physical=7.9GB (8GB approx)
[2018.01.22-17.44.09:917][  0]LogMemory: Platform Memory Stats for Windows
[2018.01.22-17.44.09:917][  0]LogMemory: Process Physical Memory: 271.49 MB used, 271.49 MB peak
[2018.01.22-17.44.09:917][  0]LogMemory: Process Virtual Memory: 264.56 MB used, 264.56 MB peak
[2018.01.22-17.44.09:917][  0]LogMemory: Physical Memory: 2963.47 MB used,  5128.55 MB free, 8092.02 MB total
[2018.01.22-17.44.09:917][  0]LogMemory: Virtual Memory: 608.55 MB used,  5128.55 MB free, 8388608.00 MB total
[2018.01.22-17.44.10:046][  0]LogInit: Using OS detected language (en-US).
[2018.01.22-17.44.10:046][  0]LogInit: Using OS detected locale (en-US).
[2018.01.22-17.44.10:049][  0]LogTextLocalizationManager: No specific localization for 'en-US' exists, so the 'en' localization will be used.
[2018.01.22-17.44.10:476][  0]LogWindows: Failed to load 'shcore.dll' (GetLastError=126)
[2018.01.22-17.44.10:476][  0]LogWindows: File 'shcore.dll' does not exist
[2018.01.22-17.44.10:476][  0]LogInit: Setting process to DPI aware
[2018.01.22-17.44.10:478][  0]LogWindows: Failed to load 'shcore.dll' (GetLastError=126)
[2018.01.22-17.44.10:478][  0]LogWindows: File 'shcore.dll' does not exist
[2018.01.22-17.44.10:478][  0]LogInit: Setting process to DPI aware
[2018.01.22-17.44.10:698][  0]LogD3D11RHI: D3D11 adapters:
[2018.01.22-17.44.10:756][  0]LogD3D11RHI:    0. 'Intel(R) HD Graphics 4600' (Feature Level 11_0)
[2018.01.22-17.44.10:756][  0]LogD3D11RHI:       2092/0/3790 MB DedicatedVideo/DedicatedSystem/SharedSystem, Outputs:1, VendorId:0x8086
[2018.01.22-17.44.10:756][  0]LogD3D11RHI: Chosen D3D11 Adapter: 0
[2018.01.22-17.44.10:760][  0]LogD3D11RHI: Creating new Direct3DDevice
[2018.01.22-17.44.10:760][  0]LogD3D11RHI:     GPU DeviceId: 0x412 (for the marketing name, search the web for "GPU Device Id")
[2018.01.22-17.44.10:760][  0]LogWindows: EnumDisplayDevices:
[2018.01.22-17.44.10:761][  0]LogWindows:    0. 'Intel(R) HD Graphics 4600' (P:1 D:1)
[2018.01.22-17.44.10:761][  0]LogWindows:    1. 'Intel(R) HD Graphics 4600' (P:0 D:0)
[2018.01.22-17.44.10:761][  0]LogWindows:    2. 'Intel(R) HD Graphics 4600' (P:0 D:0)
[2018.01.22-17.44.10:761][  0]LogWindows:    3. 'Intel(R) HD Graphics 4600' (P:0 D:0)
[2018.01.22-17.44.10:761][  0]LogWindows:    4. 'RDPDD Chained DD' (P:0 D:0)
[2018.01.22-17.44.10:761][  0]LogWindows:    5. 'RDP Encoder Mirror Driver' (P:0 D:0)
[2018.01.22-17.44.10:761][  0]LogWindows:    6. 'RDP Reflector Display Driver' (P:0 D:0)
[2018.01.22-17.44.10:761][  0]LogWindows: DebugString: GetVideoDriverDetailsInvalid PrimaryIsNotTheChoosenAdapter GetVideoDriverDetailsInvalid PrimaryIsNotTheChoosenAdapter GetVideoDriverDetailsInvalid PrimaryIsNotTheChoosenAdapter FoundDriverCount:4 
[2018.01.22-17.44.10:761][  0]LogD3D11RHI:     Adapter Name: Intel(R) HD Graphics 4600
[2018.01.22-17.44.10:761][  0]LogD3D11RHI:   Driver Version: 10.18.14.4170 (internal:10.18.14.4170, unified:10.18.14.4170)
[2018.01.22-17.44.10:761][  0]LogD3D11RHI:      Driver Date: 3-16-2015
[2018.01.22-17.44.10:761][  0]LogRHI: Texture pool is 2791 MB (70% of 3987 MB)
[2018.01.22-17.44.10:776][  0]LogD3D11RHI: Async texture creation enabled
[2018.01.22-17.44.10:793][  0]LogD3D11RHI: GPU Timing Frequency: 27.000000 (Debug: 2 2)
[2018.01.22-17.44.10:793][  0]LogShaderCompilers: Guid format shader working directory is -14 characters bigger than the processId version (../../../../../../Documents/GitHub/UE4-FPS-Project/fpstutorial/Intermediate/Shaders/WorkingDirectory/5948/).
[2018.01.22-17.44.10:793][  0]LogShaderCompilers: Cleaned the shader compiler working directory 'C:/Users/1874558/AppData/Local/Temp/UnrealShaderWorkingDir/7CC5669F47EE7D6727F852A9862A3625/'.
[2018.01.22-17.44.10:793][  0]LogShaderCompilers: Display: Using Local Shader Compiler.
[2018.01.22-17.44.11:708][  0]LogTemp: Display: Loaded TP AllDesktopTargetPlatform
[2018.01.22-17.44.11:754][  0]LogTemp: Display: Loaded TP MacClientTargetPlatform
[2018.01.22-17.44.11:800][  0]LogTemp: Display: Loaded TP MacNoEditorTargetPlatform
[2018.01.22-17.44.11:847][  0]LogTemp: Display: Loaded TP MacServerTargetPlatform
[2018.01.22-17.44.11:894][  0]LogTemp: Display: Loaded TP MacTargetPlatform
[2018.01.22-17.44.11:941][  0]LogTemp: Display: Loaded TP WindowsClientTargetPlatform
[2018.01.22-17.44.11:987][  0]LogTemp: Display: Loaded TP WindowsNoEditorTargetPlatform
[2018.01.22-17.44.12:036][  0]LogTemp: Display: Loaded TP WindowsServerTargetPlatform
[2018.01.22-17.44.12:077][  0]LogTemp: Display: Loaded TP WindowsTargetPlatform
[2018.01.22-17.44.12:126][  0]LogTemp: Display: Loaded TP Android_ASTCTargetPlatform
[2018.01.22-17.44.12:181][  0]LogTemp: Display: Loaded TP Android_ATCTargetPlatform
[2018.01.22-17.44.12:231][  0]LogTemp: Display: Loaded TP Android_DXTTargetPlatform
[2018.01.22-17.44.12:277][  0]LogTemp: Display: Loaded TP Android_ETC1TargetPlatform
[2018.01.22-17.44.12:325][  0]LogTemp: Display: Loaded TP Android_ETC2TargetPlatform
[2018.01.22-17.44.12:421][  0]LogTemp: Display: Loaded TP Android_MultiTargetPlatform
[2018.01.22-17.44.12:421][  0]LogTemp: Display: Loaded TP Android_PVRTCTargetPlatform
[2018.01.22-17.44.12:469][  0]LogTemp: Display: Loaded TP AndroidTargetPlatform
[2018.01.22-17.44.12:503][  0]LogTemp: Display: Loaded TP HTML5TargetPlatform
[2018.01.22-17.44.12:582][  0]LogTemp: Display: Loaded TP IOSTargetPlatform
[2018.01.22-17.44.12:606][  0]LogTemp: Display: Loaded TP TVOSTargetPlatform
[2018.01.22-17.44.12:651][  0]LogTemp: Display: Loaded TP LinuxClientTargetPlatform
[2018.01.22-17.44.12:698][  0]LogTemp: Display: Loaded TP LinuxNoEditorTargetPlatform
[2018.01.22-17.44.12:744][  0]LogTemp: Display: Loaded TP LinuxServerTargetPlatform
[2018.01.22-17.44.12:789][  0]LogTemp: Display: Loaded TP LinuxTargetPlatform
[2018.01.22-17.44.12:789][  0]LogTargetPlatformManager: Display: Building Assets For Windows
[2018.01.22-17.44.13:172][  0]LogDerivedDataCache: Display: Max Cache Size: 512 MB
[2018.01.22-17.44.13:285][  0]LogDerivedDataCache: Loaded boot cache 0.11s 78MB C:/Users/1874558/AppData/Local/UnrealEngine/4.18/DerivedDataCache/Boot.ddc.
[2018.01.22-17.44.13:285][  0]LogDerivedDataCache: Display: Loaded Boot cache: C:/Users/1874558/AppData/Local/UnrealEngine/4.18/DerivedDataCache/Boot.ddc
[2018.01.22-17.44.13:285][  0]LogDerivedDataCache: FDerivedDataBackendGraph:  Pak pak cache file ../../../../../../Documents/GitHub/UE4-FPS-Project/fpstutorial/DerivedDataCache/DDC.ddp not found, will not use a pak cache.
[2018.01.22-17.44.13:285][  0]LogDerivedDataCache: Unable to find inner node Pak for hierarchical cache Hierarchy.
[2018.01.22-17.44.13:285][  0]LogDerivedDataCache: FDerivedDataBackendGraph:  CompressedPak pak cache file ../../../../../../Documents/GitHub/UE4-FPS-Project/fpstutorial/DerivedDataCache/Compressed.ddp not found, will not use a pak cache.
[2018.01.22-17.44.13:285][  0]LogDerivedDataCache: Unable to find inner node CompressedPak for hierarchical cache Hierarchy.
[2018.01.22-17.44.13:303][  0]LogDerivedDataCache: Display: Pak cache opened for reading ../../../Engine/DerivedDataCache/Compressed.ddp.
[2018.01.22-17.44.13:316][  0]LogDerivedDataCache: Using Local data cache path C:/Users/1874558/AppData/Local/UnrealEngine/Common/DerivedDataCache: Writable
[2018.01.22-17.44.13:327][  0]LogMaterial: Verifying Global Shaders for PCD3D_SM5
[2018.01.22-17.44.13:327][  0]LogSlate: Using Freetype 2.6.0
[2018.01.22-17.44.13:328][  0]LogSlate: SlateFontCache - WITH_FREETYPE: 1, WITH_HARFBUZZ: 1
[2018.01.22-17.44.13:328][  0]LogSlate: SlateFontCache - WITH_FREETYPE: 1, WITH_HARFBUZZ: 1
[2018.01.22-17.44.13:675][  0]LogInit: Selected Device Profile: [Windows]
[2018.01.22-17.44.13:909][  0]LogSimplygon: Simplygon DLL not present - disabling.
[2018.01.22-17.44.13:944][  0]LogMeshReduction: Using SimplygonSwarm for distributed automatic mesh merging
[2018.01.22-17.44.13:944][  0]LogMeshReduction: Using QuadricMeshReduction for automatic static mesh reduction
[2018.01.22-17.44.13:944][  0]LogMeshReduction: No automatic skeletal mesh reduction module available
[2018.01.22-17.44.13:944][  0]LogMeshReduction: No automatic mesh merging module available
[2018.01.22-17.44.13:944][  0]LogMeshMerging: No automatic mesh merging module available
[2018.01.22-17.44.14:050][  0]LogNetVersion: fpstutorial , NetCL: 3709383, EngineNetVer: 2, GameNetVer: 0 (Checksum: 724704587)
[2018.01.22-17.44.14:207][  0]LogAssetRegistry: FAssetRegistry took 0.0243 seconds to start up
[2018.01.22-17.44.14:752][  0]LogPackageLocalizationCache: Processed 7 localized package path(s) for 2 prioritized culture(s) in 0.075953 seconds
[2018.01.22-17.44.14:758][  0]LogUObjectArray: 35900 objects as part of root set at end of initial load.
[2018.01.22-17.44.14:759][  0]LogUObjectAllocator: 7372016 out of 0 bytes used by permanent object pool.
[2018.01.22-17.44.14:759][  0]LogUObjectArray: CloseDisregardForGC: 0/0 objects in disregard for GC pool
[2018.01.22-17.44.14:802][  0]LogInit: WinSock: version 1.1 (2.2), MaxSocks=32767, MaxUdp=65467
[2018.01.22-17.44.17:212][  0]LogTcpMessaging: Initializing TcpMessaging bridge
[2018.01.22-17.44.17:246][  0]LogUdpMessaging: Initializing bridge on interface 0.0.0.0:0 to multicast group 230.0.0.1:6666.
[2018.01.22-17.44.17:860][  0]LogMaterial: Uniform references updated for custom material expression Custom.
[2018.01.22-17.44.18:250][  0]SourceControl: Source control is disabled
[2018.01.22-17.44.18:250][  0]SourceControl: Source control is disabled
[2018.01.22-17.44.18:295][  0]SourceControl: Source control is disabled
[2018.01.22-17.44.18:345][  0]SourceControl: Source control is disabled
[2018.01.22-17.44.19:022][  0]LogAndroidPermission: UAndroidPermissionCallbackProxy::GetInstance
[2018.01.22-17.44.19:260][  0]LogOcInput: OculusInput pre-init called
[2018.01.22-17.44.19:510][  0]LogEngine: Initializing Engine...
[2018.01.22-17.44.19:512][  0]LogHMD: Failed to initialize OpenVR with code 110
[2018.01.22-17.44.19:750][  0]LogStats: UGameplayTagsManager::ConstructGameplayTagTree: Construct from data asset -  0.000 s
[2018.01.22-17.44.19:780][  0]LogStats: UGameplayTagsManager::ConstructGameplayTagTree: GameplayTagTreeChangedEvent.Broadcast -  0.000 s
[2018.01.22-17.44.19:898][  0]LogAIModule: Creating AISystem for world Untitled
[2018.01.22-17.44.19:906][  0]LogInit: XAudio2 using 'Speakers / Headphones (Realtek High Definition Audio)' : 2 channels at 48 kHz using 32 bits per sample (channel mask 0x3)
[2018.01.22-17.44.20:016][  0]LogInit: FAudioDevice initialized.
[2018.01.22-17.44.20:218][  0]LogDerivedDataCache: Saved boot cache 0.20s 78MB C:/Users/1874558/AppData/Local/UnrealEngine/4.18/DerivedDataCache/Boot.ddc.
[2018.01.22-17.44.20:244][  0]LogInit: Texture streaming: Enabled
[2018.01.22-17.44.20:326][  0]LogEngineSessionManager: EngineSessionManager initialized
[2018.01.22-17.44.20:487][  0]LogInit: Transaction tracking system initialized
[2018.01.22-17.44.20:777][  0]BlueprintLog: New page: Editor Load
[2018.01.22-17.44.21:544][  0]LocalizationService: Localization service is disabled
[2018.01.22-17.44.22:189][  0]LogConsoleResponse: Display: 
[2018.01.22-17.44.22:406][  0]LogCook: Display: Max memory allowance for cook 16384mb min free memory 0mb
[2018.01.22-17.44.22:407][  0]LogCook: Display: Mobile HDR setting 1
[2018.01.22-17.44.22:407][  0]LogGameplayTags: Display: UGameplayTagsManager::DoneAddingNativeTags. DelegateIsBound: 0
[2018.01.22-17.44.22:630][  0]LogFileCache: Scanning file cache for directory 'C:/Users/1874558/Documents/GitHub/UE4-FPS-Project/fpstutorial/Content/' took 0.05s
[2018.01.22-17.44.23:420][  0]SourceControl: Source control is disabled
[2018.01.22-17.44.23:420][  0]Cmd: MAP LOAD FILE="../../../../../../Documents/GitHub/UE4-FPS-Project/fpstutorial/Content/ThirdPersonBP/Maps/ThirdPersonExampleMap.umap" TEMPLATE=0 SHOWPROGRESS=1 FEATURELEVEL=3
[2018.01.22-17.44.23:420][  0]LightingResults: New page: Lighting Build
[2018.01.22-17.44.23:458][  0]MapCheck: New page: Map Check
[2018.01.22-17.44.23:458][  0]LightingResults: New page: Lighting Build
[2018.01.22-17.44.36:335][  0]LogAIModule: Creating AISystem for world ThirdPersonExampleMap
[2018.01.22-17.44.36:432][  0]LogEditorServer: Finished looking for orphan Actors (0.000 secs)
[2018.01.22-17.44.36:488][  0]Cmd: MAP CHECKDEP NOCLEARLOG
[2018.01.22-17.44.36:546][  0]MapCheck: Map check complete: 0 Error(s), 0 Warning(s), took 57.38ms to complete.
[2018.01.22-17.44.36:546][  0]LogFileHelpers: Loading map 'ThirdPersonExampleMap' took 13.126
[2018.01.22-17.44.37:417][  0]LogCollectionManager: Loaded 0 collections in 0.001433 seconds
[2018.01.22-17.44.37:629][  0]LogFileCache: Scanning file cache for directory 'C:/Users/1874558/Documents/GitHub/UE4-FPS-Project/fpstutorial/Saved/Collections/' took 0.01s
[2018.01.22-17.44.37:629][  0]LogFileCache: Scanning file cache for directory 'C:/Users/1874558/Documents/GitHub/UE4-FPS-Project/fpstutorial/Content/Developers/1874558/Collections/' took 0.01s
[2018.01.22-17.44.37:629][  0]LogFileCache: Scanning file cache for directory 'C:/Users/1874558/Documents/GitHub/UE4-FPS-Project/fpstutorial/Content/Collections/' took 0.01s
[2018.01.22-17.44.37:629][  0]LogCollectionManager: Rebuilt the GUID cache for 0 collections in 0.000001 seconds
[2018.01.22-17.44.37:654][  0]LogContentBrowser: Native class hierarchy populated in 0.0234 seconds. Added 2363 classes and 519 folders.
[2018.01.22-17.44.37:943][  0]LogContentBrowser: Native class hierarchy updated for 'WidgetCarousel' in 0.0002 seconds. Added 0 classes and 0 folders.
[2018.01.22-17.44.39:991][  0]LogContentBrowser: Native class hierarchy updated for 'AddContentDialog' in 0.0008 seconds. Added 0 classes and 0 folders.
[2018.01.22-17.44.40:112][  0]LogContentBrowser: Native class hierarchy updated for 'SceneOutliner' in 0.0003 seconds. Added 1 classes and 2 folders.
[2018.01.22-17.44.40:379][  0]LogSlate: Took 0.000464 seconds to synchronously load lazily loaded font '../../../Engine/Content/Slate/Fonts/Roboto-Regular.ttf' (155K)
[2018.01.22-17.44.40:387][  0]LogSlate: Took 0.000345 seconds to synchronously load lazily loaded font '../../../Engine/Content/Slate/Fonts/Roboto-Bold.ttf' (160K)
[2018.01.22-17.44.40:435][  0]LogSlate: Took 0.033624 seconds to synchronously load lazily loaded font '../../../Engine/Content/Editor/Slate/Fonts/FontAwesome.ttf' (139K)
[2018.01.22-17.44.40:941][  0]LogRenderer: Reallocating scene render targets to support 256x256 Format 10 NumSamples 1 (Frame:1).
[2018.01.22-17.44.41:002][  0]LogRenderer: Reallocating scene render targets to support 1056x600 Format 10 NumSamples 1 (Frame:1).
[2018.01.22-17.44.41:599][  0]LogContentBrowser: Native class hierarchy updated for 'HierarchicalLODOutliner' in 0.0002 seconds. Added 1 classes and 2 folders.
[2018.01.22-17.44.41:599][  0]LogLoad: (Engine Initialization) Total time: 34.43 seconds
[2018.01.22-17.44.41:599][  0]LogLoad: (Engine Initialization) Total Blueprint compile time: 0.00 seconds
[2018.01.22-17.44.41:599][  0]LogExternalProfiler: No external profilers were discovered.  External profiling features will not be available.
[2018.01.22-17.44.41:659][  0]LogContentStreaming: Texture pool size now 1000 MB
[2018.01.22-17.44.41:996][  0]LogSlate: Took 0.091080 seconds to synchronously load lazily loaded font '../../../Engine/Content/Slate/Fonts/Roboto-Light.ttf' (159K)
[2018.01.22-17.44.42:780][  5]LogAssetRegistry: Asset discovery search completed in 28.5933 seconds
[2018.01.22-17.44.42:787][  5]LogCollectionManager: Rebuilt the object cache for 0 collections in 0.000000 seconds (found 0 objects)
[2018.01.22-17.44.42:787][  5]LogCollectionManager: Fixed up redirectors for 0 collections in 0.000055 seconds (updated 0 objects)
[2018.01.22-17.44.42:972][  6]LogSlate: Took 0.000183 seconds to synchronously load lazily loaded font '../../../Engine/Content/Slate/Fonts/Roboto-Light.ttf' (159K)
[2018.01.22-17.45.35:499][133]LogActorFactory: Actor Factory created Cube
[2018.01.22-17.45.35:549][133]LogMaterial: Missing cached shader map for material BasicShapeMaterial, compiling. 
[2018.01.22-17.45.36:085][136]LogActorFactory: Actor Factory created Cube
[2018.01.22-17.45.37:741][136]LogActorFactory: Actor Factory created Cube
[2018.01.22-17.45.38:825][137]LogActorFactory: Actor Factory created Cube
[2018.01.22-17.45.47:359][298]LogEditorViewport: Clicking on Actor (LMB): StaticMeshActor (Cube2)
[2018.01.22-17.45.47:401][298]LogEditorViewport: Clicking on Component (LMB): StaticMeshComponent (StaticMeshComponent0)
[2018.01.22-17.46.11:596][827]LogEditorViewport: Clicking on Actor (LMB): StaticMeshActor (Cube)
[2018.01.22-17.46.16:050][925]Cmd: EDIT COPY
[2018.01.22-17.46.17:457][951]Cmd: EDIT PASTE
[2018.01.22-17.46.24:489][101]Cmd: EDIT PASTE
[2018.01.22-17.47.14:082][137]LogEditorViewport: Clicking on Actor (LMB): BP_Sky_Sphere_C (SkySphereBlueprint)
[2018.01.22-17.47.14:143][137]LogEditorViewport: Clicking on Component (LMB): StaticMeshComponent (Sky Sphere mesh)
[2018.01.22-17.47.15:632][167]LogEditorViewport: Clicking on Actor (LMB): StaticMeshActor (Cube5)
[2018.01.22-17.47.18:864][232]LogEditorViewport: Clicking on Actor (CTRL LMB): StaticMeshActor (Cube6)
[2018.01.22-17.47.24:549][350]LogEditorViewport: Clicking on Actor (LMB): BP_Sky_Sphere_C (SkySphereBlueprint)
[2018.01.22-17.47.54:554][976]LogEditorViewport: Clicking on Actor (LMB): StaticMeshActor (Cube2)
[2018.01.22-17.47.57:037][ 26]LogEditorViewport: Clicking on Actor (LMB): StaticMeshActor (Wall7)
[2018.01.22-17.48.03:886][169]LogEditorViewport: Clicking on Actor (LMB): StaticMeshActor (Cube)
[2018.01.22-17.48.04:849][188]LogEditorViewport: Clicking on Actor (CTRL LMB): StaticMeshActor (Cube2)
[2018.01.22-17.48.07:518][246]LogEditorViewport: Clicking on Actor (LMB): StaticMeshActor (Cube2)
[2018.01.22-17.48.09:556][290]LogEditorViewport: Clicking on Actor (LMB): StaticMeshActor (Cube6)
[2018.01.22-17.48.21:205][537]Cmd: EDIT COPY
[2018.01.22-17.48.22:798][573]Cmd: TRANSACTION UNDO
[2018.01.22-17.48.22:798][573]LogEditorTransaction: Undo Move Actors
[2018.01.22-17.48.26:508][670]LogEditorViewport: Clicking on Actor (CTRL LMB): StaticMeshActor (Cube5)
[2018.01.22-17.48.30:006][744]LogEditorViewport: Clicking on Actor (LMB): StaticMeshActor (Wall7)
[2018.01.22-17.48.35:531][859]LogEditorViewport: Clicking on Actor (LMB): StaticMeshActor (Cube6)
[2018.01.22-17.48.37:436][899]LogEditorViewport: Clicking on Actor (CTRL LMB): StaticMeshActor (Cube5)
[2018.01.22-17.48.41:133][980]Cmd: EDIT COPY
[2018.01.22-17.48.41:787][995]Cmd: EDIT PASTE
[2018.01.22-17.49.01:430][418]LogEditorViewport: Clicking on Actor (LMB): StaticMeshActor (Cube7)
[2018.01.22-17.49.07:569][547]LogEditorViewport: Clicking on Actor (LMB): StaticMeshActor (Cube5)
[2018.01.22-17.49.13:546][674]LogEditorViewport: Clicking on Actor (LMB): BP_Sky_Sphere_C (SkySphereBlueprint)
[2018.01.22-17.49.16:698][734]LogEditorViewport: Clicking on Actor (LMB): StaticMeshActor (Cube7)
[2018.01.22-17.49.22:139][849]Cmd: EDIT COPY
[2018.01.22-17.49.22:638][860]Cmd: EDIT PASTE
[2018.01.22-17.49.38:878][198]LogEditorViewport: Clicking on Actor (CTRL LMB): StaticMeshActor (Cube5)
[2018.01.22-17.49.39:412][208]LogEditorViewport: Clicking on Actor (CTRL LMB): StaticMeshActor (Cube6)
[2018.01.22-17.49.40:571][233]LogEditorViewport: Clicking on Actor (LMB): StaticMeshActor (Cube5)
[2018.01.22-17.49.48:534][403]LogEditorViewport: Clicking on Actor (LMB): BP_Sky_Sphere_C (SkySphereBlueprint)
[2018.01.22-17.49.53:592][500]LogEditorViewport: Clicking on Actor (LMB): StaticMeshActor (Cube8)
[2018.01.22-17.49.54:791][523]LogEditorViewport: Clicking on Actor (CTRL LMB): StaticMeshActor (Cube7)
[2018.01.22-17.49.55:886][545]LogEditorViewport: Clicking on Actor (CTRL LMB): StaticMeshActor (Cube9)
[2018.01.22-17.50.31:597][398]MapCheck: New page: Map Check
[2018.01.22-17.50.31:722][398]LightingResults: New page: Lighting Build - Jan 22, 2018, 7:50:31 AM
[2018.01.22-17.50.32:088][398]LogSwarmInterface: [OpenConnection] Registering TCP channel ...
[2018.01.22-17.50.32:268][398]LogSwarmInterface: [OpenConnection] Connecting to agent ...
[2018.01.22-17.50.32:434][398]LogSwarmInterface: [TryOpenConnection] Testing the Agent
[2018.01.22-17.50.34:957][398]LogSwarmInterface: Error: [TryOpenConnection] Waiting for the agent to start up ...
[2018.01.22-17.50.36:016][398]LogSwarmInterface: Error: System.Net.Sockets.SocketException (0x80004005): No connection could be made because the target machine actively refused it 127.0.0.1:8008

Server stack trace: 
   at System.Net.Sockets.Socket.DoConnect(EndPoint endPointSnapshot, SocketAddress socketAddress)
   at System.Net.Sockets.Socket.Connect(EndPoint remoteEP)
   at System.Runtime.Remoting.Channels.RemoteConnection.CreateNewSocket(EndPoint ipEndPoint)
   at System.Runtime.Remoting.Channels.SocketCache.GetSocket(String machinePortAndSid, Boolean openNew)
   at System.Runtime.Remoting.Channels.Tcp.TcpClientTransportSink.SendRequestWithRetry(IMessage msg, ITransportHeaders requestHeaders, Stream requestStream)
   at System.Runtime.Remoting.Channels.Tcp.TcpClientTransportSink.AsyncProcessRequest(IClientChannelSinkStack sinkStack, IMessage msg, ITransportHeaders headers, Stream stream)
   at System.Runtime.Remoting.Channels.BinaryClientFormatterSink.AsyncProcessMessage(IMessage msg, IMessageSink replySink)

Exception rethrown at [0]: 
   at System.Runtime.Remoting.Proxies.RealProxy.HandleReturnMessage(IMessage reqMsg, IMessage retMsg)
   at System.Runtime.Remoting.Proxies.RealProxy.PrivateInvoke(MessageData& msgData, Int32 type)
   at NSwarm.IAgentInterfaceWrapper.MethodDelegate.EndInvoke(Hashtable& OutParameters, IAsyncResult result)
   at NSwarm.FSwarmInterface.TryOpenConnection(FConnectionCallback CallbackFunc, IntPtr CallbackData, ELogFlags LoggingFlags)
[2018.01.22-17.50.41:079][398]LogSwarmInterface: [TryOpenConnection] Opening Connection to Agent
[2018.01.22-17.50.41:080][398]LogSwarmInterface: [TryOpenConnection] Local Process ID is 5948
[2018.01.22-17.50.45:894][398]LogStaticLightingSystem: Running Lightmass w/ ImmediateImport mode ENABLED
[2018.01.22-17.50.45:894][398]LogStaticLightingSystem: Running Lightmass w/ ImmediateProcess mode ENABLED
[2018.01.22-17.50.45:894][398]LogStaticLightingSystem: Running Lightmass w/ Sorting mode ENABLED
[2018.01.22-17.50.45:894][398]LogStaticLightingSystem: Running Lightmass w/ Mapping paddings ENABLED
[2018.01.22-17.50.45:894][398]LogStaticLightingSystem: Running Lightmass w/ Mapping debug paddings DISABLED
[2018.01.22-17.50.46:632][398]LogEditorBuildUtils: Build time 0:14
[2018.01.22-17.50.46:664][398]LogMaterial: Missing cached shader map for material FLightmassMaterialRenderer MaterialInstanceDynamic_0, compiling. 
[2018.01.22-17.50.46:681][398]LogMaterial: Missing cached shader map for material FLightmassMaterialRenderer MaterialInstanceDynamic_0, compiling. 
[2018.01.22-17.50.46:790][399]LogMaterial: Missing cached shader map for material FLightmassMaterialRenderer RampMaterial, compiling. 
[2018.01.22-17.50.46:798][399]LogMaterial: Missing cached shader map for material FLightmassMaterialRenderer RampMaterial, compiling. 
[2018.01.22-17.50.46:854][400]LogMaterial: Missing cached shader map for material FLightmassMaterialRenderer CubeMaterial, compiling. 
[2018.01.22-17.50.46:862][400]LogMaterial: Missing cached shader map for material FLightmassMaterialRenderer CubeMaterial, compiling. 
[2018.01.22-17.50.46:906][401]LogMaterial: Missing cached shader map for material FLightmassMaterialRenderer aMedKitm_albedo_Mat, compiling. 
[2018.01.22-17.50.46:914][401]LogMaterial: Missing cached shader map for material FLightmassMaterialRenderer aMedKitm_albedo_Mat, compiling. 
[2018.01.22-17.50.46:959][402]LogMaterial: Missing cached shader map for material FLightmassMaterialRenderer BasicShapeMaterial, compiling. 
[2018.01.22-17.50.46:967][402]LogMaterial: Missing cached shader map for material FLightmassMaterialRenderer BasicShapeMaterial, compiling. 
[2018.01.22-17.50.47:013][403]LogMaterial: Missing cached shader map for material FLightmassMaterialRenderer WorldGridMaterial, compiling. Is special engine material.
[2018.01.22-17.50.47:022][403]LogMaterial: Missing cached shader map for material FLightmassMaterialRenderer WorldGridMaterial, compiling. Is special engine material.
[2018.01.22-17.51.01:508][622]Job is a success!
[2018.01.22-17.51.01:619][623]LogSlate: Took 0.000420 seconds to synchronously load lazily loaded font '../../../Engine/Content/Slate/Fonts/Roboto-Light.ttf' (159K)
[2018.01.22-17.51.01:729][623]LogVolumetricLightmapImport: Imported Volumetric Lightmap in 0.040s
[2018.01.22-17.51.01:729][623]LogVolumetricLightmapImport:      Indirection Texture 16x16x16 = 0.0Mb
[2018.01.22-17.51.01:729][623]LogVolumetricLightmapImport:      BrickData 345x5x5 = 0.3Mb
[2018.01.22-17.51.01:729][623]LogVolumetricLightmapImport:      Bricks at Level
[2018.01.22-17.51.01:729][623]LogVolumetricLightmapImport:          0: 1.4% covering 100.0% of volume
[2018.01.22-17.51.01:730][623]LogVolumetricLightmapImport:          1: 5.8% covering 6.3% of volume
[2018.01.22-17.51.01:730][623]LogVolumetricLightmapImport:          2: 92.8% covering 1.6% of volume
[2018.01.22-17.51.03:896][623]LogTexture: Display: Building textures: SkyOcclusion1_1 (AutoDXT, 1024X512)
[2018.01.22-17.51.03:896][623]LogTexture: Display: Building textures: HQ_Lightmap1_1 (AutoDXT, 1024X1024)
[2018.01.22-17.51.03:896][623]LogTexture: Display: Building textures: LQ_Lightmap_1_1 (DXT1, 1024X1024)
[2018.01.22-17.51.03:896][623]LogTexture: Display: Building textures: SkyOcclusion1_2 (AutoDXT, 1024X512)
[2018.01.22-17.51.03:896][623]LogTexture: Display: Building textures: HQ_Lightmap1_2 (AutoDXT, 1024X1024)
[2018.01.22-17.51.03:896][623]LogTexture: Display: Building textures: LQ_Lightmap_1_2 (DXT1, 1024X1024)
[2018.01.22-17.51.03:896][623]LogTexture: Display: Building textures: SkyOcclusion1_3 (AutoDXT, 512X256)
[2018.01.22-17.51.03:896][623]LogTexture: Display: Building textures: HQ_Lightmap1_3 (AutoDXT, 512X512)
[2018.01.22-17.51.03:896][623]LogTexture: Display: Building textures: LQ_Lightmap_1_3 (DXT1, 512X512)
[2018.01.22-17.51.03:896][623]LogTexture: Display: Building textures: SkyOcclusion1_4 (AutoDXT, 64X32)
[2018.01.22-17.51.03:896][623]LogTexture: Display: Building textures: HQ_Lightmap1_4 (AutoDXT, 64X64)
[2018.01.22-17.51.03:896][623]LogTexture: Display: Building textures: LQ_Lightmap_1_4 (DXT1, 64X64)
[2018.01.22-17.51.04:096][623]LogTexture: Display: Building textures: ShadowMapTexture2D_4 (G8, 1024X128)
[2018.01.22-17.51.04:097][623]LogTexture: Display: Building textures: ShadowMapTexture2D_5 (G8, 32X32)
[2018.01.22-17.51.04:157][623]LogTexture: Display: Building textures: ShadowMapTexture2D_3 (G8, 1024X1024)
[2018.01.22-17.51.04:584][623]Lightmass on JMH-RM116-02: 11.4 sec total, 140 ms importing, 21 ms setup, 1.27 sec photons, 9.94 sec processing, 0 ms extra exporting [33/33 mappings]. Threads: 39.7 sec total, 20.0 sec processing.
[2018.01.22-17.51.04:616][623]LogStaticLightingSystem: Illumination: 32.8 sec (1.99 sec encoding lightmaps, 252 ms encoding shadowmaps)
[2018.01.22-17.51.04:616][623]LogStaticLightingSystem: Lightmap texture memory:  6.0 MB (6.0 MB streaming, 0.0 MB non-streaming), 8 textures
[2018.01.22-17.51.04:616][623]LogStaticLightingSystem: Shadowmap texture memory: 1.5 MB (1.5 MB streaming, 0.0 MB non-streaming), 3 textures
[2018.01.22-17.51.04:863][623]DumpUnbuiltLightIteractions
[2018.01.22-17.51.04:864][623]Lights with unbuilt interactions: 0
[2018.01.22-17.51.04:864][623]
[2018.01.22-17.51.04:864][623]Primitives with unbuilt interactions: 0
[2018.01.22-17.51.04:904][624]Cmd: MAP CHECK NOTIFYRESULTS
[2018.01.22-17.51.04:904][624]MapCheck: New page: ThirdPersonExampleMap - Jan 22, 2018, 7:51:04 AM
[2018.01.22-17.51.05:142][624]MapCheck: Map check complete: 0 Error(s), 0 Warning(s), took 238.072ms to complete.
[2018.01.22-17.51.28:243][125]LogEditorViewport: Clicking on Actor (LMB): StaticMeshActor (Wall7)
[2018.01.22-17.51.30:228][166]LogEditorViewport: Clicking on Actor (LMB): StaticMeshActor (Cube8)
[2018.01.22-17.51.31:746][197]LogEditorViewport: Clicking on Actor (CTRL LMB): StaticMeshActor (Cube7)
[2018.01.22-17.51.32:261][206]LogEditorViewport: Clicking on Actor (CTRL LMB): StaticMeshActor (Cube9)
[2018.01.22-17.52.00:205][821]LogEditorViewport: Clicking on Actor (LMB): StaticMeshActor (Cube5)
[2018.01.22-17.52.32:151][592]MapCheck: New page: Map Check
[2018.01.22-17.52.32:166][592]LightingResults: New page: Lighting Build - Jan 22, 2018, 7:52:32 AM
[2018.01.22-17.52.32:179][592]LogSwarmInterface: [OpenConnection] Registering TCP channel ...
[2018.01.22-17.52.32:179][592]LogSwarmInterface: [OpenConnection] Connecting to agent ...
[2018.01.22-17.52.32:179][592]LogSwarmInterface: [TryOpenConnection] Testing the Agent
[2018.01.22-17.52.32:180][592]LogSwarmInterface: [TryOpenConnection] Opening Connection to Agent
[2018.01.22-17.52.32:180][592]LogSwarmInterface: [TryOpenConnection] Local Process ID is 5948
[2018.01.22-17.52.36:693][592]LogStaticLightingSystem: Running Lightmass w/ ImmediateImport mode ENABLED
[2018.01.22-17.52.36:693][592]LogStaticLightingSystem: Running Lightmass w/ ImmediateProcess mode ENABLED
[2018.01.22-17.52.36:693][592]LogStaticLightingSystem: Running Lightmass w/ Sorting mode ENABLED
[2018.01.22-17.52.36:693][592]LogStaticLightingSystem: Running Lightmass w/ Mapping paddings ENABLED
[2018.01.22-17.52.36:693][592]LogStaticLightingSystem: Running Lightmass w/ Mapping debug paddings DISABLED
[2018.01.22-17.52.36:821][592]LogEditorBuildUtils: Build time 0:04
[2018.01.22-17.52.46:524][799]Job is a success!
[2018.01.22-17.52.46:701][800]LogVolumetricLightmapImport: Imported Volumetric Lightmap in 0.007s
[2018.01.22-17.52.46:701][800]LogVolumetricLightmapImport:      Indirection Texture 16x16x16 = 0.0Mb
[2018.01.22-17.52.46:701][800]LogVolumetricLightmapImport:      BrickData 345x5x5 = 0.3Mb
[2018.01.22-17.52.46:701][800]LogVolumetricLightmapImport:      Bricks at Level
[2018.01.22-17.52.46:701][800]LogVolumetricLightmapImport:          0: 1.4% covering 100.0% of volume
[2018.01.22-17.52.46:701][800]LogVolumetricLightmapImport:          1: 5.8% covering 6.3% of volume
[2018.01.22-17.52.46:701][800]LogVolumetricLightmapImport:          2: 92.8% covering 1.6% of volume
[2018.01.22-17.52.48:697][800]LogTexture: Display: Building textures: SkyOcclusion0_1 (AutoDXT, 1024X512)
[2018.01.22-17.52.48:697][800]LogTexture: Display: Building textures: HQ_Lightmap0_1 (AutoDXT, 1024X1024)
[2018.01.22-17.52.48:697][800]LogTexture: Display: Building textures: LQ_Lightmap_0_1 (DXT1, 1024X1024)
[2018.01.22-17.52.48:697][800]LogTexture: Display: Building textures: SkyOcclusion0_2 (AutoDXT, 1024X512)
[2018.01.22-17.52.48:697][800]LogTexture: Display: Building textures: HQ_Lightmap0_2 (AutoDXT, 1024X1024)
[2018.01.22-17.52.48:697][800]LogTexture: Display: Building textures: LQ_Lightmap_0_2 (DXT1, 1024X1024)
[2018.01.22-17.52.48:697][800]LogTexture: Display: Building textures: SkyOcclusion0_3 (AutoDXT, 512X256)
[2018.01.22-17.52.48:697][800]LogTexture: Display: Building textures: HQ_Lightmap0_3 (AutoDXT, 512X512)
[2018.01.22-17.52.48:697][800]LogTexture: Display: Building textures: LQ_Lightmap_0_3 (DXT1, 512X512)
[2018.01.22-17.52.48:697][800]LogTexture: Display: Building textures: SkyOcclusion0_4 (AutoDXT, 64X32)
[2018.01.22-17.52.48:697][800]LogTexture: Display: Building textures: HQ_Lightmap0_4 (AutoDXT, 64X64)
[2018.01.22-17.52.48:697][800]LogTexture: Display: Building textures: LQ_Lightmap_0_4 (DXT1, 64X64)
[2018.01.22-17.52.48:898][800]LogTexture: Display: Building textures: ShadowMapTexture2D_8 (G8, 32X32)
[2018.01.22-17.52.48:898][800]LogTexture: Display: Building textures: ShadowMapTexture2D_7 (G8, 1024X128)
[2018.01.22-17.52.48:899][800]LogTexture: Display: Building textures: ShadowMapTexture2D_6 (G8, 1024X1024)
[2018.01.22-17.52.48:957][800]Lightmass on JMH-RM116-02: 11.0 sec total, 127 ms importing, 84 ms setup, 1.25 sec photons, 9.49 sec processing, 0 ms extra exporting [33/33 mappings]. Threads: 37.9 sec total, 19.5 sec processing.
[2018.01.22-17.52.48:966][800]LogStaticLightingSystem: Illumination: 16.6 sec (1.91 sec encoding lightmaps, 230 ms encoding shadowmaps)
[2018.01.22-17.52.48:966][800]LogStaticLightingSystem: Lightmap texture memory:  6.0 MB (6.0 MB streaming, 0.0 MB non-streaming), 8 textures
[2018.01.22-17.52.48:966][800]LogStaticLightingSystem: Shadowmap texture memory: 1.5 MB (1.5 MB streaming, 0.0 MB non-streaming), 3 textures
[2018.01.22-17.52.49:696][800]DumpUnbuiltLightIteractions
[2018.01.22-17.52.49:697][800]Lights with unbuilt interactions: 0
[2018.01.22-17.52.49:697][800]
[2018.01.22-17.52.49:697][800]Primitives with unbuilt interactions: 0
[2018.01.22-17.52.49:718][801]Cmd: MAP CHECK NOTIFYRESULTS
[2018.01.22-17.52.49:718][801]MapCheck: New page: ThirdPersonExampleMap - Jan 22, 2018, 7:52:49 AM
[2018.01.22-17.52.49:795][801]MapCheck: Map check complete: 0 Error(s), 0 Warning(s), took 76.423ms to complete.
[2018.01.22-17.52.57:303][965]LogEditorViewport: Clicking on Actor (LMB): TargetPoint (TargetPoint2)
[2018.01.22-17.52.58:207][983]LogEditorViewport: Clicking on Actor (LMB): StaticMeshActor (Cube7)
[2018.01.22-17.52.59:400][  7]Cmd: EDIT COPY
[2018.01.22-17.52.59:753][ 15]Cmd: EDIT PASTE
[2018.01.22-17.53.08:650][204]LogActorFactory: Actor Factory created Cube
[2018.01.22-17.53.10:662][255]LogActorFactory: Actor Factory created Cube
[2018.01.22-17.53.13:077][308]Cmd: DELETE
[2018.01.22-17.53.13:077][308]Cmd: ACTOR DELETE
[2018.01.22-17.53.13:168][308]LogEditorActor: Deleted Actor: StaticMeshActor
[2018.01.22-17.53.13:182][308]LogEditorActor: Deleted 1 Actors (0.105 secs)
[2018.01.22-17.53.13:651][319]LogEditorViewport: Clicking on Actor (LMB): StaticMeshActor (Cube10)
[2018.01.22-17.53.14:740][342]Cmd: EDIT PASTE
[2018.01.22-17.53.33:787][754]LogEditorViewport: Clicking on Actor (LMB): StaticMeshActor (Cube11)
[2018.01.22-17.53.35:640][792]LogEditorViewport: Clicking on Actor (CTRL LMB): StaticMeshActor (Cube11)
[2018.01.22-17.53.36:332][806]LogEditorViewport: Clicking on Actor (LMB): StaticMeshActor (Cube10)
[2018.01.22-17.53.37:679][834]LogEditorViewport: Clicking on Actor (CTRL LMB): StaticMeshActor (Cube11)
[2018.01.22-17.53.39:805][880]Cmd: EDIT COPY
[2018.01.22-17.53.40:223][889]Cmd: EDIT PASTE
[2018.01.22-17.53.48:025][ 56]LogEditorViewport: Clicking on Actor (LMB): BP_Sky_Sphere_C (SkySphereBlueprint)
[2018.01.22-17.53.48:822][ 71]LogEditorViewport: Clicking on Actor (LMB): StaticMeshActor (Cube13)
[2018.01.22-17.53.50:232][ 99]LogEditorViewport: Clicking on Actor (CTRL LMB): StaticMeshActor (Cube12)
[2018.01.22-17.53.53:665][174]Cmd: EDIT COPY
[2018.01.22-17.53.54:089][183]Cmd: EDIT PASTE
[2018.01.22-17.54.10:219][528]Cmd: EDIT COPY
[2018.01.22-17.54.10:663][538]Cmd: EDIT PASTE
[2018.01.22-17.54.31:872][993]LogEditorViewport: Clicking on Actor (LMB): StaticMeshActor (Cube10)
[2018.01.22-17.54.34:445][ 46]LogEditorViewport: Clicking on Actor (CTRL LMB): StaticMeshActor (Cube11)
[2018.01.22-17.54.35:295][ 62]LogEditorViewport: Clicking on Actor (CTRL LMB): StaticMeshActor (Cube12)
[2018.01.22-17.54.35:966][ 75]LogEditorViewport: Clicking on Actor (CTRL LMB): StaticMeshActor (Cube13)
[2018.01.22-17.54.36:885][ 93]LogEditorViewport: Clicking on Actor (CTRL LMB): StaticMeshActor (Cube14)
[2018.01.22-17.54.37:747][110]LogEditorViewport: Clicking on Actor (CTRL LMB): StaticMeshActor (Cube15)
[2018.01.22-17.54.38:585][126]LogEditorViewport: Clicking on Actor (CTRL LMB): StaticMeshActor (Cube16)
[2018.01.22-17.54.39:737][149]LogEditorViewport: Clicking on Actor (CTRL LMB): StaticMeshActor (Cube17)
[2018.01.22-17.55.18:241][ 16]LogEditorViewport: Clicking on Actor (context menu): BP_Sky_Sphere_C (SkySphereBlueprint)
[2018.01.22-17.55.19:235][ 46]LogEditorViewport: Clicking on Actor (LMB): BP_Sky_Sphere_C (SkySphereBlueprint)
[2018.01.22-17.55.20:472][ 66]LogEditorViewport: Clicking on Actor (CTRL LMB): StaticMeshActor (Cube10)
[2018.01.22-17.55.21:020][ 75]LogEditorViewport: Clicking on Actor (CTRL LMB): StaticMeshActor (Cube11)
[2018.01.22-17.55.22:122][ 80]LogSavePackage: Save=417.17ms
[2018.01.22-17.55.22:122][ 80]LogSavePackage: Moving '../../../../../../Documents/GitHub/UE4-FPS-Project/fpstutorial/Saved/ThirdPersonExampleMap_Auto1D91FD61B47791C237B06F3BA1199F10B.tmp' to '../../../../../../Documents/GitHub/UE4-FPS-Project/fpstutorial/Saved/Autosaves/Game/ThirdPersonBP/Maps/ThirdPersonExampleMap_Auto1.umap'
[2018.01.22-17.55.22:123][ 80]LogSavePackage: Display: Finished SavePackage ../../../../../../Documents/GitHub/UE4-FPS-Project/fpstutorial/Saved/Autosaves/Game/ThirdPersonBP/Maps/ThirdPersonExampleMap_Auto1.umap
[2018.01.22-17.55.22:128][ 80]LogFileHelpers: Editor autosave (incl. sublevels) for '/Game/ThirdPersonBP/Maps/ThirdPersonExampleMap' took 0.701
[2018.01.22-17.55.22:128][ 80]LogFileHelpers: Editor autosave (incl. sublevels) for all levels took 0.701
[2018.01.22-17.55.22:155][ 80]OBJ SavePackage: Generating thumbnails for [0] asset(s) in package [/Game/ThirdPersonBP/Maps/ThirdPersonExampleMap_BuiltData] ([1] browsable assets)...
[2018.01.22-17.55.22:155][ 80]OBJ SavePackage: Finished generating thumbnails for package [/Game/ThirdPersonBP/Maps/ThirdPersonExampleMap_BuiltData]
[2018.01.22-17.55.22:291][ 80]LogSavePackage: Save=40.27ms
[2018.01.22-17.55.22:291][ 80]LogSavePackage: Moving '../../../../../../Documents/GitHub/UE4-FPS-Project/fpstutorial/Saved/ThirdPersonExampleMap_BuiltData_7398C60F4F3E88407074E9B95CBFA974.tmp' to '../../../../../../Documents/GitHub/UE4-FPS-Project/fpstutorial/Saved/Autosaves/Game/ThirdPersonBP/Maps/ThirdPersonExampleMap_BuiltData_Auto1.uasset'
[2018.01.22-17.55.22:292][ 80]LogSavePackage: Display: Finished SavePackage ../../../../../../Documents/GitHub/UE4-FPS-Project/fpstutorial/Saved/Autosaves/Game/ThirdPersonBP/Maps/ThirdPersonExampleMap_BuiltData_Auto1.uasset
[2018.01.22-17.55.22:292][ 80]LogFileHelpers: Auto-saving content packages took 0.139
[2018.01.22-17.55.24:536][123]LogEditorViewport: Clicking on Actor (CTRL LMB): StaticMeshActor (Cube12)
[2018.01.22-17.55.25:927][150]LogEditorViewport: Clicking on Actor (CTRL LMB): StaticMeshActor (Cube13)
[2018.01.22-17.55.26:741][165]LogEditorViewport: Clicking on Actor (CTRL LMB): StaticMeshActor (Cube14)
[2018.01.22-17.55.27:782][185]LogEditorViewport: Clicking on Actor (CTRL LMB): StaticMeshActor (Cube15)
[2018.01.22-17.55.28:909][208]LogEditorViewport: Clicking on Actor (CTRL LMB): StaticMeshActor (Cube16)
[2018.01.22-17.55.29:707][223]LogEditorViewport: Clicking on Actor (CTRL LMB): StaticMeshActor (Cube17)
[2018.01.22-17.55.34:248][316]Cmd: EDIT COPY
[2018.01.22-17.55.34:804][328]Cmd: EDIT PASTE
[2018.01.22-17.55.56:106][748]Cmd: TRANSACTION UNDO
[2018.01.22-17.55.56:106][748]LogEditorTransaction: Undo Rotate Actors
[2018.01.22-17.55.57:514][802]Cmd: EDIT COPY
[2018.01.22-17.56.25:081][343]LogEditorViewport: Clicking on Actor (LMB): StaticMeshActor (Cube12)
[2018.01.22-17.56.26:973][381]Cmd: EDIT COPY
[2018.01.22-17.56.27:875][401]Cmd: EDIT PASTE
[2018.01.22-17.56.54:971][965]Cmd: EDIT COPY
[2018.01.22-17.56.55:360][973]Cmd: EDIT PASTE
[2018.01.22-17.57.20:843][811]MapCheck: New page: Map Check
[2018.01.22-17.57.20:855][811]LightingResults: New page: Lighting Build - Jan 22, 2018, 7:57:20 AM
[2018.01.22-17.57.20:868][811]LogSwarmInterface: [OpenConnection] Registering TCP channel ...
[2018.01.22-17.57.20:869][811]LogSwarmInterface: [OpenConnection] Connecting to agent ...
[2018.01.22-17.57.20:869][811]LogSwarmInterface: [TryOpenConnection] Testing the Agent
[2018.01.22-17.57.20:870][811]LogSwarmInterface: [TryOpenConnection] Opening Connection to Agent
[2018.01.22-17.57.20:870][811]LogSwarmInterface: [TryOpenConnection] Local Process ID is 5948
[2018.01.22-17.57.25:382][811]LogStaticLightingSystem: Running Lightmass w/ ImmediateImport mode ENABLED
[2018.01.22-17.57.25:382][811]LogStaticLightingSystem: Running Lightmass w/ ImmediateProcess mode ENABLED
[2018.01.22-17.57.25:382][811]LogStaticLightingSystem: Running Lightmass w/ Sorting mode ENABLED
[2018.01.22-17.57.25:383][811]LogStaticLightingSystem: Running Lightmass w/ Mapping paddings ENABLED
[2018.01.22-17.57.25:383][811]LogStaticLightingSystem: Running Lightmass w/ Mapping debug paddings DISABLED
[2018.01.22-17.57.25:542][811]LogEditorBuildUtils: Build time 0:04
[2018.01.22-17.57.35:885][ 36]Job is a success!
[2018.01.22-17.57.36:037][ 37]LogVolumetricLightmapImport: Imported Volumetric Lightmap in 0.008s
[2018.01.22-17.57.36:037][ 37]LogVolumetricLightmapImport:      Indirection Texture 16x16x16 = 0.0Mb
[2018.01.22-17.57.36:037][ 37]LogVolumetricLightmapImport:      BrickData 350x5x5 = 0.3Mb
[2018.01.22-17.57.36:037][ 37]LogVolumetricLightmapImport:      Bricks at Level
[2018.01.22-17.57.36:037][ 37]LogVolumetricLightmapImport:          0: 1.4% covering 100.0% of volume
[2018.01.22-17.57.36:037][ 37]LogVolumetricLightmapImport:          1: 5.7% covering 6.3% of volume
[2018.01.22-17.57.36:037][ 37]LogVolumetricLightmapImport:          2: 92.9% covering 1.6% of volume
[2018.01.22-17.57.38:316][ 37]LogTexture: Display: Building textures: HQ_Lightmap1_1 (AutoDXT, 1024X1024)
[2018.01.22-17.57.38:316][ 37]LogTexture: Display: Building textures: SkyOcclusion1_1 (AutoDXT, 1024X512)
[2018.01.22-17.57.38:316][ 37]LogTexture: Display: Building textures: LQ_Lightmap_1_1 (DXT1, 1024X1024)
[2018.01.22-17.57.38:316][ 37]LogTexture: Display: Building textures: SkyOcclusion1_2 (AutoDXT, 1024X512)
[2018.01.22-17.57.38:316][ 37]LogTexture: Display: Building textures: HQ_Lightmap1_2 (AutoDXT, 1024X1024)
[2018.01.22-17.57.38:316][ 37]LogTexture: Display: Building textures: LQ_Lightmap_1_2 (DXT1, 1024X1024)
[2018.01.22-17.57.38:316][ 37]LogTexture: Display: Building textures: SkyOcclusion1_3 (AutoDXT, 1024X512)
[2018.01.22-17.57.38:316][ 37]LogTexture: Display: Building textures: HQ_Lightmap1_3 (AutoDXT, 1024X1024)
[2018.01.22-17.57.38:316][ 37]LogTexture: Display: Building textures: LQ_Lightmap_1_3 (DXT1, 1024X1024)
[2018.01.22-17.57.38:316][ 37]LogTexture: Display: Building textures: SkyOcclusion1_4 (AutoDXT, 64X32)
[2018.01.22-17.57.38:316][ 37]LogTexture: Display: Building textures: HQ_Lightmap1_4 (AutoDXT, 64X64)
[2018.01.22-17.57.38:316][ 37]LogTexture: Display: Building textures: LQ_Lightmap_1_4 (DXT1, 64X64)
[2018.01.22-17.57.38:316][ 37]LogTexture: Display: Building textures: SkyOcclusion0_5 (AutoDXT, 64X32)
[2018.01.22-17.57.38:316][ 37]LogTexture: Display: Building textures: HQ_Lightmap0_5 (AutoDXT, 64X64)
[2018.01.22-17.57.38:316][ 37]LogTexture: Display: Building textures: LQ_Lightmap_0_5 (DXT1, 64X64)
[2018.01.22-17.57.38:544][ 37]LogTexture: Display: Building textures: ShadowMapTexture2D_11 (G8, 32X32)
[2018.01.22-17.57.38:544][ 37]LogTexture: Display: Building textures: ShadowMapTexture2D_12 (G8, 32X32)
[2018.01.22-17.57.38:544][ 37]LogTexture: Display: Building textures: ShadowMapTexture2D_10 (G8, 1024X256)
[2018.01.22-17.57.38:544][ 37]LogTexture: Display: Building textures: ShadowMapTexture2D_9 (G8, 1024X1024)
[2018.01.22-17.57.38:573][ 37]Lightmass on JMH-RM116-02: 11.9 sec total, 141 ms importing, 19 ms setup, 1.32 sec photons, 10.3 sec processing, 0 ms extra exporting [52/52 mappings]. Threads: 41.4 sec total, 21.4 sec processing.
[2018.01.22-17.57.38:581][ 37]LogStaticLightingSystem: Illumination: 17.6 sec (2.19 sec encoding lightmaps, 224 ms encoding shadowmaps)
[2018.01.22-17.57.38:581][ 37]LogStaticLightingSystem: Lightmap texture memory:  8.0 MB (8.0 MB streaming, 0.0 MB non-streaming), 10 textures
[2018.01.22-17.57.38:581][ 37]LogStaticLightingSystem: Shadowmap texture memory: 1.7 MB (1.7 MB streaming, 0.0 MB non-streaming), 4 textures
[2018.01.22-17.57.39:384][ 37]DumpUnbuiltLightIteractions
[2018.01.22-17.57.39:384][ 37]Lights with unbuilt interactions: 0
[2018.01.22-17.57.39:384][ 37]
[2018.01.22-17.57.39:384][ 37]Primitives with unbuilt interactions: 0
[2018.01.22-17.57.39:404][ 38]Cmd: MAP CHECK NOTIFYRESULTS
[2018.01.22-17.57.39:405][ 38]MapCheck: New page: ThirdPersonExampleMap - Jan 22, 2018, 7:57:39 AM
[2018.01.22-17.57.39:490][ 38]MapCheck: Map check complete: 0 Error(s), 0 Warning(s), took 85.805ms to complete.
[2018.01.22-18.05.26:459][268]LogSavePackage: Save=410.27ms
[2018.01.22-18.05.26:460][268]LogSavePackage: Moving '../../../../../../Documents/GitHub/UE4-FPS-Project/fpstutorial/Saved/ThirdPersonExampleMap_Auto2BB64AE044C9209164E4D88B2F88AD75C.tmp' to '../../../../../../Documents/GitHub/UE4-FPS-Project/fpstutorial/Saved/Autosaves/Game/ThirdPersonBP/Maps/ThirdPersonExampleMap_Auto2.umap'
[2018.01.22-18.05.26:462][268]LogSavePackage: Display: Finished SavePackage ../../../../../../Documents/GitHub/UE4-FPS-Project/fpstutorial/Saved/Autosaves/Game/ThirdPersonBP/Maps/ThirdPersonExampleMap_Auto2.umap
[2018.01.22-18.05.26:464][268]LogFileHelpers: Editor autosave (incl. sublevels) for '/Game/ThirdPersonBP/Maps/ThirdPersonExampleMap' took 0.446
[2018.01.22-18.05.26:464][268]LogFileHelpers: Editor autosave (incl. sublevels) for all levels took 0.446
[2018.01.22-18.05.26:467][268]OBJ SavePackage: Generating thumbnails for [0] asset(s) in package [/Game/ThirdPersonBP/Maps/ThirdPersonExampleMap_BuiltData] ([1] browsable assets)...
[2018.01.22-18.05.26:467][268]OBJ SavePackage: Finished generating thumbnails for package [/Game/ThirdPersonBP/Maps/ThirdPersonExampleMap_BuiltData]
[2018.01.22-18.05.26:517][268]LogSavePackage: Save=35.68ms
[2018.01.22-18.05.26:517][268]LogSavePackage: Moving '../../../../../../Documents/GitHub/UE4-FPS-Project/fpstutorial/Saved/ThirdPersonExampleMap_BuiltData_84D028B64BC0EC997F18BD8B966D99DF.tmp' to '../../../../../../Documents/GitHub/UE4-FPS-Project/fpstutorial/Saved/Autosaves/Game/ThirdPersonBP/Maps/ThirdPersonExampleMap_BuiltData_Auto2.uasset'
[2018.01.22-18.05.26:517][268]LogSavePackage: Display: Finished SavePackage ../../../../../../Documents/GitHub/UE4-FPS-Project/fpstutorial/Saved/Autosaves/Game/ThirdPersonBP/Maps/ThirdPersonExampleMap_BuiltData_Auto2.uasset
[2018.01.22-18.05.26:518][268]LogFileHelpers: Auto-saving content packages took 0.051
[2018.01.22-18.05.57:897][950]LogEditorViewport: Clicking on Actor (LMB): StaticMeshActor (Cube18)
[2018.01.22-18.05.58:917][972]Cmd: EDIT COPY
[2018.01.22-18.05.59:277][980]Cmd: EDIT PASTE
[2018.01.22-18.06.08:037][174]Cmd: EDIT COPY
[2018.01.22-18.06.08:313][180]Cmd: EDIT PASTE
[2018.01.22-18.06.13:027][283]Cmd: EDIT COPY
[2018.01.22-18.06.13:286][289]Cmd: EDIT PASTE
[2018.01.22-18.06.20:607][447]Cmd: EDIT COPY
[2018.01.22-18.06.20:806][451]Cmd: EDIT PASTE
[2018.01.22-18.06.28:927][626]LogSlate: Took 0.052539 seconds to synchronously load lazily loaded font '../../../Engine/Content/Editor/Slate/Fonts/Roboto-Italic.ttf' (157K)
[2018.01.22-18.06.42:619][930]Cmd: EDIT COPY
[2018.01.22-18.06.44:860][980]Cmd: EDIT PASTE
[2018.01.22-18.06.53:177][160]Cmd: EDIT COPY
[2018.01.22-18.06.53:496][167]Cmd: EDIT PASTE
[2018.01.22-18.07.07:277][462]Cmd: EDIT COPY
[2018.01.22-18.07.07:860][475]Cmd: EDIT PASTE
[2018.01.22-18.07.23:761][817]Cmd: EDIT COPY
[2018.01.22-18.07.24:473][832]Cmd: EDIT PASTE
[2018.01.22-18.07.32:505][999]LogEditorViewport: Clicking on Actor (LMB): StaticMeshActor (Wall7)
[2018.01.22-18.10.07:201][359]LogEditorViewport: Clicking on Actor (LMB): StaticMeshActor (Cube35)
[2018.01.22-18.10.08:280][380]Cmd: EDIT COPY
[2018.01.22-18.10.09:213][400]Cmd: EDIT PASTE
[2018.01.22-18.10.15:961][545]Cmd: EDIT COPY
[2018.01.22-18.10.16:360][554]Cmd: EDIT PASTE
[2018.01.22-18.10.22:819][691]Cmd: EDIT COPY
[2018.01.22-18.10.23:096][697]Cmd: EDIT PASTE
[2018.01.22-18.10.31:634][896]MapCheck: New page: Map Check
[2018.01.22-18.10.31:649][896]LightingResults: New page: Lighting Build - Jan 22, 2018, 8:10:31 AM
[2018.01.22-18.10.31:661][896]LogSwarmInterface: [OpenConnection] Registering TCP channel ...
[2018.01.22-18.10.31:662][896]LogSwarmInterface: [OpenConnection] Connecting to agent ...
[2018.01.22-18.10.31:663][896]LogSwarmInterface: [TryOpenConnection] Testing the Agent
[2018.01.22-18.10.31:663][896]LogSwarmInterface: [TryOpenConnection] Opening Connection to Agent
[2018.01.22-18.10.31:664][896]LogSwarmInterface: [TryOpenConnection] Local Process ID is 5948
[2018.01.22-18.10.36:175][896]LogStaticLightingSystem: Running Lightmass w/ ImmediateImport mode ENABLED
[2018.01.22-18.10.36:175][896]LogStaticLightingSystem: Running Lightmass w/ ImmediateProcess mode ENABLED
[2018.01.22-18.10.36:175][896]LogStaticLightingSystem: Running Lightmass w/ Sorting mode ENABLED
[2018.01.22-18.10.36:176][896]LogStaticLightingSystem: Running Lightmass w/ Mapping paddings ENABLED
[2018.01.22-18.10.36:176][896]LogStaticLightingSystem: Running Lightmass w/ Mapping debug paddings DISABLED
[2018.01.22-18.10.36:301][896]LogEditorBuildUtils: Build time 0:04
[2018.01.22-18.10.44:058][ 66]LogEditorViewport: Clicking on Actor (LMB): StaticMeshActor (Cube5)
[2018.01.22-18.10.44:947][ 84]LogEditorViewport: Clicking on Actor (CTRL LMB): StaticMeshActor (Cube6)
[2018.01.22-18.10.45:583][ 95]LogEditorViewport: Clicking on Actor (CTRL LMB): StaticMeshActor (Cube3)
[2018.01.22-18.10.46:060][104]LogEditorViewport: Clicking on Actor (CTRL LMB): StaticMeshActor (Cube4)
[2018.01.22-18.10.46:507][113]Job is a success!
[2018.01.22-18.10.46:697][114]LogVolumetricLightmapImport: Imported Volumetric Lightmap in 0.008s
[2018.01.22-18.10.46:697][114]LogVolumetricLightmapImport:      Indirection Texture 16x16x16 = 0.0Mb
[2018.01.22-18.10.46:697][114]LogVolumetricLightmapImport:      BrickData 350x5x5 = 0.3Mb
[2018.01.22-18.10.46:697][114]LogVolumetricLightmapImport:      Bricks at Level
[2018.01.22-18.10.46:697][114]LogVolumetricLightmapImport:          0: 1.4% covering 100.0% of volume
[2018.01.22-18.10.46:697][114]LogVolumetricLightmapImport:          1: 5.7% covering 6.3% of volume
[2018.01.22-18.10.46:697][114]LogVolumetricLightmapImport:          2: 92.9% covering 1.6% of volume
[2018.01.22-18.10.48:991][114]LogTexture: Display: Building textures: SkyOcclusion0_1 (AutoDXT, 1024X512)
[2018.01.22-18.10.48:991][114]LogTexture: Display: Building textures: HQ_Lightmap0_1 (AutoDXT, 1024X1024)
[2018.01.22-18.10.48:991][114]LogTexture: Display: Building textures: LQ_Lightmap_0_1 (DXT1, 1024X1024)
[2018.01.22-18.10.48:991][114]LogTexture: Display: Building textures: SkyOcclusion0_2 (AutoDXT, 1024X512)
[2018.01.22-18.10.48:991][114]LogTexture: Display: Building textures: HQ_Lightmap0_2 (AutoDXT, 1024X1024)
[2018.01.22-18.10.48:991][114]LogTexture: Display: Building textures: LQ_Lightmap_0_2 (DXT1, 1024X1024)
[2018.01.22-18.10.48:991][114]LogTexture: Display: Building textures: SkyOcclusion0_3 (AutoDXT, 1024X512)
[2018.01.22-18.10.48:991][114]LogTexture: Display: Building textures: HQ_Lightmap0_3 (AutoDXT, 1024X1024)
[2018.01.22-18.10.48:991][114]LogTexture: Display: Building textures: LQ_Lightmap_0_3 (DXT1, 1024X1024)
[2018.01.22-18.10.48:991][114]LogTexture: Display: Building textures: SkyOcclusion0_4 (AutoDXT, 64X32)
[2018.01.22-18.10.48:991][114]LogTexture: Display: Building textures: HQ_Lightmap0_4 (AutoDXT, 64X64)
[2018.01.22-18.10.48:991][114]LogTexture: Display: Building textures: LQ_Lightmap_0_4 (DXT1, 64X64)
[2018.01.22-18.10.48:991][114]LogTexture: Display: Building textures: SkyOcclusion1_5 (AutoDXT, 64X32)
[2018.01.22-18.10.48:991][114]LogTexture: Display: Building textures: HQ_Lightmap1_5 (AutoDXT, 64X64)
[2018.01.22-18.10.48:992][114]LogTexture: Display: Building textures: LQ_Lightmap_1_5 (DXT1, 64X64)
[2018.01.22-18.10.49:192][114]LogTexture: Display: Building textures: ShadowMapTexture2D_16 (G8, 32X32)
[2018.01.22-18.10.49:192][114]LogTexture: Display: Building textures: ShadowMapTexture2D_15 (G8, 32X32)
[2018.01.22-18.10.49:192][114]LogTexture: Display: Building textures: ShadowMapTexture2D_14 (G8, 1024X256)
[2018.01.22-18.10.49:227][114]LogTexture: Display: Building textures: ShadowMapTexture2D_13 (G8, 1024X1024)
[2018.01.22-18.10.49:251][114]Lightmass on JMH-RM116-02: 12.1 sec total, 135 ms importing, 19 ms setup, 1.33 sec photons, 10.6 sec processing, 0 ms extra exporting [63/63 mappings]. Threads: 42.4 sec total, 22.0 sec processing.
[2018.01.22-18.10.49:262][114]LogStaticLightingSystem: Illumination: 17.5 sec (2.20 sec encoding lightmaps, 228 ms encoding shadowmaps)
[2018.01.22-18.10.49:262][114]LogStaticLightingSystem: Lightmap texture memory:  8.0 MB (8.0 MB streaming, 0.0 MB non-streaming), 10 textures
[2018.01.22-18.10.49:262][114]LogStaticLightingSystem: Shadowmap texture memory: 1.7 MB (1.7 MB streaming, 0.0 MB non-streaming), 4 textures
[2018.01.22-18.10.50:178][114]DumpUnbuiltLightIteractions
[2018.01.22-18.10.50:178][114]Lights with unbuilt interactions: 0
[2018.01.22-18.10.50:179][114]
[2018.01.22-18.10.50:179][114]Primitives with unbuilt interactions: 0
[2018.01.22-18.10.50:203][115]Cmd: MAP CHECK NOTIFYRESULTS
[2018.01.22-18.10.50:203][115]MapCheck: New page: ThirdPersonExampleMap - Jan 22, 2018, 8:10:50 AM
[2018.01.22-18.10.50:268][115]MapCheck: Map check complete: 0 Error(s), 0 Warning(s), took 65.133ms to complete.
[2018.01.22-18.10.51:771][143]LogEditorViewport: Clicking on Actor (CTRL LMB): StaticMeshActor (Cube)
[2018.01.22-18.10.52:550][157]LogEditorViewport: Clicking on Actor (CTRL LMB): StaticMeshActor (Cube2)
[2018.01.22-18.10.53:148][168]LogEditorViewport: Clicking on Actor (CTRL LMB): StaticMeshActor (Cube8)
[2018.01.22-18.10.54:705][201]LogEditorViewport: Clicking on Actor (CTRL LMB): StaticMeshActor (Cube7)
[2018.01.22-18.10.55:657][220]LogEditorViewport: Clicking on Actor (CTRL LMB): StaticMeshActor (Cube9)
[2018.01.22-18.10.58:034][273]Cmd: EDIT COPY
[2018.01.22-18.11.02:558][372]Cmd: TRANSACTION UNDO
[2018.01.22-18.11.02:558][372]LogEditorTransaction: Undo Move Actors
[2018.01.22-18.11.02:612][372]LogActorComponent: ~FComponentReregisterContext: (/Game/ThirdPersonBP/Maps/ThirdPersonExampleMap.ThirdPersonExampleMap:PersistentLevel.Cube7.StaticMeshComponent0) Component already registered.
[2018.01.22-18.11.04:295][433]Cmd: EDIT COPY
[2018.01.22-18.11.04:592][439]Cmd: EDIT PASTE
[2018.01.22-18.11.09:635][546]LogEditorViewport: Clicking on Actor (context menu): BP_Sky_Sphere_C (SkySphereBlueprint2)
[2018.01.22-18.11.10:516][562]LogEditorViewport: Clicking on Actor (context menu): BP_Sky_Sphere_C (SkySphereBlueprint2)
[2018.01.22-18.11.17:351][714]LogEditorViewport: Clicking on Actor (CTRL LMB): StaticMeshActor (Cube18)
[2018.01.22-18.11.19:145][748]LogEditorViewport: Clicking on Actor (CTRL LMB): StaticMeshActor (Cube20)
[2018.01.22-18.11.20:869][782]LogEditorViewport: Clicking on Actor (CTRL LMB): StaticMeshActor (Cube19)
[2018.01.22-18.11.22:430][812]LogEditorViewport: Clicking on Actor (CTRL LMB): StaticMeshActor (Cube22)
[2018.01.22-18.11.24:419][851]LogEditorViewport: Clicking on Actor (CTRL LMB): StaticMeshActor (Cube21)
[2018.01.22-18.11.25:979][881]LogEditorViewport: Clicking on Actor (CTRL LMB): StaticMeshActor (Cube24)
[2018.01.22-18.11.27:726][915]LogEditorViewport: Clicking on Actor (CTRL LMB): StaticMeshActor (Cube23)
[2018.01.22-18.11.29:210][944]LogEditorViewport: Clicking on Actor (CTRL LMB): StaticMeshActor (Cube17)
[2018.01.22-18.11.30:487][968]LogEditorViewport: Clicking on Actor (CTRL LMB): StaticMeshActor (Cube16)
[2018.01.22-18.11.31:311][983]LogEditorViewport: Clicking on Actor (CTRL LMB): StaticMeshActor (Cube16)
[2018.01.22-18.11.32:721][ 11]LogEditorViewport: Clicking on Actor (CTRL LMB): StaticMeshActor (Cube15)
[2018.01.22-18.11.33:862][ 33]LogEditorViewport: Clicking on Actor (CTRL LMB): StaticMeshActor (Cube14)
[2018.01.22-18.11.35:204][ 60]LogEditorViewport: Clicking on Actor (CTRL LMB): StaticMeshActor (Cube13)
[2018.01.22-18.11.36:195][ 78]LogEditorViewport: Clicking on Actor (CTRL LMB): StaticMeshActor (Cube12)
[2018.01.22-18.11.37:257][ 98]LogEditorViewport: Clicking on Actor (CTRL LMB): StaticMeshActor (Cube11)
[2018.01.22-18.11.38:159][114]LogEditorViewport: Clicking on Actor (CTRL LMB): StaticMeshActor (Cube10)
[2018.01.22-18.11.39:473][139]LogEditorViewport: Clicking on Actor (CTRL LMB): StaticMeshActor (Cube27)
[2018.01.22-18.11.40:471][157]LogEditorViewport: Clicking on Actor (CTRL LMB): StaticMeshActor (Cube26)
[2018.01.22-18.11.43:865][225]Cmd: EDIT COPY
[2018.01.22-18.11.45:178][251]Cmd: EDIT PASTE
[2018.01.22-18.12.03:256][598]LogEditorViewport: Clicking on Actor (LMB): BP_Sky_Sphere_C (SkySphereBlueprint2)
[2018.01.22-18.12.05:042][634]LogEditorViewport: Clicking on Actor (LMB): StaticMeshActor (Cube47)
[2018.01.22-18.12.06:888][671]LogEditorViewport: Clicking on Actor (CTRL LMB): StaticMeshActor (Cube45)
[2018.01.22-18.12.07:592][684]LogEditorViewport: Clicking on Actor (CTRL LMB): StaticMeshActor (Cube46)
[2018.01.22-18.12.08:172][695]LogEditorViewport: Clicking on Actor (CTRL LMB): StaticMeshActor (Cube40)
[2018.01.22-18.12.08:752][705]LogEditorViewport: Clicking on Actor (CTRL LMB): StaticMeshActor (Cube39)
[2018.01.22-18.12.09:503][719]LogEditorViewport: Clicking on Actor (CTRL LMB): StaticMeshActor (Cube42)
[2018.01.22-18.12.10:284][734]LogEditorViewport: Clicking on Actor (CTRL LMB): StaticMeshActor (Cube41)
[2018.01.22-18.12.11:495][757]LogEditorViewport: Clicking on Actor (CTRL LMB): StaticMeshActor (Cube44)
[2018.01.22-18.12.12:384][773]LogEditorViewport: Clicking on Actor (CTRL LMB): StaticMeshActor (Cube43)
[2018.01.22-18.12.13:879][804]Cmd: EDIT COPY
[2018.01.22-18.12.15:001][828]Cmd: EDIT PASTE
[2018.01.22-18.12.24:668][ 30]Cmd: EDIT COPY
[2018.01.22-18.12.25:110][ 40]Cmd: EDIT PASTE
[2018.01.22-18.12.30:407][153]LogEditorViewport: Clicking on Actor (CTRL LMB): StaticMeshActor (Cube38)
[2018.01.22-18.12.30:954][163]LogEditorViewport: Clicking on Actor (CTRL LMB): StaticMeshActor (Cube37)
[2018.01.22-18.12.31:633][176]LogEditorViewport: Clicking on Actor (CTRL LMB): StaticMeshActor (Cube36)
[2018.01.22-18.12.32:301][189]LogEditorViewport: Clicking on Actor (CTRL LMB): StaticMeshActor (Cube35)
[2018.01.22-18.12.32:999][202]LogEditorViewport: Clicking on Actor (CTRL LMB): StaticMeshActor (Cube34)
[2018.01.22-18.12.33:537][212]LogEditorViewport: Clicking on Actor (CTRL LMB): StaticMeshActor (Cube33)
[2018.01.22-18.12.33:996][220]LogEditorViewport: Clicking on Actor (CTRL LMB): StaticMeshActor (Cube32)
[2018.01.22-18.12.34:539][230]LogEditorViewport: Clicking on Actor (CTRL LMB): StaticMeshActor (Cube31)
[2018.01.22-18.12.35:070][240]LogEditorViewport: Clicking on Actor (CTRL LMB): StaticMeshActor (Cube30)
[2018.01.22-18.12.36:016][259]LogEditorViewport: Clicking on Actor (CTRL LMB): StaticMeshActor (Cube29)
[2018.01.22-18.12.36:535][269]LogEditorViewport: Clicking on Actor (CTRL LMB): StaticMeshActor (Cube28)
[2018.01.22-18.12.40:664][358]Cmd: EDIT COPY
[2018.01.22-18.12.41:684][380]Cmd: EDIT PASTE
[2018.01.22-18.12.48:041][516]LogEditorViewport: Clicking on Actor (LMB): StaticMeshActor (Wall11)
[2018.01.22-18.12.49:171][538]LogEditorViewport: Clicking on Actor (LMB): StaticMeshActor (Cube90)
[2018.01.22-18.12.53:727][629]LogEditorViewport: Clicking on Actor (CTRL LMB): StaticMeshActor (Cube91)
[2018.01.22-18.12.54:608][646]LogEditorViewport: Clicking on Actor (CTRL LMB): StaticMeshActor (Cube92)
[2018.01.22-18.12.55:482][663]LogEditorViewport: Clicking on Actor (CTRL LMB): StaticMeshActor (Cube93)
[2018.01.22-18.12.56:291][678]LogEditorViewport: Clicking on Actor (CTRL LMB): StaticMeshActor (Cube89)
[2018.01.22-18.12.57:016][691]LogEditorViewport: Clicking on Actor (CTRL LMB): StaticMeshActor (Cube88)
[2018.01.22-18.12.57:621][701]LogEditorViewport: Clicking on Actor (CTRL LMB): StaticMeshActor (Cube87)
[2018.01.22-18.12.58:303][714]LogEditorViewport: Clicking on Actor (CTRL LMB): StaticMeshActor (Cube86)
[2018.01.22-18.12.58:879][725]LogEditorViewport: Clicking on Actor (CTRL LMB): StaticMeshActor (Cube85)
[2018.01.22-18.12.59:835][743]LogEditorViewport: Clicking on Actor (CTRL LMB): StaticMeshActor (Cube84)
[2018.01.22-18.13.00:587][757]LogEditorViewport: Clicking on Actor (CTRL LMB): StaticMeshActor (Cube83)
[2018.01.22-18.13.08:894][928]LogEditorViewport: Clicking on Actor (context menu): BP_Sky_Sphere_C (SkySphereBlueprint2)
[2018.01.22-18.13.11:216][ 26]MapCheck: New page: Map Check
[2018.01.22-18.13.11:231][ 26]LightingResults: New page: Lighting Build - Jan 22, 2018, 8:13:11 AM
[2018.01.22-18.13.11:244][ 26]LogSwarmInterface: [OpenConnection] Registering TCP channel ...
[2018.01.22-18.13.11:244][ 26]LogSwarmInterface: [OpenConnection] Connecting to agent ...
[2018.01.22-18.13.11:245][ 26]LogSwarmInterface: [TryOpenConnection] Testing the Agent
[2018.01.22-18.13.11:245][ 26]LogSwarmInterface: [TryOpenConnection] Opening Connection to Agent
[2018.01.22-18.13.11:246][ 26]LogSwarmInterface: [TryOpenConnection] Local Process ID is 5948
[2018.01.22-18.13.15:757][ 26]LogStaticLightingSystem: Running Lightmass w/ ImmediateImport mode ENABLED
[2018.01.22-18.13.15:757][ 26]LogStaticLightingSystem: Running Lightmass w/ ImmediateProcess mode ENABLED
[2018.01.22-18.13.15:757][ 26]LogStaticLightingSystem: Running Lightmass w/ Sorting mode ENABLED
[2018.01.22-18.13.15:757][ 26]LogStaticLightingSystem: Running Lightmass w/ Mapping paddings ENABLED
[2018.01.22-18.13.15:757][ 26]LogStaticLightingSystem: Running Lightmass w/ Mapping debug paddings DISABLED
[2018.01.22-18.13.15:881][ 26]LogEditorBuildUtils: Build time 0:04
[2018.01.22-18.13.27:562][242]Job is a success!
[2018.01.22-18.13.27:753][244]LogVolumetricLightmapImport: Imported Volumetric Lightmap in 0.008s
[2018.01.22-18.13.27:753][244]LogVolumetricLightmapImport:      Indirection Texture 16x16x16 = 0.0Mb
[2018.01.22-18.13.27:753][244]LogVolumetricLightmapImport:      BrickData 355x5x5 = 0.3Mb
[2018.01.22-18.13.27:753][244]LogVolumetricLightmapImport:      Bricks at Level
[2018.01.22-18.13.27:753][244]LogVolumetricLightmapImport:          0: 1.4% covering 100.0% of volume
[2018.01.22-18.13.27:753][244]LogVolumetricLightmapImport:          1: 5.6% covering 6.3% of volume
[2018.01.22-18.13.27:753][244]LogVolumetricLightmapImport:          2: 93.0% covering 1.6% of volume
[2018.01.22-18.13.30:659][244]LogTexture: Display: Building textures: SkyOcclusion1_1 (AutoDXT, 1024X512)
[2018.01.22-18.13.30:659][244]LogTexture: Display: Building textures: HQ_Lightmap1_1 (AutoDXT, 1024X1024)
[2018.01.22-18.13.30:659][244]LogTexture: Display: Building textures: LQ_Lightmap_1_1 (DXT1, 1024X1024)
[2018.01.22-18.13.30:659][244]LogTexture: Display: Building textures: SkyOcclusion1_2 (AutoDXT, 1024X512)
[2018.01.22-18.13.30:659][244]LogTexture: Display: Building textures: HQ_Lightmap1_2 (AutoDXT, 1024X1024)
[2018.01.22-18.13.30:659][244]LogTexture: Display: Building textures: LQ_Lightmap_1_2 (DXT1, 1024X1024)
[2018.01.22-18.13.30:659][244]LogTexture: Display: Building textures: SkyOcclusion1_3 (AutoDXT, 1024X512)
[2018.01.22-18.13.30:659][244]LogTexture: Display: Building textures: HQ_Lightmap1_3 (AutoDXT, 1024X1024)
[2018.01.22-18.13.30:659][244]LogTexture: Display: Building textures: LQ_Lightmap_1_3 (DXT1, 1024X1024)
[2018.01.22-18.13.30:659][244]LogTexture: Display: Building textures: SkyOcclusion1_4 (AutoDXT, 64X32)
[2018.01.22-18.13.30:659][244]LogTexture: Display: Building textures: HQ_Lightmap1_4 (AutoDXT, 64X64)
[2018.01.22-18.13.30:659][244]LogTexture: Display: Building textures: LQ_Lightmap_1_4 (DXT1, 64X64)
[2018.01.22-18.13.30:659][244]LogTexture: Display: Building textures: SkyOcclusion0_5 (AutoDXT, 64X32)
[2018.01.22-18.13.30:659][244]LogTexture: Display: Building textures: HQ_Lightmap0_5 (AutoDXT, 64X64)
[2018.01.22-18.13.30:659][244]LogTexture: Display: Building textures: LQ_Lightmap_0_5 (DXT1, 64X64)
[2018.01.22-18.13.30:659][244]LogTexture: Display: Building textures: SkyOcclusion0_6 (AutoDXT, 64X32)
[2018.01.22-18.13.30:659][244]LogTexture: Display: Building textures: HQ_Lightmap0_6 (AutoDXT, 64X64)
[2018.01.22-18.13.30:659][244]LogTexture: Display: Building textures: LQ_Lightmap_0_6 (DXT1, 64X64)
[2018.01.22-18.13.30:859][244]LogTexture: Display: Building textures: ShadowMapTexture2D_20 (G8, 32X32)
[2018.01.22-18.13.30:859][244]LogTexture: Display: Building textures: ShadowMapTexture2D_21 (G8, 32X32)
[2018.01.22-18.13.30:859][244]LogTexture: Display: Building textures: ShadowMapTexture2D_19 (G8, 32X32)
[2018.01.22-18.13.30:859][244]LogTexture: Display: Building textures: ShadowMapTexture2D_18 (G8, 1024X512)
[2018.01.22-18.13.30:897][244]LogTexture: Display: Building textures: ShadowMapTexture2D_17 (G8, 1024X1024)
[2018.01.22-18.13.30:920][244]Lightmass on JMH-RM116-02: 13.8 sec total, 129 ms importing, 26 ms setup, 1.34 sec photons, 12.2 sec processing, 0 ms extra exporting [128/128 mappings]. Threads: 48.9 sec total, 24.7 sec processing.
[2018.01.22-18.13.30:929][244]LogStaticLightingSystem: Illumination: 19.6 sec (2.79 sec encoding lightmaps, 232 ms encoding shadowmaps)
[2018.01.22-18.13.30:929][244]LogStaticLightingSystem: Lightmap texture memory:  8.0 MB (8.0 MB streaming, 0.0 MB non-streaming), 12 textures
[2018.01.22-18.13.30:929][244]LogStaticLightingSystem: Shadowmap texture memory: 2.0 MB (2.0 MB streaming, 0.0 MB non-streaming), 5 textures
[2018.01.22-18.13.31:757][244]DumpUnbuiltLightIteractions
[2018.01.22-18.13.31:757][244]Lights with unbuilt interactions: 0
[2018.01.22-18.13.31:757][244]
[2018.01.22-18.13.31:757][244]Primitives with unbuilt interactions: 0
[2018.01.22-18.13.31:781][245]Cmd: MAP CHECK NOTIFYRESULTS
[2018.01.22-18.13.31:781][245]MapCheck: New page: ThirdPersonExampleMap - Jan 22, 2018, 8:13:31 AM
[2018.01.22-18.13.31:786][245]MapCheck: Warning: Cube74 Cube74 is in the same location as Cube94 
[2018.01.22-18.13.31:787][245]MapCheck: Warning: Cube75 Cube75 is in the same location as Cube95 
[2018.01.22-18.13.31:787][245]MapCheck: Warning: Cube76 Cube76 is in the same location as Cube96 
[2018.01.22-18.13.31:787][245]MapCheck: Warning: Cube77 Cube77 is in the same location as Cube97 
[2018.01.22-18.13.31:787][245]MapCheck: Warning: Cube78 Cube78 is in the same location as Cube98 
[2018.01.22-18.13.31:788][245]MapCheck: Warning: Cube79 Cube79 is in the same location as Cube99 
[2018.01.22-18.13.31:788][245]MapCheck: Warning: Cube80 Cube80 is in the same location as Cube100 
[2018.01.22-18.13.31:788][245]MapCheck: Warning: Cube81 Cube81 is in the same location as Cube101 
[2018.01.22-18.13.31:788][245]MapCheck: Warning: Cube82 Cube82 is in the same location as Cube102 
[2018.01.22-18.13.31:789][245]MapCheck: Warning: Cube94 Cube94 is in the same location as Cube74 
[2018.01.22-18.13.31:789][245]MapCheck: Warning: Cube95 Cube95 is in the same location as Cube75 
[2018.01.22-18.13.31:789][245]MapCheck: Warning: Cube96 Cube96 is in the same location as Cube76 
[2018.01.22-18.13.31:789][245]MapCheck: Warning: Cube97 Cube97 is in the same location as Cube77 
[2018.01.22-18.13.31:790][245]MapCheck: Warning: Cube98 Cube98 is in the same location as Cube78 
[2018.01.22-18.13.31:790][245]MapCheck: Warning: Cube99 Cube99 is in the same location as Cube79 
[2018.01.22-18.13.31:790][245]MapCheck: Warning: Cube100 Cube100 is in the same location as Cube80 
[2018.01.22-18.13.31:790][245]MapCheck: Warning: Cube101 Cube101 is in the same location as Cube81 
[2018.01.22-18.13.31:791][245]MapCheck: Warning: Cube102 Cube102 is in the same location as Cube82 
[2018.01.22-18.13.31:854][245]MapCheck: Map check complete: 0 Error(s), 18 Warning(s), took 72.38ms to complete.
[2018.01.22-18.15.21:945][476]LogSavePackage: Save=483.68ms
[2018.01.22-18.15.21:945][476]LogSavePackage: Moving '../../../../../../Documents/GitHub/UE4-FPS-Project/fpstutorial/Saved/ThirdPersonExampleMap3DB4AE9D4B42BE35E47878AF1CBE8E6D.tmp' to '../../../../../../Documents/GitHub/UE4-FPS-Project/fpstutorial/Content/ThirdPersonBP/Maps/ThirdPersonExampleMap.umap'
[2018.01.22-18.15.21:954][476]LogSavePackage: Display: Finished SavePackage ../../../../../../Documents/GitHub/UE4-FPS-Project/fpstutorial/Content/ThirdPersonBP/Maps/ThirdPersonExampleMap.umap
[2018.01.22-18.15.22:415][476]LogSavePackage: Save=334.00ms
[2018.01.22-18.15.22:415][476]LogSavePackage: Moving '../../../../../../Documents/GitHub/UE4-FPS-Project/fpstutorial/Saved/ThirdPersonExampleMap_BuiltData84A5391C4473160C2EE13289F8AC23FC.tmp' to '../../../../../../Documents/GitHub/UE4-FPS-Project/fpstutorial/Content/ThirdPersonBP/Maps/ThirdPersonExampleMap_BuiltData.uasset'
[2018.01.22-18.15.22:421][476]LogSavePackage: Display: Finished SavePackage ../../../../../../Documents/GitHub/UE4-FPS-Project/fpstutorial/Content/ThirdPersonBP/Maps/ThirdPersonExampleMap_BuiltData.uasset
